# JRE version: Java(TM) SE Runtime Environment (8.0_25-b18) (build 1.8.0_25-b18)
# Java VM: Java HotSpot(TM) 64-Bit Server VM (25.25-b02 mixed mode windows-amd64 compressed oops)
Heap:
 PSYoungGen      total 150528K, used 45743K [0x00000000f5580000, 0x00000000fff80000, 0x0000000100000000)
  eden space 126464K, 30% used [0x00000000f5580000,0x00000000f7ab02e8,0x00000000fd100000)
  from space 24064K, 31% used [0x00000000fd100000,0x00000000fd87bc98,0x00000000fe880000)
  to   space 23552K, 0% used [0x00000000fe880000,0x00000000fe880000,0x00000000fff80000)
 ParOldGen       total 88064K, used 54687K [0x00000000e0000000, 0x00000000e5600000, 0x00000000f5580000)
  object space 88064K, 62% used [0x00000000e0000000,0x00000000e3567d70,0x00000000e5600000)
 Metaspace       used 77330K, capacity 83052K, committed 83424K, reserved 1122304K
  class space    used 9541K, capacity 11394K, committed 11520K, reserved 1048576K
GC Heap History (10 events):
Event: 6.726 GC heap before
{Heap before GC invocations=14 (full 2):
 PSYoungGen      total 99328K, used 10531K [0x00000000f5580000, 0x00000000fe700000, 0x0000000100000000)
  eden space 79360K, 3% used [0x00000000f5580000,0x00000000f583a128,0x00000000fa300000)
  from space 19968K, 38% used [0x00000000fa300000,0x00000000faa8ec18,0x00000000fb680000)
  to   space 19456K, 0% used [0x00000000fd400000,0x00000000fd400000,0x00000000fe700000)
 ParOldGen       total 68096K, used 28901K [0x00000000e0000000, 0x00000000e4280000, 0x00000000f5580000)
  object space 68096K, 42% used [0x00000000e0000000,0x00000000e1c39410,0x00000000e4280000)
 Metaspace       used 55391K, capacity 59620K, committed 59692K, reserved 1101824K
  class space    used 6839K, capacity 8185K, committed 8192K, reserved 1048576K
Event: 6.732 GC heap after
Heap after GC invocations=14 (full 2):
 PSYoungGen      total 129024K, used 921K [0x00000000f5580000, 0x00000000fec00000, 0x0000000100000000)
  eden space 109568K, 0% used [0x00000000f5580000,0x00000000f5580000,0x00000000fc080000)
  from space 19456K, 4% used [0x00000000fd400000,0x00000000fd4e66d0,0x00000000fe700000)
  to   space 19968K, 0% used [0x00000000fc080000,0x00000000fc080000,0x00000000fd400000)
 ParOldGen       total 68096K, used 35972K [0x00000000e0000000, 0x00000000e4280000, 0x00000000f5580000)
  object space 68096K, 52% used [0x00000000e0000000,0x00000000e23211b0,0x00000000e4280000)
 Metaspace       used 55391K, capacity 59620K, committed 59692K, reserved 1101824K
  class space    used 6839K, capacity 8185K, committed 8192K, reserved 1048576K
}
Event: 6.732 GC heap before
{Heap before GC invocations=15 (full 3):
 PSYoungGen      total 129024K, used 921K [0x00000000f5580000, 0x00000000fec00000, 0x0000000100000000)
  eden space 109568K, 0% used [0x00000000f5580000,0x00000000f5580000,0x00000000fc080000)
  from space 19456K, 4% used [0x00000000fd400000,0x00000000fd4e66d0,0x00000000fe700000)
  to   space 19968K, 0% used [0x00000000fc080000,0x00000000fc080000,0x00000000fd400000)
 ParOldGen       total 68096K, used 35972K [0x00000000e0000000, 0x00000000e4280000, 0x00000000f5580000)
  object space 68096K, 52% used [0x00000000e0000000,0x00000000e23211b0,0x00000000e4280000)
 Metaspace       used 55391K, capacity 59620K, committed 59692K, reserved 1101824K
  class space    used 6839K, capacity 8185K, committed 8192K, reserved 1048576K
Event: 6.956 GC heap after
Heap after GC invocations=15 (full 3):
 PSYoungGen      total 129024K, used 0K [0x00000000f5580000, 0x00000000fec00000, 0x0000000100000000)
  eden space 109568K, 0% used [0x00000000f5580000,0x00000000f5580000,0x00000000fc080000)
  from space 19456K, 0% used [0x00000000fd400000,0x00000000fd400000,0x00000000fe700000)
  to   space 19968K, 0% used [0x00000000fc080000,0x00000000fc080000,0x00000000fd400000)
 ParOldGen       total 88064K, used 31101K [0x00000000e0000000, 0x00000000e5600000, 0x00000000f5580000)
  object space 88064K, 35% used [0x00000000e0000000,0x00000000e1e5f498,0x00000000e5600000)
 Metaspace       used 55391K, capacity 59620K, committed 59692K, reserved 1101824K
  class space    used 6839K, capacity 8185K, committed 8192K, reserved 1048576K
}
Event: 10.727 GC heap before
{Heap before GC invocations=16 (full 3):
 PSYoungGen      total 129024K, used 109568K [0x00000000f5580000, 0x00000000fec00000, 0x0000000100000000)
  eden space 109568K, 100% used [0x00000000f5580000,0x00000000fc080000,0x00000000fc080000)
  from space 19456K, 0% used [0x00000000fd400000,0x00000000fd400000,0x00000000fe700000)
  to   space 19968K, 0% used [0x00000000fc080000,0x00000000fc080000,0x00000000fd400000)
 ParOldGen       total 88064K, used 31101K [0x00000000e0000000, 0x00000000e5600000, 0x00000000f5580000)
  object space 88064K, 35% used [0x00000000e0000000,0x00000000e1e5f498,0x00000000e5600000)
 Metaspace       used 63296K, capacity 68142K, committed 68192K, reserved 1107968K
  class space    used 7863K, capacity 9308K, committed 9344K, reserved 1048576K
Event: 10.743 GC heap after
Heap after GC invocations=16 (full 3):
 PSYoungGen      total 129536K, used 19949K [0x00000000f5580000, 0x0000000100000000, 0x0000000100000000)
  eden space 109568K, 0% used [0x00000000f5580000,0x00000000f5580000,0x00000000fc080000)
  from space 19968K, 99% used [0x00000000fc080000,0x00000000fd3fb750,0x00000000fd400000)
  to   space 23552K, 0% used [0x00000000fe900000,0x00000000fe900000,0x0000000100000000)
 ParOldGen       total 88064K, used 32974K [0x00000000e0000000, 0x00000000e5600000, 0x00000000f5580000)
  object space 88064K, 37% used [0x00000000e0000000,0x00000000e2033a88,0x00000000e5600000)
 Metaspace       used 63296K, capacity 68142K, committed 68192K, reserved 1107968K
  class space    used 7863K, capacity 9308K, committed 9344K, reserved 1048576K
}
Event: 109.725 GC heap before
{Heap before GC invocations=17 (full 3):
 PSYoungGen      total 129536K, used 129517K [0x00000000f5580000, 0x0000000100000000, 0x0000000100000000)
  eden space 109568K, 100% used [0x00000000f5580000,0x00000000fc080000,0x00000000fc080000)
  from space 19968K, 99% used [0x00000000fc080000,0x00000000fd3fb750,0x00000000fd400000)
  to   space 23552K, 0% used [0x00000000fe900000,0x00000000fe900000,0x0000000100000000)
 ParOldGen       total 88064K, used 32974K [0x00000000e0000000, 0x00000000e5600000, 0x00000000f5580000)
  object space 88064K, 37% used [0x00000000e0000000,0x00000000e2033a88,0x00000000e5600000)
 Metaspace       used 73523K, capacity 78980K, committed 79072K, reserved 1118208K
  class space    used 9159K, capacity 10934K, committed 11008K, reserved 1048576K
Event: 109.750 GC heap after
Heap after GC invocations=17 (full 3):
 PSYoungGen      total 150016K, used 15218K [0x00000000f5580000, 0x0000000100000000, 0x0000000100000000)
  eden space 126464K, 0% used [0x00000000f5580000,0x00000000f5580000,0x00000000fd100000)
  from space 23552K, 64% used [0x00000000fe900000,0x00000000ff7dcbe0,0x0000000100000000)
  to   space 24064K, 0% used [0x00000000fd100000,0x00000000fd100000,0x00000000fe880000)
 ParOldGen       total 88064K, used 48436K [0x00000000e0000000, 0x00000000e5600000, 0x00000000f5580000)
  object space 88064K, 55% used [0x00000000e0000000,0x00000000e2f4d090,0x00000000e5600000)
 Metaspace       used 73523K, capacity 78980K, committed 79072K, reserved 1118208K
  class space    used 9159K, capacity 10934K, committed 11008K, reserved 1048576K
}
Event: 173.091 GC heap before
{Heap before GC invocations=18 (full 3):
 PSYoungGen      total 150016K, used 141682K [0x00000000f5580000, 0x0000000100000000, 0x0000000100000000)
  eden space 126464K, 100% used [0x00000000f5580000,0x00000000fd100000,0x00000000fd100000)
  from space 23552K, 64% used [0x00000000fe900000,0x00000000ff7dcbe0,0x0000000100000000)
  to   space 24064K, 0% used [0x00000000fd100000,0x00000000fd100000,0x00000000fe880000)
 ParOldGen       total 88064K, used 48436K [0x00000000e0000000, 0x00000000e5600000, 0x00000000f5580000)
  object space 88064K, 55% used [0x00000000e0000000,0x00000000e2f4d090,0x00000000e5600000)
 Metaspace       used 75963K, capacity 81768K, committed 82016K, reserved 1120256K
  class space    used 9399K, capacity 11266K, committed 11392K, reserved 1048576K
Event: 173.101 GC heap after
Heap after GC invocations=18 (full 3):
 PSYoungGen      total 150528K, used 7663K [0x00000000f5580000, 0x00000000fff80000, 0x0000000100000000)
  eden space 126464K, 0% used [0x00000000f5580000,0x00000000f5580000,0x00000000fd100000)
  from space 24064K, 31% used [0x00000000fd100000,0x00000000fd87bc98,0x00000000fe880000)
  to   space 23552K, 0% used [0x00000000fe880000,0x00000000fe880000,0x00000000fff80000)
 ParOldGen       total 88064K, used 54687K [0x00000000e0000000, 0x00000000e5600000, 0x00000000f5580000)
  object space 88064K, 62% used [0x00000000e0000000,0x00000000e3567d70,0x00000000e5600000)
 Metaspace       used 75963K, capacity 81768K, committed 82016K, reserved 1120256K
  class space    used 9399K, capacity 11266K, committed 11392K, reserved 1048576K
}

