# JRE version: Java(TM) SE Runtime Environment (8.0_25-b18) (build 1.8.0_25-b18)
# Java VM: Java HotSpot(TM) 64-Bit Server VM (25.25-b02 mixed mode windows-amd64 compressed oops)
Heap:
 PSYoungGen      total 85504K, used 26970K [0x00000000f5580000, 0x00000000faa00000, 0x0000000100000000)
  eden space 84480K, 31% used [0x00000000f5580000,0x00000000f6fd69d0,0x00000000fa800000)
  from space 1024K, 0% used [0x00000000fa900000,0x00000000fa900000,0x00000000faa00000)
  to   space 1024K, 0% used [0x00000000fa800000,0x00000000fa800000,0x00000000fa900000)
 ParOldGen       total 102912K, used 31080K [0x00000000e0000000, 0x00000000e6480000, 0x00000000f5580000)
  object space 102912K, 30% used [0x00000000e0000000,0x00000000e1e5a2f0,0x00000000e6480000)
 Metaspace       used 70326K, capacity 75716K, committed 75864K, reserved 1114112K
  class space    used 8645K, capacity 10337K, committed 10368K, reserved 1048576K
GC Heap History (10 events):
Event: 28013.525 GC heap before
{Heap before GC invocations=945 (full 469):
 PSYoungGen      total 85504K, used 192K [0x00000000f5580000, 0x00000000faa00000, 0x0000000100000000)
  eden space 84480K, 0% used [0x00000000f5580000,0x00000000f5580000,0x00000000fa800000)
  from space 1024K, 18% used [0x00000000fa900000,0x00000000fa930000,0x00000000faa00000)
  to   space 1024K, 0% used [0x00000000fa800000,0x00000000fa800000,0x00000000fa900000)
 ParOldGen       total 102912K, used 31204K [0x00000000e0000000, 0x00000000e6480000, 0x00000000f5580000)
  object space 102912K, 30% used [0x00000000e0000000,0x00000000e1e791b0,0x00000000e6480000)
 Metaspace       used 68924K, capacity 74316K, committed 74456K, reserved 1114112K
  class space    used 8483K, capacity 10172K, committed 10240K, reserved 1048576K
Event: 28013.642 GC heap after
Heap after GC invocations=945 (full 469):
 PSYoungGen      total 85504K, used 0K [0x00000000f5580000, 0x00000000faa00000, 0x0000000100000000)
  eden space 84480K, 0% used [0x00000000f5580000,0x00000000f5580000,0x00000000fa800000)
  from space 1024K, 0% used [0x00000000fa900000,0x00000000fa900000,0x00000000faa00000)
  to   space 1024K, 0% used [0x00000000fa800000,0x00000000fa800000,0x00000000fa900000)
 ParOldGen       total 102912K, used 31080K [0x00000000e0000000, 0x00000000e6480000, 0x00000000f5580000)
  object space 102912K, 30% used [0x00000000e0000000,0x00000000e1e5a238,0x00000000e6480000)
 Metaspace       used 68924K, capacity 74316K, committed 74456K, reserved 1114112K
  class space    used 8483K, capacity 10172K, committed 10240K, reserved 1048576K
}
Event: 28073.528 GC heap before
{Heap before GC invocations=946 (full 469):
 PSYoungGen      total 85504K, used 3981K [0x00000000f5580000, 0x00000000faa00000, 0x0000000100000000)
  eden space 84480K, 4% used [0x00000000f5580000,0x00000000f5963568,0x00000000fa800000)
  from space 1024K, 0% used [0x00000000fa900000,0x00000000fa900000,0x00000000faa00000)
  to   space 1024K, 0% used [0x00000000fa800000,0x00000000fa800000,0x00000000fa900000)
 ParOldGen       total 102912K, used 31080K [0x00000000e0000000, 0x00000000e6480000, 0x00000000f5580000)
  object space 102912K, 30% used [0x00000000e0000000,0x00000000e1e5a238,0x00000000e6480000)
 Metaspace       used 68924K, capacity 74316K, committed 74456K, reserved 1114112K
  class space    used 8483K, capacity 10172K, committed 10240K, reserved 1048576K
Event: 28073.530 GC heap after
Heap after GC invocations=946 (full 469):
 PSYoungGen      total 85504K, used 192K [0x00000000f5580000, 0x00000000faa00000, 0x0000000100000000)
  eden space 84480K, 0% used [0x00000000f5580000,0x00000000f5580000,0x00000000fa800000)
  from space 1024K, 18% used [0x00000000fa800000,0x00000000fa830000,0x00000000fa900000)
  to   space 1024K, 0% used [0x00000000fa900000,0x00000000fa900000,0x00000000faa00000)
 ParOldGen       total 102912K, used 31080K [0x00000000e0000000, 0x00000000e6480000, 0x00000000f5580000)
  object space 102912K, 30% used [0x00000000e0000000,0x00000000e1e5a238,0x00000000e6480000)
 Metaspace       used 68924K, capacity 74316K, committed 74456K, reserved 1114112K
  class space    used 8483K, capacity 10172K, committed 10240K, reserved 1048576K
}
Event: 28073.530 GC heap before
{Heap before GC invocations=947 (full 470):
 PSYoungGen      total 85504K, used 192K [0x00000000f5580000, 0x00000000faa00000, 0x0000000100000000)
  eden space 84480K, 0% used [0x00000000f5580000,0x00000000f5580000,0x00000000fa800000)
  from space 1024K, 18% used [0x00000000fa800000,0x00000000fa830000,0x00000000fa900000)
  to   space 1024K, 0% used [0x00000000fa900000,0x00000000fa900000,0x00000000faa00000)
 ParOldGen       total 102912K, used 31080K [0x00000000e0000000, 0x00000000e6480000, 0x00000000f5580000)
  object space 102912K, 30% used [0x00000000e0000000,0x00000000e1e5a238,0x00000000e6480000)
 Metaspace       used 68924K, capacity 74316K, committed 74456K, reserved 1114112K
  class space    used 8483K, capacity 10172K, committed 10240K, reserved 1048576K
Event: 28073.641 GC heap after
Heap after GC invocations=947 (full 470):
 PSYoungGen      total 85504K, used 0K [0x00000000f5580000, 0x00000000faa00000, 0x0000000100000000)
  eden space 84480K, 0% used [0x00000000f5580000,0x00000000f5580000,0x00000000fa800000)
  from space 1024K, 0% used [0x00000000fa800000,0x00000000fa800000,0x00000000fa900000)
  to   space 1024K, 0% used [0x00000000fa900000,0x00000000fa900000,0x00000000faa00000)
 ParOldGen       total 102912K, used 31080K [0x00000000e0000000, 0x00000000e6480000, 0x00000000f5580000)
  object space 102912K, 30% used [0x00000000e0000000,0x00000000e1e5a2f0,0x00000000e6480000)
 Metaspace       used 68924K, capacity 74316K, committed 74456K, reserved 1114112K
  class space    used 8483K, capacity 10172K, committed 10240K, reserved 1048576K
}
Event: 28133.536 GC heap before
{Heap before GC invocations=948 (full 470):
 PSYoungGen      total 85504K, used 3888K [0x00000000f5580000, 0x00000000faa00000, 0x0000000100000000)
  eden space 84480K, 4% used [0x00000000f5580000,0x00000000f594c080,0x00000000fa800000)
  from space 1024K, 0% used [0x00000000fa800000,0x00000000fa800000,0x00000000fa900000)
  to   space 1024K, 0% used [0x00000000fa900000,0x00000000fa900000,0x00000000faa00000)
 ParOldGen       total 102912K, used 31080K [0x00000000e0000000, 0x00000000e6480000, 0x00000000f5580000)
  object space 102912K, 30% used [0x00000000e0000000,0x00000000e1e5a2f0,0x00000000e6480000)
 Metaspace       used 68924K, capacity 74316K, committed 74456K, reserved 1114112K
  class space    used 8483K, capacity 10172K, committed 10240K, reserved 1048576K
Event: 28133.539 GC heap after
Heap after GC invocations=948 (full 470):
 PSYoungGen      total 85504K, used 192K [0x00000000f5580000, 0x00000000faa00000, 0x0000000100000000)
  eden space 84480K, 0% used [0x00000000f5580000,0x00000000f5580000,0x00000000fa800000)
  from space 1024K, 18% used [0x00000000fa900000,0x00000000fa930000,0x00000000faa00000)
  to   space 1024K, 0% used [0x00000000fa800000,0x00000000fa800000,0x00000000fa900000)
 ParOldGen       total 102912K, used 31080K [0x00000000e0000000, 0x00000000e6480000, 0x00000000f5580000)
  object space 102912K, 30% used [0x00000000e0000000,0x00000000e1e5a2f0,0x00000000e6480000)
 Metaspace       used 68924K, capacity 74316K, committed 74456K, reserved 1114112K
  class space    used 8483K, capacity 10172K, committed 10240K, reserved 1048576K
}
Event: 28133.539 GC heap before
{Heap before GC invocations=949 (full 471):
 PSYoungGen      total 85504K, used 192K [0x00000000f5580000, 0x00000000faa00000, 0x0000000100000000)
  eden space 84480K, 0% used [0x00000000f5580000,0x00000000f5580000,0x00000000fa800000)
  from space 1024K, 18% used [0x00000000fa900000,0x00000000fa930000,0x00000000faa00000)
  to   space 1024K, 0% used [0x00000000fa800000,0x00000000fa800000,0x00000000fa900000)
 ParOldGen       total 102912K, used 31080K [0x00000000e0000000, 0x00000000e6480000, 0x00000000f5580000)
  object space 102912K, 30% used [0x00000000e0000000,0x00000000e1e5a2f0,0x00000000e6480000)
 Metaspace       used 68924K, capacity 74316K, committed 74456K, reserved 1114112K
  class space    used 8483K, capacity 10172K, committed 10240K, reserved 1048576K
Event: 28133.640 GC heap after
Heap after GC invocations=949 (full 471):
 PSYoungGen      total 85504K, used 0K [0x00000000f5580000, 0x00000000faa00000, 0x0000000100000000)
  eden space 84480K, 0% used [0x00000000f5580000,0x00000000f5580000,0x00000000fa800000)
  from space 1024K, 0% used [0x00000000fa900000,0x00000000fa900000,0x00000000faa00000)
  to   space 1024K, 0% used [0x00000000fa800000,0x00000000fa800000,0x00000000fa900000)
 ParOldGen       total 102912K, used 31080K [0x00000000e0000000, 0x00000000e6480000, 0x00000000f5580000)
  object space 102912K, 30% used [0x00000000e0000000,0x00000000e1e5a2f0,0x00000000e6480000)
 Metaspace       used 68924K, capacity 74316K, committed 74456K, reserved 1114112K
  class space    used 8483K, capacity 10172K, committed 10240K, reserved 1048576K
}

