# JRE version: Java(TM) SE Runtime Environment (8.0_25-b18) (build 1.8.0_25-b18)
# Java VM: Java HotSpot(TM) 64-Bit Server VM (25.25-b02 mixed mode windows-amd64 compressed oops)
Heap:
 PSYoungGen      total 151040K, used 22853K [0x00000000f5580000, 0x0000000100000000, 0x0000000100000000)
  eden space 130560K, 13% used [0x00000000f5580000,0x00000000f66a3690,0x00000000fd500000)
  from space 20480K, 25% used [0x00000000fec00000,0x00000000ff12e108,0x0000000100000000)
  to   space 22016K, 0% used [0x00000000fd500000,0x00000000fd500000,0x00000000fea80000)
 ParOldGen       total 101376K, used 54351K [0x00000000e0000000, 0x00000000e6300000, 0x00000000f5580000)
  object space 101376K, 53% used [0x00000000e0000000,0x00000000e3513d08,0x00000000e6300000)
 Metaspace       used 76949K, capacity 83170K, committed 83448K, reserved 1122304K
  class space    used 9499K, capacity 11462K, committed 11512K, reserved 1048576K
GC Heap History (10 events):
Event: 6.906 GC heap before
{Heap before GC invocations=21 (full 2):
 PSYoungGen      total 153088K, used 56805K [0x00000000f5580000, 0x00000000ffe80000, 0x0000000100000000)
  eden space 134144K, 41% used [0x00000000f5580000,0x00000000f8c39488,0x00000000fd880000)
  from space 18944K, 4% used [0x00000000fec00000,0x00000000fecc0048,0x00000000ffe80000)
  to   space 19456K, 0% used [0x00000000fd880000,0x00000000fd880000,0x00000000feb80000)
 ParOldGen       total 68608K, used 39260K [0x00000000e0000000, 0x00000000e4300000, 0x00000000f5580000)
  object space 68608K, 57% used [0x00000000e0000000,0x00000000e2657078,0x00000000e4300000)
 Metaspace       used 57851K, capacity 62122K, committed 62404K, reserved 1103872K
  class space    used 7174K, capacity 8507K, committed 8568K, reserved 1048576K
Event: 6.914 GC heap after
Heap after GC invocations=21 (full 2):
 PSYoungGen      total 153600K, used 9082K [0x00000000f5580000, 0x0000000100000000, 0x0000000100000000)
  eden space 134144K, 0% used [0x00000000f5580000,0x00000000f5580000,0x00000000fd880000)
  from space 19456K, 46% used [0x00000000fd880000,0x00000000fe15e878,0x00000000feb80000)
  to   space 19456K, 0% used [0x00000000fed00000,0x00000000fed00000,0x0000000100000000)
 ParOldGen       total 68608K, used 39648K [0x00000000e0000000, 0x00000000e4300000, 0x00000000f5580000)
  object space 68608K, 57% used [0x00000000e0000000,0x00000000e26b80d8,0x00000000e4300000)
 Metaspace       used 57851K, capacity 62122K, committed 62404K, reserved 1103872K
  class space    used 7174K, capacity 8507K, committed 8568K, reserved 1048576K
}
Event: 7.318 GC heap before
{Heap before GC invocations=22 (full 2):
 PSYoungGen      total 153600K, used 17023K [0x00000000f5580000, 0x0000000100000000, 0x0000000100000000)
  eden space 134144K, 5% used [0x00000000f5580000,0x00000000f5d416a8,0x00000000fd880000)
  from space 19456K, 46% used [0x00000000fd880000,0x00000000fe15e878,0x00000000feb80000)
  to   space 19456K, 0% used [0x00000000fed00000,0x00000000fed00000,0x0000000100000000)
 ParOldGen       total 68608K, used 39648K [0x00000000e0000000, 0x00000000e4300000, 0x00000000f5580000)
  object space 68608K, 57% used [0x00000000e0000000,0x00000000e26b80d8,0x00000000e4300000)
 Metaspace       used 58121K, capacity 62378K, committed 62480K, reserved 1103872K
  class space    used 7213K, capacity 8507K, committed 8568K, reserved 1048576K
Event: 7.325 GC heap after
Heap after GC invocations=22 (full 2):
 PSYoungGen      total 153088K, used 3378K [0x00000000f5580000, 0x00000000ffe00000, 0x0000000100000000)
  eden space 135680K, 0% used [0x00000000f5580000,0x00000000f5580000,0x00000000fda00000)
  from space 17408K, 19% used [0x00000000fed00000,0x00000000ff04cbb0,0x00000000ffe00000)
  to   space 18432K, 0% used [0x00000000fda00000,0x00000000fda00000,0x00000000fec00000)
 ParOldGen       total 68608K, used 46362K [0x00000000e0000000, 0x00000000e4300000, 0x00000000f5580000)
  object space 68608K, 67% used [0x00000000e0000000,0x00000000e2d46ab8,0x00000000e4300000)
 Metaspace       used 58121K, capacity 62378K, committed 62480K, reserved 1103872K
  class space    used 7213K, capacity 8507K, committed 8568K, reserved 1048576K
}
Event: 7.325 GC heap before
{Heap before GC invocations=23 (full 3):
 PSYoungGen      total 153088K, used 3378K [0x00000000f5580000, 0x00000000ffe00000, 0x0000000100000000)
  eden space 135680K, 0% used [0x00000000f5580000,0x00000000f5580000,0x00000000fda00000)
  from space 17408K, 19% used [0x00000000fed00000,0x00000000ff04cbb0,0x00000000ffe00000)
  to   space 18432K, 0% used [0x00000000fda00000,0x00000000fda00000,0x00000000fec00000)
 ParOldGen       total 68608K, used 46362K [0x00000000e0000000, 0x00000000e4300000, 0x00000000f5580000)
  object space 68608K, 67% used [0x00000000e0000000,0x00000000e2d46ab8,0x00000000e4300000)
 Metaspace       used 58121K, capacity 62378K, committed 62480K, reserved 1103872K
  class space    used 7213K, capacity 8507K, committed 8568K, reserved 1048576K
Event: 7.573 GC heap after
Heap after GC invocations=23 (full 3):
 PSYoungGen      total 153088K, used 0K [0x00000000f5580000, 0x00000000ffe00000, 0x0000000100000000)
  eden space 135680K, 0% used [0x00000000f5580000,0x00000000f5580000,0x00000000fda00000)
  from space 17408K, 0% used [0x00000000fed00000,0x00000000fed00000,0x00000000ffe00000)
  to   space 18432K, 0% used [0x00000000fda00000,0x00000000fda00000,0x00000000fec00000)
 ParOldGen       total 101376K, used 42897K [0x00000000e0000000, 0x00000000e6300000, 0x00000000f5580000)
  object space 101376K, 42% used [0x00000000e0000000,0x00000000e29e4588,0x00000000e6300000)
 Metaspace       used 58121K, capacity 62378K, committed 62480K, reserved 1103872K
  class space    used 7213K, capacity 8507K, committed 8568K, reserved 1048576K
}
Event: 41.694 GC heap before
{Heap before GC invocations=24 (full 3):
 PSYoungGen      total 153088K, used 135680K [0x00000000f5580000, 0x00000000ffe00000, 0x0000000100000000)
  eden space 135680K, 100% used [0x00000000f5580000,0x00000000fda00000,0x00000000fda00000)
  from space 17408K, 0% used [0x00000000fed00000,0x00000000fed00000,0x00000000ffe00000)
  to   space 18432K, 0% used [0x00000000fda00000,0x00000000fda00000,0x00000000fec00000)
 ParOldGen       total 101376K, used 42904K [0x00000000e0000000, 0x00000000e6300000, 0x00000000f5580000)
  object space 101376K, 42% used [0x00000000e0000000,0x00000000e29e6220,0x00000000e6300000)
 Metaspace       used 73113K, capacity 78854K, committed 79096K, reserved 1118208K
  class space    used 9119K, capacity 10976K, committed 11000K, reserved 1048576K
Event: 41.708 GC heap after
Heap after GC invocations=24 (full 3):
 PSYoungGen      total 154112K, used 18407K [0x00000000f5580000, 0x0000000100000000, 0x0000000100000000)
  eden space 135680K, 0% used [0x00000000f5580000,0x00000000f5580000,0x00000000fda00000)
  from space 18432K, 99% used [0x00000000fda00000,0x00000000febf9d60,0x00000000fec00000)
  to   space 20480K, 0% used [0x00000000fec00000,0x00000000fec00000,0x0000000100000000)
 ParOldGen       total 101376K, used 46310K [0x00000000e0000000, 0x00000000e6300000, 0x00000000f5580000)
  object space 101376K, 45% used [0x00000000e0000000,0x00000000e2d39800,0x00000000e6300000)
 Metaspace       used 73113K, capacity 78854K, committed 79096K, reserved 1118208K
  class space    used 9119K, capacity 10976K, committed 11000K, reserved 1048576K
}
Event: 347.660 GC heap before
{Heap before GC invocations=25 (full 3):
 PSYoungGen      total 154112K, used 154087K [0x00000000f5580000, 0x0000000100000000, 0x0000000100000000)
  eden space 135680K, 100% used [0x00000000f5580000,0x00000000fda00000,0x00000000fda00000)
  from space 18432K, 99% used [0x00000000fda00000,0x00000000febf9d60,0x00000000fec00000)
  to   space 20480K, 0% used [0x00000000fec00000,0x00000000fec00000,0x0000000100000000)
 ParOldGen       total 101376K, used 46310K [0x00000000e0000000, 0x00000000e6300000, 0x00000000f5580000)
  object space 101376K, 45% used [0x00000000e0000000,0x00000000e2d39800,0x00000000e6300000)
 Metaspace       used 76339K, capacity 82460K, committed 82680K, reserved 1120256K
  class space    used 9434K, capacity 11397K, committed 11512K, reserved 1048576K
Event: 347.672 GC heap after
Heap after GC invocations=25 (full 3):
 PSYoungGen      total 151040K, used 5304K [0x00000000f5580000, 0x0000000100000000, 0x0000000100000000)
  eden space 130560K, 0% used [0x00000000f5580000,0x00000000f5580000,0x00000000fd500000)
  from space 20480K, 25% used [0x00000000fec00000,0x00000000ff12e108,0x0000000100000000)
  to   space 22016K, 0% used [0x00000000fd500000,0x00000000fd500000,0x00000000fea80000)
 ParOldGen       total 101376K, used 54351K [0x00000000e0000000, 0x00000000e6300000, 0x00000000f5580000)
  object space 101376K, 53% used [0x00000000e0000000,0x00000000e3513d08,0x00000000e6300000)
 Metaspace       used 76339K, capacity 82460K, committed 82680K, reserved 1120256K
  class space    used 9434K, capacity 11397K, committed 11512K, reserved 1048576K
}

