# JRE version: Java(TM) SE Runtime Environment (8.0_25-b18) (build 1.8.0_25-b18)
# Java VM: Java HotSpot(TM) 64-Bit Server VM (25.25-b02 mixed mode windows-amd64 compressed oops)
Heap:
 PSYoungGen      total 150016K, used 43740K [0x00000000f5580000, 0x0000000100000000, 0x0000000100000000)
  eden space 129536K, 22% used [0x00000000f5580000,0x00000000f716d428,0x00000000fd400000)
  from space 20480K, 73% used [0x00000000fec00000,0x00000000ffac9c60,0x0000000100000000)
  to   space 22528K, 0% used [0x00000000fd400000,0x00000000fd400000,0x00000000fea00000)
 ParOldGen       total 102400K, used 45125K [0x00000000e0000000, 0x00000000e6400000, 0x00000000f5580000)
  object space 102400K, 44% used [0x00000000e0000000,0x00000000e2c11518,0x00000000e6400000)
 Metaspace       used 76402K, capacity 82380K, committed 82492K, reserved 1120256K
  class space    used 9467K, capacity 11298K, committed 11324K, reserved 1048576K
GC Heap History (10 events):
Event: 126.908 GC heap before
{Heap before GC invocations=26 (full 4):
 PSYoungGen      total 148992K, used 26872K [0x00000000f5580000, 0x0000000100000000, 0x0000000100000000)
  eden space 134656K, 19% used [0x00000000f5580000,0x00000000f6fbe388,0x00000000fd900000)
  from space 14336K, 0% used [0x00000000fd900000,0x00000000fd900000,0x00000000fe700000)
  to   space 20992K, 0% used [0x00000000feb80000,0x00000000feb80000,0x0000000100000000)
 ParOldGen       total 102400K, used 52642K [0x00000000e0000000, 0x00000000e6400000, 0x00000000f5580000)
  object space 102400K, 51% used [0x00000000e0000000,0x00000000e3368a30,0x00000000e6400000)
 Metaspace       used 68713K, capacity 74420K, committed 74684K, reserved 1114112K
  class space    used 8547K, capacity 10324K, committed 10428K, reserved 1048576K
Event: 126.910 GC heap after
Heap after GC invocations=26 (full 4):
 PSYoungGen      total 153600K, used 659K [0x00000000f5580000, 0x0000000100000000, 0x0000000100000000)
  eden space 132608K, 0% used [0x00000000f5580000,0x00000000f5580000,0x00000000fd700000)
  from space 20992K, 3% used [0x00000000feb80000,0x00000000fec24d78,0x0000000100000000)
  to   space 20992K, 0% used [0x00000000fd700000,0x00000000fd700000,0x00000000feb80000)
 ParOldGen       total 102400K, used 52650K [0x00000000e0000000, 0x00000000e6400000, 0x00000000f5580000)
  object space 102400K, 51% used [0x00000000e0000000,0x00000000e336aa30,0x00000000e6400000)
 Metaspace       used 68713K, capacity 74420K, committed 74684K, reserved 1114112K
  class space    used 8547K, capacity 10324K, committed 10428K, reserved 1048576K
}
Event: 126.910 GC heap before
{Heap before GC invocations=27 (full 5):
 PSYoungGen      total 153600K, used 659K [0x00000000f5580000, 0x0000000100000000, 0x0000000100000000)
  eden space 132608K, 0% used [0x00000000f5580000,0x00000000f5580000,0x00000000fd700000)
  from space 20992K, 3% used [0x00000000feb80000,0x00000000fec24d78,0x0000000100000000)
  to   space 20992K, 0% used [0x00000000fd700000,0x00000000fd700000,0x00000000feb80000)
 ParOldGen       total 102400K, used 52650K [0x00000000e0000000, 0x00000000e6400000, 0x00000000f5580000)
  object space 102400K, 51% used [0x00000000e0000000,0x00000000e336aa30,0x00000000e6400000)
 Metaspace       used 68713K, capacity 74420K, committed 74684K, reserved 1114112K
  class space    used 8547K, capacity 10324K, committed 10428K, reserved 1048576K
Event: 127.156 GC heap after
Heap after GC invocations=27 (full 5):
 PSYoungGen      total 153600K, used 0K [0x00000000f5580000, 0x0000000100000000, 0x0000000100000000)
  eden space 132608K, 0% used [0x00000000f5580000,0x00000000f5580000,0x00000000fd700000)
  from space 20992K, 0% used [0x00000000feb80000,0x00000000feb80000,0x0000000100000000)
  to   space 20992K, 0% used [0x00000000fd700000,0x00000000fd700000,0x00000000feb80000)
 ParOldGen       total 102400K, used 45450K [0x00000000e0000000, 0x00000000e6400000, 0x00000000f5580000)
  object space 102400K, 44% used [0x00000000e0000000,0x00000000e2c62908,0x00000000e6400000)
 Metaspace       used 68713K, capacity 74420K, committed 74684K, reserved 1114112K
  class space    used 8547K, capacity 10324K, committed 10428K, reserved 1048576K
}
Event: 186.910 GC heap before
{Heap before GC invocations=28 (full 5):
 PSYoungGen      total 153600K, used 16311K [0x00000000f5580000, 0x0000000100000000, 0x0000000100000000)
  eden space 132608K, 12% used [0x00000000f5580000,0x00000000f656dd00,0x00000000fd700000)
  from space 20992K, 0% used [0x00000000feb80000,0x00000000feb80000,0x0000000100000000)
  to   space 20992K, 0% used [0x00000000fd700000,0x00000000fd700000,0x00000000feb80000)
 ParOldGen       total 102400K, used 45450K [0x00000000e0000000, 0x00000000e6400000, 0x00000000f5580000)
  object space 102400K, 44% used [0x00000000e0000000,0x00000000e2c62908,0x00000000e6400000)
 Metaspace       used 68751K, capacity 74420K, committed 74684K, reserved 1114112K
  class space    used 8548K, capacity 10324K, committed 10428K, reserved 1048576K
Event: 186.912 GC heap after
Heap after GC invocations=28 (full 5):
 PSYoungGen      total 153600K, used 192K [0x00000000f5580000, 0x0000000100000000, 0x0000000100000000)
  eden space 132608K, 0% used [0x00000000f5580000,0x00000000f5580000,0x00000000fd700000)
  from space 20992K, 0% used [0x00000000fd700000,0x00000000fd730000,0x00000000feb80000)
  to   space 20480K, 0% used [0x00000000fec00000,0x00000000fec00000,0x0000000100000000)
 ParOldGen       total 102400K, used 45458K [0x00000000e0000000, 0x00000000e6400000, 0x00000000f5580000)
  object space 102400K, 44% used [0x00000000e0000000,0x00000000e2c64908,0x00000000e6400000)
 Metaspace       used 68751K, capacity 74420K, committed 74684K, reserved 1114112K
  class space    used 8548K, capacity 10324K, committed 10428K, reserved 1048576K
}
Event: 186.912 GC heap before
{Heap before GC invocations=29 (full 6):
 PSYoungGen      total 153600K, used 192K [0x00000000f5580000, 0x0000000100000000, 0x0000000100000000)
  eden space 132608K, 0% used [0x00000000f5580000,0x00000000f5580000,0x00000000fd700000)
  from space 20992K, 0% used [0x00000000fd700000,0x00000000fd730000,0x00000000feb80000)
  to   space 20480K, 0% used [0x00000000fec00000,0x00000000fec00000,0x0000000100000000)
 ParOldGen       total 102400K, used 45458K [0x00000000e0000000, 0x00000000e6400000, 0x00000000f5580000)
  object space 102400K, 44% used [0x00000000e0000000,0x00000000e2c64908,0x00000000e6400000)
 Metaspace       used 68751K, capacity 74420K, committed 74684K, reserved 1114112K
  class space    used 8548K, capacity 10324K, committed 10428K, reserved 1048576K
Event: 187.092 GC heap after
Heap after GC invocations=29 (full 6):
 PSYoungGen      total 153600K, used 0K [0x00000000f5580000, 0x0000000100000000, 0x0000000100000000)
  eden space 132608K, 0% used [0x00000000f5580000,0x00000000f5580000,0x00000000fd700000)
  from space 20992K, 0% used [0x00000000fd700000,0x00000000fd700000,0x00000000feb80000)
  to   space 20480K, 0% used [0x00000000fec00000,0x00000000fec00000,0x0000000100000000)
 ParOldGen       total 102400K, used 45117K [0x00000000e0000000, 0x00000000e6400000, 0x00000000f5580000)
  object space 102400K, 44% used [0x00000000e0000000,0x00000000e2c0f518,0x00000000e6400000)
 Metaspace       used 68751K, capacity 74420K, committed 74684K, reserved 1114112K
  class space    used 8548K, capacity 10324K, committed 10428K, reserved 1048576K
}
Event: 377.392 GC heap before
{Heap before GC invocations=30 (full 6):
 PSYoungGen      total 153600K, used 132608K [0x00000000f5580000, 0x0000000100000000, 0x0000000100000000)
  eden space 132608K, 100% used [0x00000000f5580000,0x00000000fd700000,0x00000000fd700000)
  from space 20992K, 0% used [0x00000000fd700000,0x00000000fd700000,0x00000000feb80000)
  to   space 20480K, 0% used [0x00000000fec00000,0x00000000fec00000,0x0000000100000000)
 ParOldGen       total 102400K, used 45117K [0x00000000e0000000, 0x00000000e6400000, 0x00000000f5580000)
  object space 102400K, 44% used [0x00000000e0000000,0x00000000e2c0f518,0x00000000e6400000)
 Metaspace       used 75422K, capacity 81320K, committed 81468K, reserved 1120256K
  class space    used 9355K, capacity 11202K, committed 11324K, reserved 1048576K
Event: 377.407 GC heap after
Heap after GC invocations=30 (full 6):
 PSYoungGen      total 150016K, used 15143K [0x00000000f5580000, 0x0000000100000000, 0x0000000100000000)
  eden space 129536K, 0% used [0x00000000f5580000,0x00000000f5580000,0x00000000fd400000)
  from space 20480K, 73% used [0x00000000fec00000,0x00000000ffac9c60,0x0000000100000000)
  to   space 22528K, 0% used [0x00000000fd400000,0x00000000fd400000,0x00000000fea00000)
 ParOldGen       total 102400K, used 45125K [0x00000000e0000000, 0x00000000e6400000, 0x00000000f5580000)
  object space 102400K, 44% used [0x00000000e0000000,0x00000000e2c11518,0x00000000e6400000)
 Metaspace       used 75422K, capacity 81320K, committed 81468K, reserved 1120256K
  class space    used 9355K, capacity 11202K, committed 11324K, reserved 1048576K
}

