# JRE version: Java(TM) SE Runtime Environment (8.0_25-b18) (build 1.8.0_25-b18)
# Java VM: Java HotSpot(TM) 64-Bit Server VM (25.25-b02 mixed mode windows-amd64 compressed oops)
Heap:
 PSYoungGen      total 149504K, used 88270K [0x00000000f5580000, 0x0000000100000000, 0x0000000100000000)
  eden space 125952K, 62% used [0x00000000f5580000,0x00000000fa2a9a80,0x00000000fd080000)
  from space 23552K, 39% used [0x00000000fe680000,0x00000000fef89dd8,0x00000000ffd80000)
  to   space 22528K, 0% used [0x00000000fd080000,0x00000000fd080000,0x00000000fe680000)
 ParOldGen       total 89600K, used 52974K [0x00000000e0000000, 0x00000000e5780000, 0x00000000f5580000)
  object space 89600K, 59% used [0x00000000e0000000,0x00000000e33bb958,0x00000000e5780000)
 Metaspace       used 83801K, capacity 90036K, committed 90296K, reserved 1128448K
  class space    used 10277K, capacity 12243K, committed 12260K, reserved 1048576K
GC Heap History (10 events):
Event: 62.870 GC heap before
{Heap before GC invocations=22 (full 3):
 PSYoungGen      total 144384K, used 69467K [0x00000000f5580000, 0x0000000100000000, 0x0000000100000000)
  eden space 124416K, 39% used [0x00000000f5580000,0x00000000f85dc098,0x00000000fcf00000)
  from space 19968K, 99% used [0x00000000feb00000,0x00000000ffe7ae88,0x00000000ffe80000)
  to   space 25088K, 0% used [0x00000000fcf00000,0x00000000fcf00000,0x00000000fe780000)
 ParOldGen       total 89600K, used 36576K [0x00000000e0000000, 0x00000000e5780000, 0x00000000f5580000)
  object space 89600K, 40% used [0x00000000e0000000,0x00000000e23b8270,0x00000000e5780000)
 Metaspace       used 68254K, capacity 73838K, committed 73912K, reserved 1114112K
  class space    used 8491K, capacity 10150K, committed 10212K, reserved 1048576K
Event: 62.880 GC heap after
Heap after GC invocations=22 (full 3):
 PSYoungGen      total 149504K, used 960K [0x00000000f5580000, 0x0000000100000000, 0x0000000100000000)
  eden space 124416K, 0% used [0x00000000f5580000,0x00000000f5580000,0x00000000fcf00000)
  from space 25088K, 3% used [0x00000000fcf00000,0x00000000fcff0000,0x00000000fe780000)
  to   space 24576K, 0% used [0x00000000fe800000,0x00000000fe800000,0x0000000100000000)
 ParOldGen       total 89600K, used 51400K [0x00000000e0000000, 0x00000000e5780000, 0x00000000f5580000)
  object space 89600K, 57% used [0x00000000e0000000,0x00000000e3232380,0x00000000e5780000)
 Metaspace       used 68254K, capacity 73838K, committed 73912K, reserved 1114112K
  class space    used 8491K, capacity 10150K, committed 10212K, reserved 1048576K
}
Event: 62.880 GC heap before
{Heap before GC invocations=23 (full 4):
 PSYoungGen      total 149504K, used 960K [0x00000000f5580000, 0x0000000100000000, 0x0000000100000000)
  eden space 124416K, 0% used [0x00000000f5580000,0x00000000f5580000,0x00000000fcf00000)
  from space 25088K, 3% used [0x00000000fcf00000,0x00000000fcff0000,0x00000000fe780000)
  to   space 24576K, 0% used [0x00000000fe800000,0x00000000fe800000,0x0000000100000000)
 ParOldGen       total 89600K, used 51400K [0x00000000e0000000, 0x00000000e5780000, 0x00000000f5580000)
  object space 89600K, 57% used [0x00000000e0000000,0x00000000e3232380,0x00000000e5780000)
 Metaspace       used 68254K, capacity 73838K, committed 73912K, reserved 1114112K
  class space    used 8491K, capacity 10150K, committed 10212K, reserved 1048576K
Event: 63.178 GC heap after
Heap after GC invocations=23 (full 4):
 PSYoungGen      total 149504K, used 0K [0x00000000f5580000, 0x0000000100000000, 0x0000000100000000)
  eden space 124416K, 0% used [0x00000000f5580000,0x00000000f5580000,0x00000000fcf00000)
  from space 25088K, 0% used [0x00000000fcf00000,0x00000000fcf00000,0x00000000fe780000)
  to   space 24576K, 0% used [0x00000000fe800000,0x00000000fe800000,0x0000000100000000)
 ParOldGen       total 89600K, used 47183K [0x00000000e0000000, 0x00000000e5780000, 0x00000000f5580000)
  object space 89600K, 52% used [0x00000000e0000000,0x00000000e2e13d38,0x00000000e5780000)
 Metaspace       used 68254K, capacity 73838K, committed 73912K, reserved 1114112K
  class space    used 8491K, capacity 10150K, committed 10212K, reserved 1048576K
}
Event: 102.702 GC heap before
{Heap before GC invocations=24 (full 4):
 PSYoungGen      total 149504K, used 124416K [0x00000000f5580000, 0x0000000100000000, 0x0000000100000000)
  eden space 124416K, 100% used [0x00000000f5580000,0x00000000fcf00000,0x00000000fcf00000)
  from space 25088K, 0% used [0x00000000fcf00000,0x00000000fcf00000,0x00000000fe780000)
  to   space 24576K, 0% used [0x00000000fe800000,0x00000000fe800000,0x0000000100000000)
 ParOldGen       total 89600K, used 47183K [0x00000000e0000000, 0x00000000e5780000, 0x00000000f5580000)
  object space 89600K, 52% used [0x00000000e0000000,0x00000000e2e13d38,0x00000000e5780000)
 Metaspace       used 75668K, capacity 81346K, committed 81464K, reserved 1120256K
  class space    used 9431K, capacity 11296K, committed 11364K, reserved 1048576K
Event: 102.712 GC heap after
Heap after GC invocations=24 (full 4):
 PSYoungGen      total 148992K, used 13031K [0x00000000f5580000, 0x0000000100000000, 0x0000000100000000)
  eden space 124416K, 0% used [0x00000000f5580000,0x00000000f5580000,0x00000000fcf00000)
  from space 24576K, 53% used [0x00000000fe800000,0x00000000ff4b9eb8,0x0000000100000000)
  to   space 25088K, 0% used [0x00000000fcf00000,0x00000000fcf00000,0x00000000fe780000)
 ParOldGen       total 89600K, used 47191K [0x00000000e0000000, 0x00000000e5780000, 0x00000000f5580000)
  object space 89600K, 52% used [0x00000000e0000000,0x00000000e2e15d38,0x00000000e5780000)
 Metaspace       used 75668K, capacity 81346K, committed 81464K, reserved 1120256K
  class space    used 9431K, capacity 11296K, committed 11364K, reserved 1048576K
}
Event: 191.310 GC heap before
{Heap before GC invocations=25 (full 4):
 PSYoungGen      total 148992K, used 137447K [0x00000000f5580000, 0x0000000100000000, 0x0000000100000000)
  eden space 124416K, 100% used [0x00000000f5580000,0x00000000fcf00000,0x00000000fcf00000)
  from space 24576K, 53% used [0x00000000fe800000,0x00000000ff4b9eb8,0x0000000100000000)
  to   space 25088K, 0% used [0x00000000fcf00000,0x00000000fcf00000,0x00000000fe780000)
 ParOldGen       total 89600K, used 47191K [0x00000000e0000000, 0x00000000e5780000, 0x00000000f5580000)
  object space 89600K, 52% used [0x00000000e0000000,0x00000000e2e15d38,0x00000000e5780000)
 Metaspace       used 80615K, capacity 86548K, committed 86712K, reserved 1124352K
  class space    used 10035K, capacity 11944K, committed 12004K, reserved 1048576K
Event: 191.322 GC heap after
Heap after GC invocations=25 (full 4):
 PSYoungGen      total 132096K, used 7381K [0x00000000f5580000, 0x00000000ffd80000, 0x0000000100000000)
  eden space 124416K, 0% used [0x00000000f5580000,0x00000000f5580000,0x00000000fcf00000)
  from space 7680K, 96% used [0x00000000fcf00000,0x00000000fd635540,0x00000000fd680000)
  to   space 23552K, 0% used [0x00000000fe680000,0x00000000fe680000,0x00000000ffd80000)
 ParOldGen       total 89600K, used 52966K [0x00000000e0000000, 0x00000000e5780000, 0x00000000f5580000)
  object space 89600K, 59% used [0x00000000e0000000,0x00000000e33b9958,0x00000000e5780000)
 Metaspace       used 80615K, capacity 86548K, committed 86712K, reserved 1124352K
  class space    used 10035K, capacity 11944K, committed 12004K, reserved 1048576K
}
Event: 266.110 GC heap before
{Heap before GC invocations=26 (full 4):
 PSYoungGen      total 132096K, used 131797K [0x00000000f5580000, 0x00000000ffd80000, 0x0000000100000000)
  eden space 124416K, 100% used [0x00000000f5580000,0x00000000fcf00000,0x00000000fcf00000)
  from space 7680K, 96% used [0x00000000fcf00000,0x00000000fd635540,0x00000000fd680000)
  to   space 23552K, 0% used [0x00000000fe680000,0x00000000fe680000,0x00000000ffd80000)
 ParOldGen       total 89600K, used 52966K [0x00000000e0000000, 0x00000000e5780000, 0x00000000f5580000)
  object space 89600K, 59% used [0x00000000e0000000,0x00000000e33b9958,0x00000000e5780000)
 Metaspace       used 81821K, capacity 87802K, committed 88120K, reserved 1126400K
  class space    used 10083K, capacity 12080K, committed 12132K, reserved 1048576K
Event: 266.118 GC heap after
Heap after GC invocations=26 (full 4):
 PSYoungGen      total 149504K, used 9255K [0x00000000f5580000, 0x0000000100000000, 0x0000000100000000)
  eden space 125952K, 0% used [0x00000000f5580000,0x00000000f5580000,0x00000000fd080000)
  from space 23552K, 39% used [0x00000000fe680000,0x00000000fef89dd8,0x00000000ffd80000)
  to   space 22528K, 0% used [0x00000000fd080000,0x00000000fd080000,0x00000000fe680000)
 ParOldGen       total 89600K, used 52974K [0x00000000e0000000, 0x00000000e5780000, 0x00000000f5580000)
  object space 89600K, 59% used [0x00000000e0000000,0x00000000e33bb958,0x00000000e5780000)
 Metaspace       used 81821K, capacity 87802K, committed 88120K, reserved 1126400K
  class space    used 10083K, capacity 12080K, committed 12132K, reserved 1048576K
}

