# JRE version: Java(TM) SE Runtime Environment (8.0_25-b18) (build 1.8.0_25-b18)
# Java VM: Java HotSpot(TM) 64-Bit Server VM (25.25-b02 mixed mode windows-amd64 compressed oops)
Heap:
 PSYoungGen      total 143872K, used 116363K [0x00000000f5580000, 0x0000000100000000, 0x0000000100000000)
  eden space 123392K, 84% used [0x00000000f5580000,0x00000000fbb27d98,0x00000000fce00000)
  from space 20480K, 59% used [0x00000000fec00000,0x00000000ff7fb0b8,0x0000000100000000)
  to   space 25600K, 0% used [0x00000000fce00000,0x00000000fce00000,0x00000000fe700000)
 ParOldGen       total 88064K, used 52501K [0x00000000e0000000, 0x00000000e5600000, 0x00000000f5580000)
  object space 88064K, 59% used [0x00000000e0000000,0x00000000e3345758,0x00000000e5600000)
 Metaspace       used 77168K, capacity 83316K, committed 83448K, reserved 1122304K
  class space    used 9519K, capacity 11470K, committed 11512K, reserved 1048576K
GC Heap History (10 events):
Event: 6.229 GC heap before
{Heap before GC invocations=15 (full 2):
 PSYoungGen      total 132096K, used 3979K [0x00000000f5580000, 0x00000000fee80000, 0x0000000100000000)
  eden space 112640K, 2% used [0x00000000f5580000,0x00000000f58806f8,0x00000000fc380000)
  from space 19456K, 4% used [0x00000000fd700000,0x00000000fd7e2780,0x00000000fea00000)
  to   space 19968K, 0% used [0x00000000fc380000,0x00000000fc380000,0x00000000fd700000)
 ParOldGen       total 72192K, used 39752K [0x00000000e0000000, 0x00000000e4680000, 0x00000000f5580000)
  object space 72192K, 55% used [0x00000000e0000000,0x00000000e26d2188,0x00000000e4680000)
 Metaspace       used 55768K, capacity 60006K, committed 60280K, reserved 1101824K
  class space    used 6899K, capacity 8251K, committed 8312K, reserved 1048576K
Event: 6.231 GC heap after
Heap after GC invocations=15 (full 2):
 PSYoungGen      total 132608K, used 561K [0x00000000f5580000, 0x0000000100000000, 0x0000000100000000)
  eden space 112640K, 0% used [0x00000000f5580000,0x00000000f5580000,0x00000000fc380000)
  from space 19968K, 2% used [0x00000000fc380000,0x00000000fc40c578,0x00000000fd700000)
  to   space 20480K, 0% used [0x00000000fec00000,0x00000000fec00000,0x0000000100000000)
 ParOldGen       total 72192K, used 40092K [0x00000000e0000000, 0x00000000e4680000, 0x00000000f5580000)
  object space 72192K, 55% used [0x00000000e0000000,0x00000000e2727360,0x00000000e4680000)
 Metaspace       used 55768K, capacity 60006K, committed 60280K, reserved 1101824K
  class space    used 6899K, capacity 8251K, committed 8312K, reserved 1048576K
}
Event: 6.261 GC heap before
{Heap before GC invocations=16 (full 2):
 PSYoungGen      total 132608K, used 3899K [0x00000000f5580000, 0x0000000100000000, 0x0000000100000000)
  eden space 112640K, 2% used [0x00000000f5580000,0x00000000f58c27e0,0x00000000fc380000)
  from space 19968K, 2% used [0x00000000fc380000,0x00000000fc40c578,0x00000000fd700000)
  to   space 20480K, 0% used [0x00000000fec00000,0x00000000fec00000,0x0000000100000000)
 ParOldGen       total 72192K, used 40092K [0x00000000e0000000, 0x00000000e4680000, 0x00000000f5580000)
  object space 72192K, 55% used [0x00000000e0000000,0x00000000e2727360,0x00000000e4680000)
 Metaspace       used 56090K, capacity 60302K, committed 60356K, reserved 1101824K
  class space    used 6935K, capacity 8287K, committed 8312K, reserved 1048576K
Event: 6.263 GC heap after
Heap after GC invocations=16 (full 2):
 PSYoungGen      total 154112K, used 689K [0x00000000f5580000, 0x0000000100000000, 0x0000000100000000)
  eden space 133632K, 0% used [0x00000000f5580000,0x00000000f5580000,0x00000000fd800000)
  from space 20480K, 3% used [0x00000000fec00000,0x00000000fecac5a0,0x0000000100000000)
  to   space 20480K, 0% used [0x00000000fd800000,0x00000000fd800000,0x00000000fec00000)
 ParOldGen       total 72192K, used 40276K [0x00000000e0000000, 0x00000000e4680000, 0x00000000f5580000)
  object space 72192K, 55% used [0x00000000e0000000,0x00000000e27553a0,0x00000000e4680000)
 Metaspace       used 56090K, capacity 60302K, committed 60356K, reserved 1101824K
  class space    used 6935K, capacity 8287K, committed 8312K, reserved 1048576K
}
Event: 6.263 GC heap before
{Heap before GC invocations=17 (full 3):
 PSYoungGen      total 154112K, used 689K [0x00000000f5580000, 0x0000000100000000, 0x0000000100000000)
  eden space 133632K, 0% used [0x00000000f5580000,0x00000000f5580000,0x00000000fd800000)
  from space 20480K, 3% used [0x00000000fec00000,0x00000000fecac5a0,0x0000000100000000)
  to   space 20480K, 0% used [0x00000000fd800000,0x00000000fd800000,0x00000000fec00000)
 ParOldGen       total 72192K, used 40276K [0x00000000e0000000, 0x00000000e4680000, 0x00000000f5580000)
  object space 72192K, 55% used [0x00000000e0000000,0x00000000e27553a0,0x00000000e4680000)
 Metaspace       used 56090K, capacity 60302K, committed 60356K, reserved 1101824K
  class space    used 6935K, capacity 8287K, committed 8312K, reserved 1048576K
Event: 6.419 GC heap after
Heap after GC invocations=17 (full 3):
 PSYoungGen      total 154112K, used 0K [0x00000000f5580000, 0x0000000100000000, 0x0000000100000000)
  eden space 133632K, 0% used [0x00000000f5580000,0x00000000f5580000,0x00000000fd800000)
  from space 20480K, 0% used [0x00000000fec00000,0x00000000fec00000,0x0000000100000000)
  to   space 20480K, 0% used [0x00000000fd800000,0x00000000fd800000,0x00000000fec00000)
 ParOldGen       total 88064K, used 31314K [0x00000000e0000000, 0x00000000e5600000, 0x00000000f5580000)
  object space 88064K, 35% used [0x00000000e0000000,0x00000000e1e94ad0,0x00000000e5600000)
 Metaspace       used 56090K, capacity 60302K, committed 60356K, reserved 1101824K
  class space    used 6935K, capacity 8287K, committed 8312K, reserved 1048576K
}
Event: 19.111 GC heap before
{Heap before GC invocations=18 (full 3):
 PSYoungGen      total 154112K, used 133632K [0x00000000f5580000, 0x0000000100000000, 0x0000000100000000)
  eden space 133632K, 100% used [0x00000000f5580000,0x00000000fd800000,0x00000000fd800000)
  from space 20480K, 0% used [0x00000000fec00000,0x00000000fec00000,0x0000000100000000)
  to   space 20480K, 0% used [0x00000000fd800000,0x00000000fd800000,0x00000000fec00000)
 ParOldGen       total 88064K, used 31314K [0x00000000e0000000, 0x00000000e5600000, 0x00000000f5580000)
  object space 88064K, 35% used [0x00000000e0000000,0x00000000e1e94ad0,0x00000000e5600000)
 Metaspace       used 67554K, capacity 72870K, committed 73080K, reserved 1112064K
  class space    used 8429K, capacity 10088K, committed 10104K, reserved 1048576K
Event: 19.127 GC heap after
Heap after GC invocations=18 (full 3):
 PSYoungGen      total 154112K, used 20465K [0x00000000f5580000, 0x0000000100000000, 0x0000000100000000)
  eden space 133632K, 0% used [0x00000000f5580000,0x00000000f5580000,0x00000000fd800000)
  from space 20480K, 99% used [0x00000000fd800000,0x00000000febfc6b0,0x00000000fec00000)
  to   space 20480K, 0% used [0x00000000fec00000,0x00000000fec00000,0x0000000100000000)
 ParOldGen       total 88064K, used 36811K [0x00000000e0000000, 0x00000000e5600000, 0x00000000f5580000)
  object space 88064K, 41% used [0x00000000e0000000,0x00000000e23f2f60,0x00000000e5600000)
 Metaspace       used 67554K, capacity 72870K, committed 73080K, reserved 1112064K
  class space    used 8429K, capacity 10088K, committed 10104K, reserved 1048576K
}
Event: 71.813 GC heap before
{Heap before GC invocations=19 (full 3):
 PSYoungGen      total 154112K, used 154097K [0x00000000f5580000, 0x0000000100000000, 0x0000000100000000)
  eden space 133632K, 100% used [0x00000000f5580000,0x00000000fd800000,0x00000000fd800000)
  from space 20480K, 99% used [0x00000000fd800000,0x00000000febfc6b0,0x00000000fec00000)
  to   space 20480K, 0% used [0x00000000fec00000,0x00000000fec00000,0x0000000100000000)
 ParOldGen       total 88064K, used 36811K [0x00000000e0000000, 0x00000000e5600000, 0x00000000f5580000)
  object space 88064K, 41% used [0x00000000e0000000,0x00000000e23f2f60,0x00000000e5600000)
 Metaspace       used 75238K, capacity 81238K, committed 81528K, reserved 1120256K
  class space    used 9366K, capacity 11272K, committed 11384K, reserved 1048576K
Event: 71.831 GC heap after
Heap after GC invocations=19 (full 3):
 PSYoungGen      total 143872K, used 12268K [0x00000000f5580000, 0x0000000100000000, 0x0000000100000000)
  eden space 123392K, 0% used [0x00000000f5580000,0x00000000f5580000,0x00000000fce00000)
  from space 20480K, 59% used [0x00000000fec00000,0x00000000ff7fb0b8,0x0000000100000000)
  to   space 25600K, 0% used [0x00000000fce00000,0x00000000fce00000,0x00000000fe700000)
 ParOldGen       total 88064K, used 52501K [0x00000000e0000000, 0x00000000e5600000, 0x00000000f5580000)
  object space 88064K, 59% used [0x00000000e0000000,0x00000000e3345758,0x00000000e5600000)
 Metaspace       used 75238K, capacity 81238K, committed 81528K, reserved 1120256K
  class space    used 9366K, capacity 11272K, committed 11384K, reserved 1048576K
}

