# JRE version: Java(TM) SE Runtime Environment (8.0_25-b18) (build 1.8.0_25-b18)
# Java VM: Java HotSpot(TM) 64-Bit Server VM (25.25-b02 mixed mode windows-amd64 compressed oops)
Heap:
 PSYoungGen      total 39936K, used 14651K [0x00000000f5580000, 0x00000000f8900000, 0x0000000100000000)
  eden space 29184K, 32% used [0x00000000f5580000,0x00000000f5ed6940,0x00000000f7200000)
  from space 10752K, 47% used [0x00000000f7e80000,0x00000000f8378420,0x00000000f8900000)
  to   space 11776K, 0% used [0x00000000f7200000,0x00000000f7200000,0x00000000f7d80000)
 ParOldGen       total 101888K, used 43642K [0x00000000e0000000, 0x00000000e6380000, 0x00000000f5580000)
  object space 101888K, 42% used [0x00000000e0000000,0x00000000e2a9ebb0,0x00000000e6380000)
 Metaspace       used 88002K, capacity 94070K, committed 94424K, reserved 1130496K
  class space    used 10409K, capacity 12473K, committed 12504K, reserved 1048576K
GC Heap History (10 events):
Event: 3313.371 GC heap before
{Heap before GC invocations=91 (full 15):
 PSYoungGen      total 40448K, used 37078K [0x00000000f5580000, 0x00000000f8980000, 0x0000000100000000)
  eden space 29696K, 100% used [0x00000000f5580000,0x00000000f7280000,0x00000000f7280000)
  from space 10752K, 68% used [0x00000000f7300000,0x00000000f7a35b00,0x00000000f7d80000)
  to   space 11776K, 0% used [0x00000000f7e00000,0x00000000f7e00000,0x00000000f8980000)
 ParOldGen       total 101888K, used 43634K [0x00000000e0000000, 0x00000000e6380000, 0x00000000f5580000)
  object space 101888K, 42% used [0x00000000e0000000,0x00000000e2a9cbb0,0x00000000e6380000)
 Metaspace       used 87431K, capacity 93604K, committed 94040K, reserved 1130496K
  class space    used 10353K, capacity 12342K, committed 12376K, reserved 1048576K
Event: 3313.377 GC heap after
Heap after GC invocations=91 (full 15):
 PSYoungGen      total 40960K, used 7213K [0x00000000f5580000, 0x00000000f8a80000, 0x0000000100000000)
  eden space 29184K, 0% used [0x00000000f5580000,0x00000000f5580000,0x00000000f7200000)
  from space 11776K, 61% used [0x00000000f7e00000,0x00000000f850b450,0x00000000f8980000)
  to   space 12288K, 0% used [0x00000000f7200000,0x00000000f7200000,0x00000000f7e00000)
 ParOldGen       total 101888K, used 43642K [0x00000000e0000000, 0x00000000e6380000, 0x00000000f5580000)
  object space 101888K, 42% used [0x00000000e0000000,0x00000000e2a9ebb0,0x00000000e6380000)
 Metaspace       used 87431K, capacity 93604K, committed 94040K, reserved 1130496K
  class space    used 10353K, capacity 12342K, committed 12376K, reserved 1048576K
}
Event: 3393.395 GC heap before
{Heap before GC invocations=92 (full 15):
 PSYoungGen      total 40960K, used 36397K [0x00000000f5580000, 0x00000000f8a80000, 0x0000000100000000)
  eden space 29184K, 100% used [0x00000000f5580000,0x00000000f7200000,0x00000000f7200000)
  from space 11776K, 61% used [0x00000000f7e00000,0x00000000f850b450,0x00000000f8980000)
  to   space 12288K, 0% used [0x00000000f7200000,0x00000000f7200000,0x00000000f7e00000)
 ParOldGen       total 101888K, used 43642K [0x00000000e0000000, 0x00000000e6380000, 0x00000000f5580000)
  object space 101888K, 42% used [0x00000000e0000000,0x00000000e2a9ebb0,0x00000000e6380000)
 Metaspace       used 87448K, capacity 93668K, committed 94040K, reserved 1130496K
  class space    used 10353K, capacity 12342K, committed 12376K, reserved 1048576K
Event: 3393.399 GC heap after
Heap after GC invocations=92 (full 15):
 PSYoungGen      total 41472K, used 6982K [0x00000000f5580000, 0x00000000f8a00000, 0x0000000100000000)
  eden space 29184K, 0% used [0x00000000f5580000,0x00000000f5580000,0x00000000f7200000)
  from space 12288K, 56% used [0x00000000f7200000,0x00000000f78d1b98,0x00000000f7e00000)
  to   space 12288K, 0% used [0x00000000f7e00000,0x00000000f7e00000,0x00000000f8a00000)
 ParOldGen       total 101888K, used 43642K [0x00000000e0000000, 0x00000000e6380000, 0x00000000f5580000)
  object space 101888K, 42% used [0x00000000e0000000,0x00000000e2a9ebb0,0x00000000e6380000)
 Metaspace       used 87448K, capacity 93668K, committed 94040K, reserved 1130496K
  class space    used 10353K, capacity 12342K, committed 12376K, reserved 1048576K
}
Event: 3512.458 GC heap before
{Heap before GC invocations=93 (full 15):
 PSYoungGen      total 41472K, used 36166K [0x00000000f5580000, 0x00000000f8a00000, 0x0000000100000000)
  eden space 29184K, 100% used [0x00000000f5580000,0x00000000f7200000,0x00000000f7200000)
  from space 12288K, 56% used [0x00000000f7200000,0x00000000f78d1b98,0x00000000f7e00000)
  to   space 12288K, 0% used [0x00000000f7e00000,0x00000000f7e00000,0x00000000f8a00000)
 ParOldGen       total 101888K, used 43642K [0x00000000e0000000, 0x00000000e6380000, 0x00000000f5580000)
  object space 101888K, 42% used [0x00000000e0000000,0x00000000e2a9ebb0,0x00000000e6380000)
 Metaspace       used 87469K, capacity 93668K, committed 94040K, reserved 1130496K
  class space    used 10353K, capacity 12342K, committed 12376K, reserved 1048576K
Event: 3512.462 GC heap after
Heap after GC invocations=93 (full 15):
 PSYoungGen      total 41472K, used 6969K [0x00000000f5580000, 0x00000000f8a00000, 0x0000000100000000)
  eden space 29184K, 0% used [0x00000000f5580000,0x00000000f5580000,0x00000000f7200000)
  from space 12288K, 56% used [0x00000000f7e00000,0x00000000f84ce4e8,0x00000000f8a00000)
  to   space 12288K, 0% used [0x00000000f7200000,0x00000000f7200000,0x00000000f7e00000)
 ParOldGen       total 101888K, used 43642K [0x00000000e0000000, 0x00000000e6380000, 0x00000000f5580000)
  object space 101888K, 42% used [0x00000000e0000000,0x00000000e2a9ebb0,0x00000000e6380000)
 Metaspace       used 87469K, capacity 93668K, committed 94040K, reserved 1130496K
  class space    used 10353K, capacity 12342K, committed 12376K, reserved 1048576K
}
Event: 3660.248 GC heap before
{Heap before GC invocations=94 (full 15):
 PSYoungGen      total 41472K, used 36153K [0x00000000f5580000, 0x00000000f8a00000, 0x0000000100000000)
  eden space 29184K, 100% used [0x00000000f5580000,0x00000000f7200000,0x00000000f7200000)
  from space 12288K, 56% used [0x00000000f7e00000,0x00000000f84ce4e8,0x00000000f8a00000)
  to   space 12288K, 0% used [0x00000000f7200000,0x00000000f7200000,0x00000000f7e00000)
 ParOldGen       total 101888K, used 43642K [0x00000000e0000000, 0x00000000e6380000, 0x00000000f5580000)
  object space 101888K, 42% used [0x00000000e0000000,0x00000000e2a9ebb0,0x00000000e6380000)
 Metaspace       used 87497K, capacity 93668K, committed 94040K, reserved 1130496K
  class space    used 10353K, capacity 12342K, committed 12376K, reserved 1048576K
Event: 3660.254 GC heap after
Heap after GC invocations=94 (full 15):
 PSYoungGen      total 41472K, used 7113K [0x00000000f5580000, 0x00000000f8b00000, 0x0000000100000000)
  eden space 29184K, 0% used [0x00000000f5580000,0x00000000f5580000,0x00000000f7200000)
  from space 12288K, 57% used [0x00000000f7200000,0x00000000f78f24f8,0x00000000f7e00000)
  to   space 12800K, 0% used [0x00000000f7e80000,0x00000000f7e80000,0x00000000f8b00000)
 ParOldGen       total 101888K, used 43642K [0x00000000e0000000, 0x00000000e6380000, 0x00000000f5580000)
  object space 101888K, 42% used [0x00000000e0000000,0x00000000e2a9ebb0,0x00000000e6380000)
 Metaspace       used 87497K, capacity 93668K, committed 94040K, reserved 1130496K
  class space    used 10353K, capacity 12342K, committed 12376K, reserved 1048576K
}
Event: 3662.543 GC heap before
{Heap before GC invocations=95 (full 15):
 PSYoungGen      total 41472K, used 36297K [0x00000000f5580000, 0x00000000f8b00000, 0x0000000100000000)
  eden space 29184K, 100% used [0x00000000f5580000,0x00000000f7200000,0x00000000f7200000)
  from space 12288K, 57% used [0x00000000f7200000,0x00000000f78f24f8,0x00000000f7e00000)
  to   space 12800K, 0% used [0x00000000f7e80000,0x00000000f7e80000,0x00000000f8b00000)
 ParOldGen       total 101888K, used 43642K [0x00000000e0000000, 0x00000000e6380000, 0x00000000f5580000)
  object space 101888K, 42% used [0x00000000e0000000,0x00000000e2a9ebb0,0x00000000e6380000)
 Metaspace       used 87616K, capacity 93744K, committed 94040K, reserved 1130496K
  class space    used 10368K, capacity 12344K, committed 12376K, reserved 1048576K
Event: 3662.552 GC heap after
Heap after GC invocations=95 (full 15):
 PSYoungGen      total 39936K, used 5089K [0x00000000f5580000, 0x00000000f8900000, 0x0000000100000000)
  eden space 29184K, 0% used [0x00000000f5580000,0x00000000f5580000,0x00000000f7200000)
  from space 10752K, 47% used [0x00000000f7e80000,0x00000000f8378420,0x00000000f8900000)
  to   space 11776K, 0% used [0x00000000f7200000,0x00000000f7200000,0x00000000f7d80000)
 ParOldGen       total 101888K, used 43642K [0x00000000e0000000, 0x00000000e6380000, 0x00000000f5580000)
  object space 101888K, 42% used [0x00000000e0000000,0x00000000e2a9ebb0,0x00000000e6380000)
 Metaspace       used 87616K, capacity 93744K, committed 94040K, reserved 1130496K
  class space    used 10368K, capacity 12344K, committed 12376K, reserved 1048576K
}

