# JRE version: Java(TM) SE Runtime Environment (8.0_25-b18) (build 1.8.0_25-b18)
# Java VM: Java HotSpot(TM) 64-Bit Server VM (25.25-b02 mixed mode windows-amd64 compressed oops)
Heap:
 PSYoungGen      total 165376K, used 41189K [0x00000000f5580000, 0x00000000fff80000, 0x0000000100000000)
  eden space 156672K, 26% used [0x00000000f5580000,0x00000000f7db95e0,0x00000000fee80000)
  from space 8704K, 0% used [0x00000000ff700000,0x00000000ff700000,0x00000000fff80000)
  to   space 8704K, 0% used [0x00000000fee80000,0x00000000fee80000,0x00000000ff700000)
 ParOldGen       total 92672K, used 45750K [0x00000000e0000000, 0x00000000e5a80000, 0x00000000f5580000)
  object space 92672K, 49% used [0x00000000e0000000,0x00000000e2cada38,0x00000000e5a80000)
 Metaspace       used 83657K, capacity 89678K, committed 89836K, reserved 1128448K
  class space    used 9963K, capacity 11811K, committed 11824K, reserved 1048576K
GC Heap History (10 events):
Event: 5876.969 GC heap before
{Heap before GC invocations=215 (full 97):
 PSYoungGen      total 164864K, used 5581K [0x00000000f5580000, 0x0000000100000000, 0x0000000100000000)
  eden space 156160K, 0% used [0x00000000f5580000,0x00000000f5580000,0x00000000fee00000)
  from space 8704K, 64% used [0x00000000ff700000,0x00000000ffc737f8,0x00000000fff80000)
  to   space 9216K, 0% used [0x00000000fee00000,0x00000000fee00000,0x00000000ff700000)
 ParOldGen       total 92672K, used 48416K [0x00000000e0000000, 0x00000000e5a80000, 0x00000000f5580000)
  object space 92672K, 52% used [0x00000000e0000000,0x00000000e2f48018,0x00000000e5a80000)
 Metaspace       used 82605K, capacity 88470K, committed 88812K, reserved 1126400K
  class space    used 9852K, capacity 11709K, committed 11824K, reserved 1048576K
Event: 5877.203 GC heap after
Heap after GC invocations=215 (full 97):
 PSYoungGen      total 164864K, used 0K [0x00000000f5580000, 0x0000000100000000, 0x0000000100000000)
  eden space 156160K, 0% used [0x00000000f5580000,0x00000000f5580000,0x00000000fee00000)
  from space 8704K, 0% used [0x00000000ff700000,0x00000000ff700000,0x00000000fff80000)
  to   space 9216K, 0% used [0x00000000fee00000,0x00000000fee00000,0x00000000ff700000)
 ParOldGen       total 92672K, used 47260K [0x00000000e0000000, 0x00000000e5a80000, 0x00000000f5580000)
  object space 92672K, 50% used [0x00000000e0000000,0x00000000e2e27258,0x00000000e5a80000)
 Metaspace       used 82605K, capacity 88470K, committed 88812K, reserved 1126400K
  class space    used 9852K, capacity 11709K, committed 11824K, reserved 1048576K
}
Event: 5943.091 GC heap before
{Heap before GC invocations=216 (full 97):
 PSYoungGen      total 164864K, used 93579K [0x00000000f5580000, 0x0000000100000000, 0x0000000100000000)
  eden space 156160K, 59% used [0x00000000f5580000,0x00000000fb0e2fd8,0x00000000fee00000)
  from space 8704K, 0% used [0x00000000ff700000,0x00000000ff700000,0x00000000fff80000)
  to   space 9216K, 0% used [0x00000000fee00000,0x00000000fee00000,0x00000000ff700000)
 ParOldGen       total 92672K, used 47260K [0x00000000e0000000, 0x00000000e5a80000, 0x00000000f5580000)
  object space 92672K, 50% used [0x00000000e0000000,0x00000000e2e27258,0x00000000e5a80000)
 Metaspace       used 82770K, capacity 88598K, committed 88812K, reserved 1126400K
  class space    used 9861K, capacity 11709K, committed 11824K, reserved 1048576K
Event: 5943.095 GC heap after
Heap after GC invocations=216 (full 97):
 PSYoungGen      total 165376K, used 4007K [0x00000000f5580000, 0x00000000fff80000, 0x0000000100000000)
  eden space 156160K, 0% used [0x00000000f5580000,0x00000000f5580000,0x00000000fee00000)
  from space 9216K, 43% used [0x00000000fee00000,0x00000000ff1e9e98,0x00000000ff700000)
  to   space 8704K, 0% used [0x00000000ff700000,0x00000000ff700000,0x00000000fff80000)
 ParOldGen       total 92672K, used 47268K [0x00000000e0000000, 0x00000000e5a80000, 0x00000000f5580000)
  object space 92672K, 51% used [0x00000000e0000000,0x00000000e2e29258,0x00000000e5a80000)
 Metaspace       used 82770K, capacity 88598K, committed 88812K, reserved 1126400K
  class space    used 9861K, capacity 11709K, committed 11824K, reserved 1048576K
}
Event: 5943.095 GC heap before
{Heap before GC invocations=217 (full 98):
 PSYoungGen      total 165376K, used 4007K [0x00000000f5580000, 0x00000000fff80000, 0x0000000100000000)
  eden space 156160K, 0% used [0x00000000f5580000,0x00000000f5580000,0x00000000fee00000)
  from space 9216K, 43% used [0x00000000fee00000,0x00000000ff1e9e98,0x00000000ff700000)
  to   space 8704K, 0% used [0x00000000ff700000,0x00000000ff700000,0x00000000fff80000)
 ParOldGen       total 92672K, used 47268K [0x00000000e0000000, 0x00000000e5a80000, 0x00000000f5580000)
  object space 92672K, 51% used [0x00000000e0000000,0x00000000e2e29258,0x00000000e5a80000)
 Metaspace       used 82770K, capacity 88598K, committed 88812K, reserved 1126400K
  class space    used 9861K, capacity 11709K, committed 11824K, reserved 1048576K
Event: 5943.274 GC heap after
Heap after GC invocations=217 (full 98):
 PSYoungGen      total 165376K, used 0K [0x00000000f5580000, 0x00000000fff80000, 0x0000000100000000)
  eden space 156160K, 0% used [0x00000000f5580000,0x00000000f5580000,0x00000000fee00000)
  from space 9216K, 0% used [0x00000000fee00000,0x00000000fee00000,0x00000000ff700000)
  to   space 8704K, 0% used [0x00000000ff700000,0x00000000ff700000,0x00000000fff80000)
 ParOldGen       total 92672K, used 46856K [0x00000000e0000000, 0x00000000e5a80000, 0x00000000f5580000)
  object space 92672K, 50% used [0x00000000e0000000,0x00000000e2dc22e8,0x00000000e5a80000)
 Metaspace       used 82770K, capacity 88598K, committed 88812K, reserved 1126400K
  class space    used 9861K, capacity 11709K, committed 11824K, reserved 1048576K
}
Event: 6003.098 GC heap before
{Heap before GC invocations=218 (full 98):
 PSYoungGen      total 165376K, used 14781K [0x00000000f5580000, 0x00000000fff80000, 0x0000000100000000)
  eden space 156160K, 9% used [0x00000000f5580000,0x00000000f63ef4d0,0x00000000fee00000)
  from space 9216K, 0% used [0x00000000fee00000,0x00000000fee00000,0x00000000ff700000)
  to   space 8704K, 0% used [0x00000000ff700000,0x00000000ff700000,0x00000000fff80000)
 ParOldGen       total 92672K, used 46856K [0x00000000e0000000, 0x00000000e5a80000, 0x00000000f5580000)
  object space 92672K, 50% used [0x00000000e0000000,0x00000000e2dc22e8,0x00000000e5a80000)
 Metaspace       used 82795K, capacity 88662K, committed 88812K, reserved 1126400K
  class space    used 9861K, capacity 11709K, committed 11824K, reserved 1048576K
Event: 6003.102 GC heap after
Heap after GC invocations=218 (full 98):
 PSYoungGen      total 165376K, used 512K [0x00000000f5580000, 0x00000000fff80000, 0x0000000100000000)
  eden space 156672K, 0% used [0x00000000f5580000,0x00000000f5580000,0x00000000fee80000)
  from space 8704K, 5% used [0x00000000ff700000,0x00000000ff780000,0x00000000fff80000)
  to   space 8704K, 0% used [0x00000000fee80000,0x00000000fee80000,0x00000000ff700000)
 ParOldGen       total 92672K, used 46864K [0x00000000e0000000, 0x00000000e5a80000, 0x00000000f5580000)
  object space 92672K, 50% used [0x00000000e0000000,0x00000000e2dc42e8,0x00000000e5a80000)
 Metaspace       used 82795K, capacity 88662K, committed 88812K, reserved 1126400K
  class space    used 9861K, capacity 11709K, committed 11824K, reserved 1048576K
}
Event: 6003.102 GC heap before
{Heap before GC invocations=219 (full 99):
 PSYoungGen      total 165376K, used 512K [0x00000000f5580000, 0x00000000fff80000, 0x0000000100000000)
  eden space 156672K, 0% used [0x00000000f5580000,0x00000000f5580000,0x00000000fee80000)
  from space 8704K, 5% used [0x00000000ff700000,0x00000000ff780000,0x00000000fff80000)
  to   space 8704K, 0% used [0x00000000fee80000,0x00000000fee80000,0x00000000ff700000)
 ParOldGen       total 92672K, used 46864K [0x00000000e0000000, 0x00000000e5a80000, 0x00000000f5580000)
  object space 92672K, 50% used [0x00000000e0000000,0x00000000e2dc42e8,0x00000000e5a80000)
 Metaspace       used 82795K, capacity 88662K, committed 88812K, reserved 1126400K
  class space    used 9861K, capacity 11709K, committed 11824K, reserved 1048576K
Event: 6003.306 GC heap after
Heap after GC invocations=219 (full 99):
 PSYoungGen      total 165376K, used 0K [0x00000000f5580000, 0x00000000fff80000, 0x0000000100000000)
  eden space 156672K, 0% used [0x00000000f5580000,0x00000000f5580000,0x00000000fee80000)
  from space 8704K, 0% used [0x00000000ff700000,0x00000000ff700000,0x00000000fff80000)
  to   space 8704K, 0% used [0x00000000fee80000,0x00000000fee80000,0x00000000ff700000)
 ParOldGen       total 92672K, used 45750K [0x00000000e0000000, 0x00000000e5a80000, 0x00000000f5580000)
  object space 92672K, 49% used [0x00000000e0000000,0x00000000e2cada38,0x00000000e5a80000)
 Metaspace       used 82795K, capacity 88662K, committed 88812K, reserved 1126400K
  class space    used 9861K, capacity 11709K, committed 11824K, reserved 1048576K
}

