# JRE version: Java(TM) SE Runtime Environment (8.0_25-b18) (build 1.8.0_25-b18)
# Java VM: Java HotSpot(TM) 64-Bit Server VM (25.25-b02 mixed mode windows-amd64 compressed oops)
Heap:
 PSYoungGen      total 142848K, used 97926K [0x00000000f5580000, 0x0000000100000000, 0x0000000100000000)
  eden space 119808K, 75% used [0x00000000f5580000,0x00000000fae696d0,0x00000000fca80000)
  from space 23040K, 29% used [0x00000000fca80000,0x00000000fd138340,0x00000000fe100000)
  to   space 22528K, 0% used [0x00000000fea00000,0x00000000fea00000,0x0000000100000000)
 ParOldGen       total 83968K, used 49969K [0x00000000e0000000, 0x00000000e5200000, 0x00000000f5580000)
  object space 83968K, 59% used [0x00000000e0000000,0x00000000e30cc700,0x00000000e5200000)
 Metaspace       used 77566K, capacity 83618K, committed 83800K, reserved 1122304K
  class space    used 9581K, capacity 11530K, committed 11608K, reserved 1048576K
GC Heap History (10 events):
Event: 6.128 GC heap before
{Heap before GC invocations=12 (full 2):
 PSYoungGen      total 81920K, used 17697K [0x00000000f5580000, 0x00000000fd180000, 0x0000000100000000)
  eden space 66048K, 2% used [0x00000000f5580000,0x00000000f574c0c8,0x00000000f9600000)
  from space 15872K, 99% used [0x00000000f9600000,0x00000000fa57c420,0x00000000fa580000)
  to   space 20992K, 0% used [0x00000000fbd00000,0x00000000fbd00000,0x00000000fd180000)
 ParOldGen       total 71168K, used 30309K [0x00000000e0000000, 0x00000000e4580000, 0x00000000f5580000)
  object space 71168K, 42% used [0x00000000e0000000,0x00000000e1d995c0,0x00000000e4580000)
 Metaspace       used 54707K, capacity 58944K, committed 59028K, reserved 1099776K
  class space    used 6736K, capacity 8089K, committed 8152K, reserved 1048576K
Event: 6.137 GC heap after
Heap after GC invocations=12 (full 2):
 PSYoungGen      total 107008K, used 11412K [0x00000000f5580000, 0x00000000fdd00000, 0x0000000100000000)
  eden space 86016K, 0% used [0x00000000f5580000,0x00000000f5580000,0x00000000fa980000)
  from space 20992K, 54% used [0x00000000fbd00000,0x00000000fc825268,0x00000000fd180000)
  to   space 19968K, 0% used [0x00000000fa980000,0x00000000fa980000,0x00000000fbd00000)
 ParOldGen       total 71168K, used 30317K [0x00000000e0000000, 0x00000000e4580000, 0x00000000f5580000)
  object space 71168K, 42% used [0x00000000e0000000,0x00000000e1d9b5c0,0x00000000e4580000)
 Metaspace       used 54707K, capacity 58944K, committed 59028K, reserved 1099776K
  class space    used 6736K, capacity 8089K, committed 8152K, reserved 1048576K
}
Event: 6.137 GC heap before
{Heap before GC invocations=13 (full 3):
 PSYoungGen      total 107008K, used 11412K [0x00000000f5580000, 0x00000000fdd00000, 0x0000000100000000)
  eden space 86016K, 0% used [0x00000000f5580000,0x00000000f5580000,0x00000000fa980000)
  from space 20992K, 54% used [0x00000000fbd00000,0x00000000fc825268,0x00000000fd180000)
  to   space 19968K, 0% used [0x00000000fa980000,0x00000000fa980000,0x00000000fbd00000)
 ParOldGen       total 71168K, used 30317K [0x00000000e0000000, 0x00000000e4580000, 0x00000000f5580000)
  object space 71168K, 42% used [0x00000000e0000000,0x00000000e1d9b5c0,0x00000000e4580000)
 Metaspace       used 54707K, capacity 58944K, committed 59028K, reserved 1099776K
  class space    used 6736K, capacity 8089K, committed 8152K, reserved 1048576K
Event: 6.292 GC heap after
Heap after GC invocations=13 (full 3):
 PSYoungGen      total 107008K, used 0K [0x00000000f5580000, 0x00000000fdd00000, 0x0000000100000000)
  eden space 86016K, 0% used [0x00000000f5580000,0x00000000f5580000,0x00000000fa980000)
  from space 20992K, 0% used [0x00000000fbd00000,0x00000000fbd00000,0x00000000fd180000)
  to   space 19968K, 0% used [0x00000000fa980000,0x00000000fa980000,0x00000000fbd00000)
 ParOldGen       total 83968K, used 30549K [0x00000000e0000000, 0x00000000e5200000, 0x00000000f5580000)
  object space 83968K, 36% used [0x00000000e0000000,0x00000000e1dd5550,0x00000000e5200000)
 Metaspace       used 54707K, capacity 58944K, committed 59028K, reserved 1099776K
  class space    used 6736K, capacity 8089K, committed 8152K, reserved 1048576K
}
Event: 7.820 GC heap before
{Heap before GC invocations=14 (full 3):
 PSYoungGen      total 107008K, used 86016K [0x00000000f5580000, 0x00000000fdd00000, 0x0000000100000000)
  eden space 86016K, 100% used [0x00000000f5580000,0x00000000fa980000,0x00000000fa980000)
  from space 20992K, 0% used [0x00000000fbd00000,0x00000000fbd00000,0x00000000fd180000)
  to   space 19968K, 0% used [0x00000000fa980000,0x00000000fa980000,0x00000000fbd00000)
 ParOldGen       total 83968K, used 30549K [0x00000000e0000000, 0x00000000e5200000, 0x00000000f5580000)
  object space 83968K, 36% used [0x00000000e0000000,0x00000000e1dd5550,0x00000000e5200000)
 Metaspace       used 59247K, capacity 63504K, committed 63832K, reserved 1103872K
  class space    used 7392K, capacity 8715K, committed 8792K, reserved 1048576K
Event: 7.847 GC heap after
Heap after GC invocations=14 (full 3):
 PSYoungGen      total 105984K, used 16478K [0x00000000f5580000, 0x00000000ff800000, 0x0000000100000000)
  eden space 86016K, 0% used [0x00000000f5580000,0x00000000f5580000,0x00000000fa980000)
  from space 19968K, 82% used [0x00000000fa980000,0x00000000fb997b60,0x00000000fbd00000)
  to   space 21504K, 0% used [0x00000000fe300000,0x00000000fe300000,0x00000000ff800000)
 ParOldGen       total 83968K, used 30557K [0x00000000e0000000, 0x00000000e5200000, 0x00000000f5580000)
  object space 83968K, 36% used [0x00000000e0000000,0x00000000e1dd7550,0x00000000e5200000)
 Metaspace       used 59247K, capacity 63504K, committed 63832K, reserved 1103872K
  class space    used 7392K, capacity 8715K, committed 8792K, reserved 1048576K
}
Event: 27.778 GC heap before
{Heap before GC invocations=15 (full 3):
 PSYoungGen      total 105984K, used 102494K [0x00000000f5580000, 0x00000000ff800000, 0x0000000100000000)
  eden space 86016K, 100% used [0x00000000f5580000,0x00000000fa980000,0x00000000fa980000)
  from space 19968K, 82% used [0x00000000fa980000,0x00000000fb997b60,0x00000000fbd00000)
  to   space 21504K, 0% used [0x00000000fe300000,0x00000000fe300000,0x00000000ff800000)
 ParOldGen       total 83968K, used 30557K [0x00000000e0000000, 0x00000000e5200000, 0x00000000f5580000)
  object space 83968K, 36% used [0x00000000e0000000,0x00000000e1dd7550,0x00000000e5200000)
 Metaspace       used 71078K, capacity 76892K, committed 77016K, reserved 1116160K
  class space    used 8872K, capacity 10710K, committed 10712K, reserved 1048576K
Event: 27.799 GC heap after
Heap after GC invocations=15 (full 3):
 PSYoungGen      total 140800K, used 17705K [0x00000000f5580000, 0x00000000ff780000, 0x0000000100000000)
  eden space 119808K, 0% used [0x00000000f5580000,0x00000000f5580000,0x00000000fca80000)
  from space 20992K, 84% used [0x00000000fe300000,0x00000000ff44a4c8,0x00000000ff780000)
  to   space 23040K, 0% used [0x00000000fca80000,0x00000000fca80000,0x00000000fe100000)
 ParOldGen       total 83968K, used 43203K [0x00000000e0000000, 0x00000000e5200000, 0x00000000f5580000)
  object space 83968K, 51% used [0x00000000e0000000,0x00000000e2a30e40,0x00000000e5200000)
 Metaspace       used 71078K, capacity 76892K, committed 77016K, reserved 1116160K
  class space    used 8872K, capacity 10710K, committed 10712K, reserved 1048576K
}
Event: 83.886 GC heap before
{Heap before GC invocations=16 (full 3):
 PSYoungGen      total 140800K, used 137513K [0x00000000f5580000, 0x00000000ff780000, 0x0000000100000000)
  eden space 119808K, 100% used [0x00000000f5580000,0x00000000fca80000,0x00000000fca80000)
  from space 20992K, 84% used [0x00000000fe300000,0x00000000ff44a4c8,0x00000000ff780000)
  to   space 23040K, 0% used [0x00000000fca80000,0x00000000fca80000,0x00000000fe100000)
 ParOldGen       total 83968K, used 43203K [0x00000000e0000000, 0x00000000e5200000, 0x00000000f5580000)
  object space 83968K, 51% used [0x00000000e0000000,0x00000000e2a30e40,0x00000000e5200000)
 Metaspace       used 75390K, capacity 81462K, committed 81752K, reserved 1120256K
  class space    used 9360K, capacity 11303K, committed 11352K, reserved 1048576K
Event: 83.897 GC heap after
Heap after GC invocations=16 (full 3):
 PSYoungGen      total 142848K, used 6880K [0x00000000f5580000, 0x0000000100000000, 0x0000000100000000)
  eden space 119808K, 0% used [0x00000000f5580000,0x00000000f5580000,0x00000000fca80000)
  from space 23040K, 29% used [0x00000000fca80000,0x00000000fd138340,0x00000000fe100000)
  to   space 22528K, 0% used [0x00000000fea00000,0x00000000fea00000,0x0000000100000000)
 ParOldGen       total 83968K, used 49969K [0x00000000e0000000, 0x00000000e5200000, 0x00000000f5580000)
  object space 83968K, 59% used [0x00000000e0000000,0x00000000e30cc700,0x00000000e5200000)
 Metaspace       used 75390K, capacity 81462K, committed 81752K, reserved 1120256K
  class space    used 9360K, capacity 11303K, committed 11352K, reserved 1048576K
}

