# JRE version: Java(TM) SE Runtime Environment (8.0_25-b18) (build 1.8.0_25-b18)
# Java VM: Java HotSpot(TM) 64-Bit Server VM (25.25-b02 mixed mode windows-amd64 compressed oops)
Heap:
 PSYoungGen      total 138240K, used 45957K [0x00000000f5580000, 0x00000000ff800000, 0x0000000100000000)
  eden space 124416K, 27% used [0x00000000f5580000,0x00000000f777f528,0x00000000fcf00000)
  from space 13824K, 80% used [0x00000000fea80000,0x00000000ff562238,0x00000000ff800000)
  to   space 20992K, 0% used [0x00000000fcf00000,0x00000000fcf00000,0x00000000fe380000)
 ParOldGen       total 88576K, used 55488K [0x00000000e0000000, 0x00000000e5680000, 0x00000000f5580000)
  object space 88576K, 62% used [0x00000000e0000000,0x00000000e36302a0,0x00000000e5680000)
 Metaspace       used 80304K, capacity 86056K, committed 86416K, reserved 1124352K
  class space    used 9646K, capacity 11561K, committed 11664K, reserved 1048576K
GC Heap History (10 events):
Event: 603.241 GC heap before
{Heap before GC invocations=23 (full 3):
 PSYoungGen      total 150016K, used 135080K [0x00000000f5580000, 0x0000000100000000, 0x0000000100000000)
  eden space 125440K, 100% used [0x00000000f5580000,0x00000000fd000000,0x00000000fd000000)
  from space 24576K, 39% used [0x00000000fd000000,0x00000000fd96a078,0x00000000fe800000)
  to   space 23552K, 0% used [0x00000000fe900000,0x00000000fe900000,0x0000000100000000)
 ParOldGen       total 88576K, used 55448K [0x00000000e0000000, 0x00000000e5680000, 0x00000000f5580000)
  object space 88576K, 62% used [0x00000000e0000000,0x00000000e36262a0,0x00000000e5680000)
 Metaspace       used 77717K, capacity 83780K, committed 83984K, reserved 1122304K
  class space    used 9522K, capacity 11455K, committed 11536K, reserved 1048576K
Event: 603.249 GC heap after
Heap after GC invocations=23 (full 3):
 PSYoungGen      total 147968K, used 11254K [0x00000000f5580000, 0x00000000ffe00000, 0x0000000100000000)
  eden space 126464K, 0% used [0x00000000f5580000,0x00000000f5580000,0x00000000fd100000)
  from space 21504K, 52% used [0x00000000fe900000,0x00000000ff3fd8b8,0x00000000ffe00000)
  to   space 23040K, 0% used [0x00000000fd100000,0x00000000fd100000,0x00000000fe780000)
 ParOldGen       total 88576K, used 55456K [0x00000000e0000000, 0x00000000e5680000, 0x00000000f5580000)
  object space 88576K, 62% used [0x00000000e0000000,0x00000000e36282a0,0x00000000e5680000)
 Metaspace       used 77717K, capacity 83780K, committed 83984K, reserved 1122304K
  class space    used 9522K, capacity 11455K, committed 11536K, reserved 1048576K
}
Event: 777.607 GC heap before
{Heap before GC invocations=24 (full 3):
 PSYoungGen      total 147968K, used 137718K [0x00000000f5580000, 0x00000000ffe00000, 0x0000000100000000)
  eden space 126464K, 99% used [0x00000000f5580000,0x00000000fd0fffa0,0x00000000fd100000)
  from space 21504K, 52% used [0x00000000fe900000,0x00000000ff3fd8b8,0x00000000ffe00000)
  to   space 23040K, 0% used [0x00000000fd100000,0x00000000fd100000,0x00000000fe780000)
 ParOldGen       total 88576K, used 55456K [0x00000000e0000000, 0x00000000e5680000, 0x00000000f5580000)
  object space 88576K, 62% used [0x00000000e0000000,0x00000000e36282a0,0x00000000e5680000)
 Metaspace       used 78186K, capacity 84100K, committed 84240K, reserved 1122304K
  class space    used 9527K, capacity 11455K, committed 11536K, reserved 1048576K
Event: 777.613 GC heap after
Heap after GC invocations=24 (full 3):
 PSYoungGen      total 149504K, used 9854K [0x00000000f5580000, 0x0000000100000000, 0x0000000100000000)
  eden space 126464K, 0% used [0x00000000f5580000,0x00000000f5580000,0x00000000fd100000)
  from space 23040K, 42% used [0x00000000fd100000,0x00000000fda9f9c0,0x00000000fe780000)
  to   space 22528K, 0% used [0x00000000fea00000,0x00000000fea00000,0x0000000100000000)
 ParOldGen       total 88576K, used 55464K [0x00000000e0000000, 0x00000000e5680000, 0x00000000f5580000)
  object space 88576K, 62% used [0x00000000e0000000,0x00000000e362a2a0,0x00000000e5680000)
 Metaspace       used 78186K, capacity 84100K, committed 84240K, reserved 1122304K
  class space    used 9527K, capacity 11455K, committed 11536K, reserved 1048576K
}
Event: 1049.918 GC heap before
{Heap before GC invocations=25 (full 3):
 PSYoungGen      total 149504K, used 136318K [0x00000000f5580000, 0x0000000100000000, 0x0000000100000000)
  eden space 126464K, 100% used [0x00000000f5580000,0x00000000fd100000,0x00000000fd100000)
  from space 23040K, 42% used [0x00000000fd100000,0x00000000fda9f9c0,0x00000000fe780000)
  to   space 22528K, 0% used [0x00000000fea00000,0x00000000fea00000,0x0000000100000000)
 ParOldGen       total 88576K, used 55464K [0x00000000e0000000, 0x00000000e5680000, 0x00000000f5580000)
  object space 88576K, 62% used [0x00000000e0000000,0x00000000e362a2a0,0x00000000e5680000)
 Metaspace       used 78698K, capacity 84572K, committed 84752K, reserved 1122304K
  class space    used 9531K, capacity 11459K, committed 11536K, reserved 1048576K
Event: 1049.925 GC heap after
Heap after GC invocations=25 (full 3):
 PSYoungGen      total 150016K, used 10662K [0x00000000f5580000, 0x00000000ffe80000, 0x0000000100000000)
  eden space 129024K, 0% used [0x00000000f5580000,0x00000000f5580000,0x00000000fd380000)
  from space 20992K, 50% used [0x00000000fea00000,0x00000000ff469a98,0x00000000ffe80000)
  to   space 22016K, 0% used [0x00000000fd380000,0x00000000fd380000,0x00000000fe900000)
 ParOldGen       total 88576K, used 55472K [0x00000000e0000000, 0x00000000e5680000, 0x00000000f5580000)
  object space 88576K, 62% used [0x00000000e0000000,0x00000000e362c2a0,0x00000000e5680000)
 Metaspace       used 78698K, capacity 84572K, committed 84752K, reserved 1122304K
  class space    used 9531K, capacity 11459K, committed 11536K, reserved 1048576K
}
Event: 1415.539 GC heap before
{Heap before GC invocations=26 (full 3):
 PSYoungGen      total 150016K, used 139686K [0x00000000f5580000, 0x00000000ffe80000, 0x0000000100000000)
  eden space 129024K, 100% used [0x00000000f5580000,0x00000000fd380000,0x00000000fd380000)
  from space 20992K, 50% used [0x00000000fea00000,0x00000000ff469a98,0x00000000ffe80000)
  to   space 22016K, 0% used [0x00000000fd380000,0x00000000fd380000,0x00000000fe900000)
 ParOldGen       total 88576K, used 55472K [0x00000000e0000000, 0x00000000e5680000, 0x00000000f5580000)
  object space 88576K, 62% used [0x00000000e0000000,0x00000000e362c2a0,0x00000000e5680000)
 Metaspace       used 79055K, capacity 85024K, committed 85264K, reserved 1122304K
  class space    used 9533K, capacity 11459K, committed 11536K, reserved 1048576K
Event: 1415.547 GC heap after
Heap after GC invocations=26 (full 3):
 PSYoungGen      total 151040K, used 10104K [0x00000000f5580000, 0x00000000fff00000, 0x0000000100000000)
  eden space 129024K, 0% used [0x00000000f5580000,0x00000000f5580000,0x00000000fd380000)
  from space 22016K, 45% used [0x00000000fd380000,0x00000000fdd5e060,0x00000000fe900000)
  to   space 20992K, 0% used [0x00000000fea80000,0x00000000fea80000,0x00000000fff00000)
 ParOldGen       total 88576K, used 55480K [0x00000000e0000000, 0x00000000e5680000, 0x00000000f5580000)
  object space 88576K, 62% used [0x00000000e0000000,0x00000000e362e2a0,0x00000000e5680000)
 Metaspace       used 79055K, capacity 85024K, committed 85264K, reserved 1122304K
  class space    used 9533K, capacity 11459K, committed 11536K, reserved 1048576K
}
Event: 1565.154 GC heap before
{Heap before GC invocations=27 (full 3):
 PSYoungGen      total 151040K, used 139128K [0x00000000f5580000, 0x00000000fff00000, 0x0000000100000000)
  eden space 129024K, 100% used [0x00000000f5580000,0x00000000fd380000,0x00000000fd380000)
  from space 22016K, 45% used [0x00000000fd380000,0x00000000fdd5e060,0x00000000fe900000)
  to   space 20992K, 0% used [0x00000000fea80000,0x00000000fea80000,0x00000000fff00000)
 ParOldGen       total 88576K, used 55480K [0x00000000e0000000, 0x00000000e5680000, 0x00000000f5580000)
  object space 88576K, 62% used [0x00000000e0000000,0x00000000e362e2a0,0x00000000e5680000)
 Metaspace       used 79372K, capacity 85106K, committed 85264K, reserved 1122304K
  class space    used 9536K, capacity 11462K, committed 11536K, reserved 1048576K
Event: 1565.162 GC heap after
Heap after GC invocations=27 (full 3):
 PSYoungGen      total 138240K, used 11144K [0x00000000f5580000, 0x00000000ff800000, 0x0000000100000000)
  eden space 124416K, 0% used [0x00000000f5580000,0x00000000f5580000,0x00000000fcf00000)
  from space 13824K, 80% used [0x00000000fea80000,0x00000000ff562238,0x00000000ff800000)
  to   space 20992K, 0% used [0x00000000fcf00000,0x00000000fcf00000,0x00000000fe380000)
 ParOldGen       total 88576K, used 55488K [0x00000000e0000000, 0x00000000e5680000, 0x00000000f5580000)
  object space 88576K, 62% used [0x00000000e0000000,0x00000000e36302a0,0x00000000e5680000)
 Metaspace       used 79372K, capacity 85106K, committed 85264K, reserved 1122304K
  class space    used 9536K, capacity 11462K, committed 11536K, reserved 1048576K
}

