# JRE version: Java(TM) SE Runtime Environment (8.0_25-b18) (build 1.8.0_25-b18)
# Java VM: Java HotSpot(TM) 64-Bit Server VM (25.25-b02 mixed mode windows-amd64 compressed oops)
Heap:
 PSYoungGen      total 151552K, used 19295K [0x00000000f5580000, 0x00000000fff00000, 0x0000000100000000)
  eden space 130560K, 5% used [0x00000000f5580000,0x00000000f5c0ce78,0x00000000fd500000)
  from space 20992K, 59% used [0x00000000fea80000,0x00000000ff6caf30,0x00000000fff00000)
  to   space 21504K, 0% used [0x00000000fd500000,0x00000000fd500000,0x00000000fea00000)
 ParOldGen       total 86016K, used 43459K [0x00000000e0000000, 0x00000000e5400000, 0x00000000f5580000)
  object space 86016K, 50% used [0x00000000e0000000,0x00000000e2a70f98,0x00000000e5400000)
 Metaspace       used 76889K, capacity 82642K, committed 82776K, reserved 1120256K
  class space    used 9436K, capacity 11235K, committed 11352K, reserved 1048576K
GC Heap History (10 events):
Event: 8.057 GC heap before
{Heap before GC invocations=13 (full 3):
 PSYoungGen      total 109568K, used 8136K [0x00000000f5580000, 0x00000000fd800000, 0x0000000100000000)
  eden space 88576K, 0% used [0x00000000f5580000,0x00000000f5580000,0x00000000fac00000)
  from space 20992K, 38% used [0x00000000fbf80000,0x00000000fc7723d8,0x00000000fd400000)
  to   space 19968K, 0% used [0x00000000fac00000,0x00000000fac00000,0x00000000fbf80000)
 ParOldGen       total 69632K, used 33031K [0x00000000e0000000, 0x00000000e4400000, 0x00000000f5580000)
  object space 69632K, 47% used [0x00000000e0000000,0x00000000e2041df8,0x00000000e4400000)
 Metaspace       used 55125K, capacity 59326K, committed 59352K, reserved 1099776K
  class space    used 6807K, capacity 8151K, committed 8152K, reserved 1048576K
Event: 8.218 GC heap after
Heap after GC invocations=13 (full 3):
 PSYoungGen      total 109568K, used 0K [0x00000000f5580000, 0x00000000fd800000, 0x0000000100000000)
  eden space 88576K, 0% used [0x00000000f5580000,0x00000000f5580000,0x00000000fac00000)
  from space 20992K, 0% used [0x00000000fbf80000,0x00000000fbf80000,0x00000000fd400000)
  to   space 19968K, 0% used [0x00000000fac00000,0x00000000fac00000,0x00000000fbf80000)
 ParOldGen       total 86016K, used 30724K [0x00000000e0000000, 0x00000000e5400000, 0x00000000f5580000)
  object space 86016K, 35% used [0x00000000e0000000,0x00000000e1e01168,0x00000000e5400000)
 Metaspace       used 55125K, capacity 59326K, committed 59352K, reserved 1099776K
  class space    used 6807K, capacity 8151K, committed 8152K, reserved 1048576K
}
Event: 9.951 GC heap before
{Heap before GC invocations=14 (full 3):
 PSYoungGen      total 109568K, used 88569K [0x00000000f5580000, 0x00000000fd800000, 0x0000000100000000)
  eden space 88576K, 99% used [0x00000000f5580000,0x00000000fabfe6f0,0x00000000fac00000)
  from space 20992K, 0% used [0x00000000fbf80000,0x00000000fbf80000,0x00000000fd400000)
  to   space 19968K, 0% used [0x00000000fac00000,0x00000000fac00000,0x00000000fbf80000)
 ParOldGen       total 86016K, used 30724K [0x00000000e0000000, 0x00000000e5400000, 0x00000000f5580000)
  object space 86016K, 35% used [0x00000000e0000000,0x00000000e1e01168,0x00000000e5400000)
 Metaspace       used 59938K, capacity 64290K, committed 64472K, reserved 1105920K
  class space    used 7479K, capacity 8885K, committed 8920K, reserved 1048576K
Event: 9.964 GC heap after
Heap after GC invocations=14 (full 3):
 PSYoungGen      total 108544K, used 16915K [0x00000000f5580000, 0x00000000ff280000, 0x0000000100000000)
  eden space 88576K, 0% used [0x00000000f5580000,0x00000000f5580000,0x00000000fac00000)
  from space 19968K, 84% used [0x00000000fac00000,0x00000000fbc84c20,0x00000000fbf80000)
  to   space 22016K, 0% used [0x00000000fdd00000,0x00000000fdd00000,0x00000000ff280000)
 ParOldGen       total 86016K, used 30732K [0x00000000e0000000, 0x00000000e5400000, 0x00000000f5580000)
  object space 86016K, 35% used [0x00000000e0000000,0x00000000e1e03168,0x00000000e5400000)
 Metaspace       used 59938K, capacity 64290K, committed 64472K, reserved 1105920K
  class space    used 7479K, capacity 8885K, committed 8920K, reserved 1048576K
}
Event: 67.792 GC heap before
{Heap before GC invocations=15 (full 3):
 PSYoungGen      total 108544K, used 105491K [0x00000000f5580000, 0x00000000ff280000, 0x0000000100000000)
  eden space 88576K, 100% used [0x00000000f5580000,0x00000000fac00000,0x00000000fac00000)
  from space 19968K, 84% used [0x00000000fac00000,0x00000000fbc84c20,0x00000000fbf80000)
  to   space 22016K, 0% used [0x00000000fdd00000,0x00000000fdd00000,0x00000000ff280000)
 ParOldGen       total 86016K, used 30732K [0x00000000e0000000, 0x00000000e5400000, 0x00000000f5580000)
  object space 86016K, 35% used [0x00000000e0000000,0x00000000e1e03168,0x00000000e5400000)
 Metaspace       used 70659K, capacity 76330K, committed 76504K, reserved 1116160K
  class space    used 8814K, capacity 10673K, committed 10712K, reserved 1048576K
Event: 67.810 GC heap after
Heap after GC invocations=15 (full 3):
 PSYoungGen      total 131584K, used 14658K [0x00000000f5580000, 0x00000000fef00000, 0x0000000100000000)
  eden space 113152K, 0% used [0x00000000f5580000,0x00000000f5580000,0x00000000fc400000)
  from space 18432K, 79% used [0x00000000fdd00000,0x00000000feb50bb8,0x00000000fef00000)
  to   space 22016K, 0% used [0x00000000fc400000,0x00000000fc400000,0x00000000fd980000)
 ParOldGen       total 86016K, used 43443K [0x00000000e0000000, 0x00000000e5400000, 0x00000000f5580000)
  object space 86016K, 50% used [0x00000000e0000000,0x00000000e2a6cf98,0x00000000e5400000)
 Metaspace       used 70659K, capacity 76330K, committed 76504K, reserved 1116160K
  class space    used 8814K, capacity 10673K, committed 10712K, reserved 1048576K
}
Event: 105.975 GC heap before
{Heap before GC invocations=16 (full 3):
 PSYoungGen      total 131584K, used 127810K [0x00000000f5580000, 0x00000000fef00000, 0x0000000100000000)
  eden space 113152K, 100% used [0x00000000f5580000,0x00000000fc400000,0x00000000fc400000)
  from space 18432K, 79% used [0x00000000fdd00000,0x00000000feb50bb8,0x00000000fef00000)
  to   space 22016K, 0% used [0x00000000fc400000,0x00000000fc400000,0x00000000fd980000)
 ParOldGen       total 86016K, used 43443K [0x00000000e0000000, 0x00000000e5400000, 0x00000000f5580000)
  object space 86016K, 50% used [0x00000000e0000000,0x00000000e2a6cf98,0x00000000e5400000)
 Metaspace       used 74247K, capacity 80014K, committed 80216K, reserved 1118208K
  class space    used 9180K, capacity 11043K, committed 11096K, reserved 1048576K
Event: 105.987 GC heap after
Heap after GC invocations=16 (full 3):
 PSYoungGen      total 135168K, used 13093K [0x00000000f5580000, 0x0000000100000000, 0x0000000100000000)
  eden space 113152K, 0% used [0x00000000f5580000,0x00000000f5580000,0x00000000fc400000)
  from space 22016K, 59% used [0x00000000fc400000,0x00000000fd0c96a0,0x00000000fd980000)
  to   space 22016K, 0% used [0x00000000fea80000,0x00000000fea80000,0x0000000100000000)
 ParOldGen       total 86016K, used 43451K [0x00000000e0000000, 0x00000000e5400000, 0x00000000f5580000)
  object space 86016K, 50% used [0x00000000e0000000,0x00000000e2a6ef98,0x00000000e5400000)
 Metaspace       used 74247K, capacity 80014K, committed 80216K, reserved 1118208K
  class space    used 9180K, capacity 11043K, committed 11096K, reserved 1048576K
}
Event: 339.375 GC heap before
{Heap before GC invocations=17 (full 3):
 PSYoungGen      total 135168K, used 126245K [0x00000000f5580000, 0x0000000100000000, 0x0000000100000000)
  eden space 113152K, 100% used [0x00000000f5580000,0x00000000fc400000,0x00000000fc400000)
  from space 22016K, 59% used [0x00000000fc400000,0x00000000fd0c96a0,0x00000000fd980000)
  to   space 22016K, 0% used [0x00000000fea80000,0x00000000fea80000,0x0000000100000000)
 ParOldGen       total 86016K, used 43451K [0x00000000e0000000, 0x00000000e5400000, 0x00000000f5580000)
  object space 86016K, 50% used [0x00000000e0000000,0x00000000e2a6ef98,0x00000000e5400000)
 Metaspace       used 76612K, capacity 82514K, committed 82776K, reserved 1120256K
  class space    used 9406K, capacity 11235K, committed 11352K, reserved 1048576K
Event: 339.387 GC heap after
Heap after GC invocations=17 (full 3):
 PSYoungGen      total 151552K, used 12587K [0x00000000f5580000, 0x00000000fff00000, 0x0000000100000000)
  eden space 130560K, 0% used [0x00000000f5580000,0x00000000f5580000,0x00000000fd500000)
  from space 20992K, 59% used [0x00000000fea80000,0x00000000ff6caf30,0x00000000fff00000)
  to   space 21504K, 0% used [0x00000000fd500000,0x00000000fd500000,0x00000000fea00000)
 ParOldGen       total 86016K, used 43459K [0x00000000e0000000, 0x00000000e5400000, 0x00000000f5580000)
  object space 86016K, 50% used [0x00000000e0000000,0x00000000e2a70f98,0x00000000e5400000)
 Metaspace       used 76612K, capacity 82514K, committed 82776K, reserved 1120256K
  class space    used 9406K, capacity 11235K, committed 11352K, reserved 1048576K
}

