# JRE version: Java(TM) SE Runtime Environment (8.0_25-b18) (build 1.8.0_25-b18)
# Java VM: Java HotSpot(TM) 64-Bit Server VM (25.25-b02 mixed mode windows-amd64 compressed oops)
Heap:
 PSYoungGen      total 146432K, used 71893K [0x00000000f5580000, 0x0000000100000000, 0x0000000100000000)
  eden space 117760K, 57% used [0x00000000f5580000,0x00000000f97f1b28,0x00000000fc880000)
  from space 28672K, 13% used [0x00000000fe400000,0x00000000fe7c3b08,0x0000000100000000)
  to   space 28160K, 0% used [0x00000000fc880000,0x00000000fc880000,0x00000000fe400000)
 ParOldGen       total 87552K, used 63948K [0x00000000e0000000, 0x00000000e5580000, 0x00000000f5580000)
  object space 87552K, 73% used [0x00000000e0000000,0x00000000e3e733f8,0x00000000e5580000)
 Metaspace       used 77555K, capacity 83574K, committed 83736K, reserved 1122304K
  class space    used 9541K, capacity 11424K, committed 11544K, reserved 1048576K
GC Heap History (10 events):
Event: 6.885 GC heap before
{Heap before GC invocations=19 (full 3):
 PSYoungGen      total 118272K, used 1028K [0x00000000f5580000, 0x00000000fde00000, 0x0000000100000000)
  eden space 100864K, 0% used [0x00000000f5580000,0x00000000f5580000,0x00000000fb800000)
  from space 17408K, 5% used [0x00000000fca00000,0x00000000fcb01358,0x00000000fdb00000)
  to   space 18432K, 0% used [0x00000000fb800000,0x00000000fb800000,0x00000000fca00000)
 ParOldGen       total 73728K, used 36667K [0x00000000e0000000, 0x00000000e4800000, 0x00000000f5580000)
  object space 73728K, 49% used [0x00000000e0000000,0x00000000e23ced48,0x00000000e4800000)
 Metaspace       used 56153K, capacity 60364K, committed 60488K, reserved 1101824K
  class space    used 6939K, capacity 8285K, committed 8344K, reserved 1048576K
Event: 7.063 GC heap after
Heap after GC invocations=19 (full 3):
 PSYoungGen      total 118272K, used 0K [0x00000000f5580000, 0x00000000fde00000, 0x0000000100000000)
  eden space 100864K, 0% used [0x00000000f5580000,0x00000000f5580000,0x00000000fb800000)
  from space 17408K, 0% used [0x00000000fca00000,0x00000000fca00000,0x00000000fdb00000)
  to   space 18432K, 0% used [0x00000000fb800000,0x00000000fb800000,0x00000000fca00000)
 ParOldGen       total 87552K, used 31312K [0x00000000e0000000, 0x00000000e5580000, 0x00000000f5580000)
  object space 87552K, 35% used [0x00000000e0000000,0x00000000e1e94270,0x00000000e5580000)
 Metaspace       used 56153K, capacity 60364K, committed 60488K, reserved 1101824K
  class space    used 6939K, capacity 8285K, committed 8344K, reserved 1048576K
}
Event: 9.969 GC heap before
{Heap before GC invocations=20 (full 3):
 PSYoungGen      total 118272K, used 100864K [0x00000000f5580000, 0x00000000fde00000, 0x0000000100000000)
  eden space 100864K, 100% used [0x00000000f5580000,0x00000000fb800000,0x00000000fb800000)
  from space 17408K, 0% used [0x00000000fca00000,0x00000000fca00000,0x00000000fdb00000)
  to   space 18432K, 0% used [0x00000000fb800000,0x00000000fb800000,0x00000000fca00000)
 ParOldGen       total 87552K, used 31312K [0x00000000e0000000, 0x00000000e5580000, 0x00000000f5580000)
  object space 87552K, 35% used [0x00000000e0000000,0x00000000e1e94270,0x00000000e5580000)
 Metaspace       used 62031K, capacity 66720K, committed 66840K, reserved 1107968K
  class space    used 7721K, capacity 9175K, committed 9240K, reserved 1048576K
Event: 9.984 GC heap after
Heap after GC invocations=20 (full 3):
 PSYoungGen      total 119296K, used 18421K [0x00000000f5580000, 0x0000000100000000, 0x0000000100000000)
  eden space 100864K, 0% used [0x00000000f5580000,0x00000000f5580000,0x00000000fb800000)
  from space 18432K, 99% used [0x00000000fb800000,0x00000000fc9fd650,0x00000000fca00000)
  to   space 21504K, 0% used [0x00000000feb00000,0x00000000feb00000,0x0000000100000000)
 ParOldGen       total 87552K, used 32784K [0x00000000e0000000, 0x00000000e5580000, 0x00000000f5580000)
  object space 87552K, 37% used [0x00000000e0000000,0x00000000e2004130,0x00000000e5580000)
 Metaspace       used 62031K, capacity 66720K, committed 66840K, reserved 1107968K
  class space    used 7721K, capacity 9175K, committed 9240K, reserved 1048576K
}
Event: 51.684 GC heap before
{Heap before GC invocations=21 (full 3):
 PSYoungGen      total 119296K, used 119285K [0x00000000f5580000, 0x0000000100000000, 0x0000000100000000)
  eden space 100864K, 100% used [0x00000000f5580000,0x00000000fb800000,0x00000000fb800000)
  from space 18432K, 99% used [0x00000000fb800000,0x00000000fc9fd650,0x00000000fca00000)
  to   space 21504K, 0% used [0x00000000feb00000,0x00000000feb00000,0x0000000100000000)
 ParOldGen       total 87552K, used 32784K [0x00000000e0000000, 0x00000000e5580000, 0x00000000f5580000)
  object space 87552K, 37% used [0x00000000e0000000,0x00000000e2004130,0x00000000e5580000)
 Metaspace       used 73190K, capacity 78788K, committed 79128K, reserved 1118208K
  class space    used 9137K, capacity 10934K, committed 11032K, reserved 1048576K
Event: 51.703 GC heap after
Heap after GC invocations=21 (full 3):
 PSYoungGen      total 139776K, used 21487K [0x00000000f5580000, 0x0000000100000000, 0x0000000100000000)
  eden space 118272K, 0% used [0x00000000f5580000,0x00000000f5580000,0x00000000fc900000)
  from space 21504K, 99% used [0x00000000feb00000,0x00000000ffffbc00,0x0000000100000000)
  to   space 28160K, 0% used [0x00000000fc900000,0x00000000fc900000,0x00000000fe480000)
 ParOldGen       total 87552K, used 42969K [0x00000000e0000000, 0x00000000e5580000, 0x00000000f5580000)
  object space 87552K, 49% used [0x00000000e0000000,0x00000000e29f6558,0x00000000e5580000)
 Metaspace       used 73190K, capacity 78788K, committed 79128K, reserved 1118208K
  class space    used 9137K, capacity 10934K, committed 11032K, reserved 1048576K
}
Event: 150.644 GC heap before
{Heap before GC invocations=22 (full 3):
 PSYoungGen      total 139776K, used 139759K [0x00000000f5580000, 0x0000000100000000, 0x0000000100000000)
  eden space 118272K, 100% used [0x00000000f5580000,0x00000000fc900000,0x00000000fc900000)
  from space 21504K, 99% used [0x00000000feb00000,0x00000000ffffbc00,0x0000000100000000)
  to   space 28160K, 0% used [0x00000000fc900000,0x00000000fc900000,0x00000000fe480000)
 ParOldGen       total 87552K, used 42969K [0x00000000e0000000, 0x00000000e5580000, 0x00000000f5580000)
  object space 87552K, 49% used [0x00000000e0000000,0x00000000e29f6558,0x00000000e5580000)
 Metaspace       used 74148K, capacity 79780K, committed 79896K, reserved 1118208K
  class space    used 9209K, capacity 11030K, committed 11032K, reserved 1048576K
Event: 150.657 GC heap after
Heap after GC invocations=22 (full 3):
 PSYoungGen      total 119808K, used 1414K [0x00000000f5580000, 0x0000000100000000, 0x0000000100000000)
  eden space 118272K, 0% used [0x00000000f5580000,0x00000000f5580000,0x00000000fc900000)
  from space 1536K, 92% used [0x00000000fc900000,0x00000000fca61ab0,0x00000000fca80000)
  to   space 28672K, 0% used [0x00000000fe400000,0x00000000fe400000,0x0000000100000000)
 ParOldGen       total 87552K, used 63844K [0x00000000e0000000, 0x00000000e5580000, 0x00000000f5580000)
  object space 87552K, 72% used [0x00000000e0000000,0x00000000e3e593e8,0x00000000e5580000)
 Metaspace       used 74148K, capacity 79780K, committed 79896K, reserved 1118208K
  class space    used 9209K, capacity 11030K, committed 11032K, reserved 1048576K
}
Event: 262.922 GC heap before
{Heap before GC invocations=23 (full 3):
 PSYoungGen      total 119808K, used 119686K [0x00000000f5580000, 0x0000000100000000, 0x0000000100000000)
  eden space 118272K, 100% used [0x00000000f5580000,0x00000000fc900000,0x00000000fc900000)
  from space 1536K, 92% used [0x00000000fc900000,0x00000000fca61ab0,0x00000000fca80000)
  to   space 28672K, 0% used [0x00000000fe400000,0x00000000fe400000,0x0000000100000000)
 ParOldGen       total 87552K, used 63844K [0x00000000e0000000, 0x00000000e5580000, 0x00000000f5580000)
  object space 87552K, 72% used [0x00000000e0000000,0x00000000e3e593e8,0x00000000e5580000)
 Metaspace       used 76006K, capacity 81886K, committed 82072K, reserved 1120256K
  class space    used 9391K, capacity 11291K, committed 11416K, reserved 1048576K
Event: 262.927 GC heap after
Heap after GC invocations=23 (full 3):
 PSYoungGen      total 146432K, used 3854K [0x00000000f5580000, 0x0000000100000000, 0x0000000100000000)
  eden space 117760K, 0% used [0x00000000f5580000,0x00000000f5580000,0x00000000fc880000)
  from space 28672K, 13% used [0x00000000fe400000,0x00000000fe7c3b08,0x0000000100000000)
  to   space 28160K, 0% used [0x00000000fc880000,0x00000000fc880000,0x00000000fe400000)
 ParOldGen       total 87552K, used 63948K [0x00000000e0000000, 0x00000000e5580000, 0x00000000f5580000)
  object space 87552K, 73% used [0x00000000e0000000,0x00000000e3e733f8,0x00000000e5580000)
 Metaspace       used 76006K, capacity 81886K, committed 82072K, reserved 1120256K
  class space    used 9391K, capacity 11291K, committed 11416K, reserved 1048576K
}

