# JRE version: Java(TM) SE Runtime Environment (8.0_25-b18) (build 1.8.0_25-b18)
# Java VM: Java HotSpot(TM) 64-Bit Server VM (25.25-b02 mixed mode windows-amd64 compressed oops)
Heap:
 PSYoungGen      total 58880K, used 28804K [0x00000000f5580000, 0x00000000f9300000, 0x0000000100000000)
  eden space 54784K, 52% used [0x00000000f5580000,0x00000000f71a10b8,0x00000000f8b00000)
  from space 4096K, 0% used [0x00000000f8f00000,0x00000000f8f00000,0x00000000f9300000)
  to   space 4096K, 0% used [0x00000000f8b00000,0x00000000f8b00000,0x00000000f8f00000)
 ParOldGen       total 103424K, used 34945K [0x00000000e0000000, 0x00000000e6500000, 0x00000000f5580000)
  object space 103424K, 33% used [0x00000000e0000000,0x00000000e2220750,0x00000000e6500000)
 Metaspace       used 70503K, capacity 75744K, committed 76032K, reserved 1114112K
  class space    used 8673K, capacity 10373K, committed 10496K, reserved 1048576K
GC Heap History (10 events):
Event: 2108.000 GC heap before
{Heap before GC invocations=86 (full 38):
 PSYoungGen      total 59392K, used 824K [0x00000000f5580000, 0x00000000f9400000, 0x0000000100000000)
  eden space 54784K, 0% used [0x00000000f5580000,0x00000000f5580000,0x00000000f8b00000)
  from space 4608K, 17% used [0x00000000f8f80000,0x00000000f904e2e8,0x00000000f9400000)
  to   space 4608K, 0% used [0x00000000f8b00000,0x00000000f8b00000,0x00000000f8f80000)
 ParOldGen       total 103424K, used 34953K [0x00000000e0000000, 0x00000000e6500000, 0x00000000f5580000)
  object space 103424K, 33% used [0x00000000e0000000,0x00000000e2222690,0x00000000e6500000)
 Metaspace       used 69098K, capacity 74408K, committed 74752K, reserved 1114112K
  class space    used 8511K, capacity 10144K, committed 10240K, reserved 1048576K
Event: 2108.072 GC heap after
Heap after GC invocations=86 (full 38):
 PSYoungGen      total 59392K, used 0K [0x00000000f5580000, 0x00000000f9400000, 0x0000000100000000)
  eden space 54784K, 0% used [0x00000000f5580000,0x00000000f5580000,0x00000000f8b00000)
  from space 4608K, 0% used [0x00000000f8f80000,0x00000000f8f80000,0x00000000f9400000)
  to   space 4608K, 0% used [0x00000000f8b00000,0x00000000f8b00000,0x00000000f8f80000)
 ParOldGen       total 103424K, used 35069K [0x00000000e0000000, 0x00000000e6500000, 0x00000000f5580000)
  object space 103424K, 33% used [0x00000000e0000000,0x00000000e223f470,0x00000000e6500000)
 Metaspace       used 69098K, capacity 74408K, committed 74752K, reserved 1114112K
  class space    used 8511K, capacity 10144K, committed 10240K, reserved 1048576K
}
Event: 2167.997 GC heap before
{Heap before GC invocations=87 (full 38):
 PSYoungGen      total 59392K, used 2807K [0x00000000f5580000, 0x00000000f9400000, 0x0000000100000000)
  eden space 54784K, 5% used [0x00000000f5580000,0x00000000f583de20,0x00000000f8b00000)
  from space 4608K, 0% used [0x00000000f8f80000,0x00000000f8f80000,0x00000000f9400000)
  to   space 4608K, 0% used [0x00000000f8b00000,0x00000000f8b00000,0x00000000f8f80000)
 ParOldGen       total 103424K, used 35069K [0x00000000e0000000, 0x00000000e6500000, 0x00000000f5580000)
  object space 103424K, 33% used [0x00000000e0000000,0x00000000e223f470,0x00000000e6500000)
 Metaspace       used 69098K, capacity 74408K, committed 74752K, reserved 1114112K
  class space    used 8511K, capacity 10144K, committed 10240K, reserved 1048576K
Event: 2168.000 GC heap after
Heap after GC invocations=87 (full 38):
 PSYoungGen      total 55296K, used 192K [0x00000000f5580000, 0x00000000f9300000, 0x0000000100000000)
  eden space 54784K, 0% used [0x00000000f5580000,0x00000000f5580000,0x00000000f8b00000)
  from space 512K, 37% used [0x00000000f8b00000,0x00000000f8b30000,0x00000000f8b80000)
  to   space 4096K, 0% used [0x00000000f8f00000,0x00000000f8f00000,0x00000000f9300000)
 ParOldGen       total 103424K, used 35069K [0x00000000e0000000, 0x00000000e6500000, 0x00000000f5580000)
  object space 103424K, 33% used [0x00000000e0000000,0x00000000e223f470,0x00000000e6500000)
 Metaspace       used 69098K, capacity 74408K, committed 74752K, reserved 1114112K
  class space    used 8511K, capacity 10144K, committed 10240K, reserved 1048576K
}
Event: 2168.000 GC heap before
{Heap before GC invocations=88 (full 39):
 PSYoungGen      total 55296K, used 192K [0x00000000f5580000, 0x00000000f9300000, 0x0000000100000000)
  eden space 54784K, 0% used [0x00000000f5580000,0x00000000f5580000,0x00000000f8b00000)
  from space 512K, 37% used [0x00000000f8b00000,0x00000000f8b30000,0x00000000f8b80000)
  to   space 4096K, 0% used [0x00000000f8f00000,0x00000000f8f00000,0x00000000f9300000)
 ParOldGen       total 103424K, used 35069K [0x00000000e0000000, 0x00000000e6500000, 0x00000000f5580000)
  object space 103424K, 33% used [0x00000000e0000000,0x00000000e223f470,0x00000000e6500000)
 Metaspace       used 69098K, capacity 74408K, committed 74752K, reserved 1114112K
  class space    used 8511K, capacity 10144K, committed 10240K, reserved 1048576K
Event: 2168.079 GC heap after
Heap after GC invocations=88 (full 39):
 PSYoungGen      total 55296K, used 0K [0x00000000f5580000, 0x00000000f9300000, 0x0000000100000000)
  eden space 54784K, 0% used [0x00000000f5580000,0x00000000f5580000,0x00000000f8b00000)
  from space 512K, 0% used [0x00000000f8b00000,0x00000000f8b00000,0x00000000f8b80000)
  to   space 4096K, 0% used [0x00000000f8f00000,0x00000000f8f00000,0x00000000f9300000)
 ParOldGen       total 103424K, used 34945K [0x00000000e0000000, 0x00000000e6500000, 0x00000000f5580000)
  object space 103424K, 33% used [0x00000000e0000000,0x00000000e2220750,0x00000000e6500000)
 Metaspace       used 69098K, capacity 74408K, committed 74752K, reserved 1114112K
  class space    used 8511K, capacity 10144K, committed 10240K, reserved 1048576K
}
Event: 2228.005 GC heap before
{Heap before GC invocations=89 (full 39):
 PSYoungGen      total 55296K, used 2780K [0x00000000f5580000, 0x00000000f9300000, 0x0000000100000000)
  eden space 54784K, 5% used [0x00000000f5580000,0x00000000f58372f8,0x00000000f8b00000)
  from space 512K, 0% used [0x00000000f8b00000,0x00000000f8b00000,0x00000000f8b80000)
  to   space 4096K, 0% used [0x00000000f8f00000,0x00000000f8f00000,0x00000000f9300000)
 ParOldGen       total 103424K, used 34945K [0x00000000e0000000, 0x00000000e6500000, 0x00000000f5580000)
  object space 103424K, 33% used [0x00000000e0000000,0x00000000e2220750,0x00000000e6500000)
 Metaspace       used 69098K, capacity 74408K, committed 74752K, reserved 1114112K
  class space    used 8511K, capacity 10144K, committed 10240K, reserved 1048576K
Event: 2228.008 GC heap after
Heap after GC invocations=89 (full 39):
 PSYoungGen      total 58880K, used 320K [0x00000000f5580000, 0x00000000f9300000, 0x0000000100000000)
  eden space 54784K, 0% used [0x00000000f5580000,0x00000000f5580000,0x00000000f8b00000)
  from space 4096K, 7% used [0x00000000f8f00000,0x00000000f8f50000,0x00000000f9300000)
  to   space 4096K, 0% used [0x00000000f8b00000,0x00000000f8b00000,0x00000000f8f00000)
 ParOldGen       total 103424K, used 34945K [0x00000000e0000000, 0x00000000e6500000, 0x00000000f5580000)
  object space 103424K, 33% used [0x00000000e0000000,0x00000000e2220750,0x00000000e6500000)
 Metaspace       used 69098K, capacity 74408K, committed 74752K, reserved 1114112K
  class space    used 8511K, capacity 10144K, committed 10240K, reserved 1048576K
}
Event: 2228.008 GC heap before
{Heap before GC invocations=90 (full 40):
 PSYoungGen      total 58880K, used 320K [0x00000000f5580000, 0x00000000f9300000, 0x0000000100000000)
  eden space 54784K, 0% used [0x00000000f5580000,0x00000000f5580000,0x00000000f8b00000)
  from space 4096K, 7% used [0x00000000f8f00000,0x00000000f8f50000,0x00000000f9300000)
  to   space 4096K, 0% used [0x00000000f8b00000,0x00000000f8b00000,0x00000000f8f00000)
 ParOldGen       total 103424K, used 34945K [0x00000000e0000000, 0x00000000e6500000, 0x00000000f5580000)
  object space 103424K, 33% used [0x00000000e0000000,0x00000000e2220750,0x00000000e6500000)
 Metaspace       used 69098K, capacity 74408K, committed 74752K, reserved 1114112K
  class space    used 8511K, capacity 10144K, committed 10240K, reserved 1048576K
Event: 2228.084 GC heap after
Heap after GC invocations=90 (full 40):
 PSYoungGen      total 58880K, used 0K [0x00000000f5580000, 0x00000000f9300000, 0x0000000100000000)
  eden space 54784K, 0% used [0x00000000f5580000,0x00000000f5580000,0x00000000f8b00000)
  from space 4096K, 0% used [0x00000000f8f00000,0x00000000f8f00000,0x00000000f9300000)
  to   space 4096K, 0% used [0x00000000f8b00000,0x00000000f8b00000,0x00000000f8f00000)
 ParOldGen       total 103424K, used 34945K [0x00000000e0000000, 0x00000000e6500000, 0x00000000f5580000)
  object space 103424K, 33% used [0x00000000e0000000,0x00000000e2220750,0x00000000e6500000)
 Metaspace       used 69098K, capacity 74408K, committed 74752K, reserved 1114112K
  class space    used 8511K, capacity 10144K, committed 10240K, reserved 1048576K
}

