# JRE version: Java(TM) SE Runtime Environment (8.0_25-b18) (build 1.8.0_25-b18)
# Java VM: Java HotSpot(TM) 64-Bit Server VM (25.25-b02 mixed mode windows-amd64 compressed oops)
Heap:
 PSYoungGen      total 152064K, used 119500K [0x00000000f5580000, 0x00000000ffe80000, 0x0000000100000000)
  eden space 133120K, 84% used [0x00000000f5580000,0x00000000fc2c3f78,0x00000000fd780000)
  from space 18944K, 40% used [0x00000000fec00000,0x00000000ff36f228,0x00000000ffe80000)
  to   space 19968K, 0% used [0x00000000fd780000,0x00000000fd780000,0x00000000feb00000)
 ParOldGen       total 86528K, used 59648K [0x00000000e0000000, 0x00000000e5480000, 0x00000000f5580000)
  object space 86528K, 68% used [0x00000000e0000000,0x00000000e3a40140,0x00000000e5480000)
 Metaspace       used 79951K, capacity 86308K, committed 86360K, reserved 1124352K
  class space    used 9687K, capacity 11631K, committed 11648K, reserved 1048576K
GC Heap History (10 events):
Event: 66.842 GC heap before
{Heap before GC invocations=16 (full 4):
 PSYoungGen      total 136704K, used 12177K [0x00000000f5580000, 0x00000000ff000000, 0x0000000100000000)
  eden space 116224K, 0% used [0x00000000f5580000,0x00000000f5580000,0x00000000fc700000)
  from space 20480K, 59% used [0x00000000fdc00000,0x00000000fe7e4500,0x00000000ff000000)
  to   space 20992K, 0% used [0x00000000fc700000,0x00000000fc700000,0x00000000fdb80000)
 ParOldGen       total 86528K, used 42986K [0x00000000e0000000, 0x00000000e5480000, 0x00000000f5580000)
  object space 86528K, 49% used [0x00000000e0000000,0x00000000e29fabc8,0x00000000e5480000)
 Metaspace       used 68257K, capacity 73936K, committed 74200K, reserved 1114112K
  class space    used 8499K, capacity 10184K, committed 10240K, reserved 1048576K
Event: 67.170 GC heap after
Heap after GC invocations=16 (full 4):
 PSYoungGen      total 136704K, used 0K [0x00000000f5580000, 0x00000000ff000000, 0x0000000100000000)
  eden space 116224K, 0% used [0x00000000f5580000,0x00000000f5580000,0x00000000fc700000)
  from space 20480K, 0% used [0x00000000fdc00000,0x00000000fdc00000,0x00000000ff000000)
  to   space 20992K, 0% used [0x00000000fc700000,0x00000000fc700000,0x00000000fdb80000)
 ParOldGen       total 86528K, used 53002K [0x00000000e0000000, 0x00000000e5480000, 0x00000000f5580000)
  object space 86528K, 61% used [0x00000000e0000000,0x00000000e33c2b88,0x00000000e5480000)
 Metaspace       used 68257K, capacity 73936K, committed 74200K, reserved 1114112K
  class space    used 8499K, capacity 10184K, committed 10240K, reserved 1048576K
}
Event: 303.031 GC heap before
{Heap before GC invocations=17 (full 4):
 PSYoungGen      total 136704K, used 116224K [0x00000000f5580000, 0x00000000ff000000, 0x0000000100000000)
  eden space 116224K, 100% used [0x00000000f5580000,0x00000000fc700000,0x00000000fc700000)
  from space 20480K, 0% used [0x00000000fdc00000,0x00000000fdc00000,0x00000000ff000000)
  to   space 20992K, 0% used [0x00000000fc700000,0x00000000fc700000,0x00000000fdb80000)
 ParOldGen       total 86528K, used 53002K [0x00000000e0000000, 0x00000000e5480000, 0x00000000f5580000)
  object space 86528K, 61% used [0x00000000e0000000,0x00000000e33c2b88,0x00000000e5480000)
 Metaspace       used 74807K, capacity 80584K, committed 80728K, reserved 1118208K
  class space    used 9296K, capacity 11106K, committed 11136K, reserved 1048576K
Event: 303.042 GC heap after
Heap after GC invocations=17 (full 4):
 PSYoungGen      total 137216K, used 11810K [0x00000000f5580000, 0x00000000ffe80000, 0x0000000100000000)
  eden space 116224K, 0% used [0x00000000f5580000,0x00000000f5580000,0x00000000fc700000)
  from space 20992K, 56% used [0x00000000fc700000,0x00000000fd288a00,0x00000000fdb80000)
  to   space 19968K, 0% used [0x00000000feb00000,0x00000000feb00000,0x00000000ffe80000)
 ParOldGen       total 86528K, used 53010K [0x00000000e0000000, 0x00000000e5480000, 0x00000000f5580000)
  object space 86528K, 61% used [0x00000000e0000000,0x00000000e33c4b88,0x00000000e5480000)
 Metaspace       used 74807K, capacity 80584K, committed 80728K, reserved 1118208K
  class space    used 9296K, capacity 11106K, committed 11136K, reserved 1048576K
}
Event: 500.764 GC heap before
{Heap before GC invocations=18 (full 4):
 PSYoungGen      total 137216K, used 128034K [0x00000000f5580000, 0x00000000ffe80000, 0x0000000100000000)
  eden space 116224K, 100% used [0x00000000f5580000,0x00000000fc700000,0x00000000fc700000)
  from space 20992K, 56% used [0x00000000fc700000,0x00000000fd288a00,0x00000000fdb80000)
  to   space 19968K, 0% used [0x00000000feb00000,0x00000000feb00000,0x00000000ffe80000)
 ParOldGen       total 86528K, used 53010K [0x00000000e0000000, 0x00000000e5480000, 0x00000000f5580000)
  object space 86528K, 61% used [0x00000000e0000000,0x00000000e33c4b88,0x00000000e5480000)
 Metaspace       used 75917K, capacity 81640K, committed 81880K, reserved 1120256K
  class space    used 9360K, capacity 11202K, committed 11264K, reserved 1048576K
Event: 500.771 GC heap after
Heap after GC invocations=18 (full 4):
 PSYoungGen      total 152064K, used 2311K [0x00000000f5580000, 0x0000000100000000, 0x0000000100000000)
  eden space 132096K, 0% used [0x00000000f5580000,0x00000000f5580000,0x00000000fd680000)
  from space 19968K, 11% used [0x00000000feb00000,0x00000000fed41e18,0x00000000ffe80000)
  to   space 20992K, 0% used [0x00000000fd680000,0x00000000fd680000,0x00000000feb00000)
 ParOldGen       total 86528K, used 58184K [0x00000000e0000000, 0x00000000e5480000, 0x00000000f5580000)
  object space 86528K, 67% used [0x00000000e0000000,0x00000000e38d2238,0x00000000e5480000)
 Metaspace       used 75917K, capacity 81640K, committed 81880K, reserved 1120256K
  class space    used 9360K, capacity 11202K, committed 11264K, reserved 1048576K
}
Event: 546.515 GC heap before
{Heap before GC invocations=19 (full 4):
 PSYoungGen      total 152064K, used 134407K [0x00000000f5580000, 0x0000000100000000, 0x0000000100000000)
  eden space 132096K, 100% used [0x00000000f5580000,0x00000000fd680000,0x00000000fd680000)
  from space 19968K, 11% used [0x00000000feb00000,0x00000000fed41e18,0x00000000ffe80000)
  to   space 20992K, 0% used [0x00000000fd680000,0x00000000fd680000,0x00000000feb00000)
 ParOldGen       total 86528K, used 58184K [0x00000000e0000000, 0x00000000e5480000, 0x00000000f5580000)
  object space 86528K, 67% used [0x00000000e0000000,0x00000000e38d2238,0x00000000e5480000)
 Metaspace       used 77591K, capacity 83506K, committed 83672K, reserved 1122304K
  class space    used 9515K, capacity 11428K, committed 11520K, reserved 1048576K
Event: 546.523 GC heap after
Heap after GC invocations=19 (full 4):
 PSYoungGen      total 153088K, used 6118K [0x00000000f5580000, 0x0000000100000000, 0x0000000100000000)
  eden space 132096K, 0% used [0x00000000f5580000,0x00000000f5580000,0x00000000fd680000)
  from space 20992K, 29% used [0x00000000fd680000,0x00000000fdc79828,0x00000000feb00000)
  to   space 20480K, 0% used [0x00000000fec00000,0x00000000fec00000,0x0000000100000000)
 ParOldGen       total 86528K, used 59640K [0x00000000e0000000, 0x00000000e5480000, 0x00000000f5580000)
  object space 86528K, 68% used [0x00000000e0000000,0x00000000e3a3e140,0x00000000e5480000)
 Metaspace       used 77591K, capacity 83506K, committed 83672K, reserved 1122304K
  class space    used 9515K, capacity 11428K, committed 11520K, reserved 1048576K
}
Event: 618.972 GC heap before
{Heap before GC invocations=20 (full 4):
 PSYoungGen      total 153088K, used 138214K [0x00000000f5580000, 0x0000000100000000, 0x0000000100000000)
  eden space 132096K, 100% used [0x00000000f5580000,0x00000000fd680000,0x00000000fd680000)
  from space 20992K, 29% used [0x00000000fd680000,0x00000000fdc79828,0x00000000feb00000)
  to   space 20480K, 0% used [0x00000000fec00000,0x00000000fec00000,0x0000000100000000)
 ParOldGen       total 86528K, used 59640K [0x00000000e0000000, 0x00000000e5480000, 0x00000000f5580000)
  object space 86528K, 68% used [0x00000000e0000000,0x00000000e3a3e140,0x00000000e5480000)
 Metaspace       used 78527K, capacity 84744K, committed 84952K, reserved 1122304K
  class space    used 9554K, capacity 11499K, committed 11520K, reserved 1048576K
Event: 618.979 GC heap after
Heap after GC invocations=20 (full 4):
 PSYoungGen      total 152064K, used 7612K [0x00000000f5580000, 0x00000000ffe80000, 0x0000000100000000)
  eden space 133120K, 0% used [0x00000000f5580000,0x00000000f5580000,0x00000000fd780000)
  from space 18944K, 40% used [0x00000000fec00000,0x00000000ff36f228,0x00000000ffe80000)
  to   space 19968K, 0% used [0x00000000fd780000,0x00000000fd780000,0x00000000feb00000)
 ParOldGen       total 86528K, used 59648K [0x00000000e0000000, 0x00000000e5480000, 0x00000000f5580000)
  object space 86528K, 68% used [0x00000000e0000000,0x00000000e3a40140,0x00000000e5480000)
 Metaspace       used 78527K, capacity 84744K, committed 84952K, reserved 1122304K
  class space    used 9554K, capacity 11499K, committed 11520K, reserved 1048576K
}

