# JRE version: Java(TM) SE Runtime Environment (8.0_25-b18) (build 1.8.0_25-b18)
# Java VM: Java HotSpot(TM) 64-Bit Server VM (25.25-b02 mixed mode windows-amd64 compressed oops)
Heap:
 PSYoungGen      total 147456K, used 88401K [0x00000000f5580000, 0x00000000ffe80000, 0x0000000100000000)
  eden space 122880K, 66% used [0x00000000f5580000,0x00000000fa5660b8,0x00000000fcd80000)
  from space 24576K, 26% used [0x00000000fe680000,0x00000000fecee448,0x00000000ffe80000)
  to   space 25088K, 0% used [0x00000000fcd80000,0x00000000fcd80000,0x00000000fe600000)
 ParOldGen       total 88064K, used 64117K [0x00000000e0000000, 0x00000000e5600000, 0x00000000f5580000)
  object space 88064K, 72% used [0x00000000e0000000,0x00000000e3e9d6c8,0x00000000e5600000)
 Metaspace       used 79902K, capacity 86092K, committed 86232K, reserved 1124352K
  class space    used 9688K, capacity 11666K, committed 11736K, reserved 1048576K
GC Heap History (10 events):
Event: 22.629 GC heap before
{Heap before GC invocations=15 (full 3):
 PSYoungGen      total 100352K, used 95242K [0x00000000f5580000, 0x00000000ff080000, 0x0000000100000000)
  eden space 79872K, 100% used [0x00000000f5580000,0x00000000fa380000,0x00000000fa380000)
  from space 20480K, 75% used [0x00000000fa380000,0x00000000fb282820,0x00000000fb780000)
  to   space 21504K, 0% used [0x00000000fdb80000,0x00000000fdb80000,0x00000000ff080000)
 ParOldGen       total 88064K, used 34578K [0x00000000e0000000, 0x00000000e5600000, 0x00000000f5580000)
  object space 88064K, 39% used [0x00000000e0000000,0x00000000e21c4ac8,0x00000000e5600000)
 Metaspace       used 70079K, capacity 75702K, committed 75864K, reserved 1114112K
  class space    used 8734K, capacity 10548K, committed 10584K, reserved 1048576K
Event: 22.649 GC heap after
Heap after GC invocations=15 (full 3):
 PSYoungGen      total 132096K, used 21491K [0x00000000f5580000, 0x00000000ff780000, 0x0000000100000000)
  eden space 110592K, 0% used [0x00000000f5580000,0x00000000f5580000,0x00000000fc180000)
  from space 21504K, 99% used [0x00000000fdb80000,0x00000000ff07cd48,0x00000000ff080000)
  to   space 26624K, 0% used [0x00000000fc180000,0x00000000fc180000,0x00000000fdb80000)
 ParOldGen       total 88064K, used 40920K [0x00000000e0000000, 0x00000000e5600000, 0x00000000f5580000)
  object space 88064K, 46% used [0x00000000e0000000,0x00000000e27f63e8,0x00000000e5600000)
 Metaspace       used 70079K, capacity 75702K, committed 75864K, reserved 1114112K
  class space    used 8734K, capacity 10548K, committed 10584K, reserved 1048576K
}
Event: 69.095 GC heap before
{Heap before GC invocations=16 (full 3):
 PSYoungGen      total 132096K, used 132083K [0x00000000f5580000, 0x00000000ff780000, 0x0000000100000000)
  eden space 110592K, 100% used [0x00000000f5580000,0x00000000fc180000,0x00000000fc180000)
  from space 21504K, 99% used [0x00000000fdb80000,0x00000000ff07cd48,0x00000000ff080000)
  to   space 26624K, 0% used [0x00000000fc180000,0x00000000fc180000,0x00000000fdb80000)
 ParOldGen       total 88064K, used 40920K [0x00000000e0000000, 0x00000000e5600000, 0x00000000f5580000)
  object space 88064K, 46% used [0x00000000e0000000,0x00000000e27f63e8,0x00000000e5600000)
 Metaspace       used 74690K, capacity 80262K, committed 80472K, reserved 1118208K
  class space    used 9244K, capacity 11064K, committed 11096K, reserved 1048576K
Event: 69.113 GC heap after
Heap after GC invocations=16 (full 3):
 PSYoungGen      total 137216K, used 11904K [0x00000000f5580000, 0x0000000100000000, 0x0000000100000000)
  eden space 110592K, 0% used [0x00000000f5580000,0x00000000f5580000,0x00000000fc180000)
  from space 26624K, 44% used [0x00000000fc180000,0x00000000fcd20390,0x00000000fdb80000)
  to   space 25600K, 0% used [0x00000000fe700000,0x00000000fe700000,0x0000000100000000)
 ParOldGen       total 88064K, used 56171K [0x00000000e0000000, 0x00000000e5600000, 0x00000000f5580000)
  object space 88064K, 63% used [0x00000000e0000000,0x00000000e36dacb0,0x00000000e5600000)
 Metaspace       used 74690K, capacity 80262K, committed 80472K, reserved 1118208K
  class space    used 9244K, capacity 11064K, committed 11096K, reserved 1048576K
}
Event: 149.493 GC heap before
{Heap before GC invocations=17 (full 3):
 PSYoungGen      total 137216K, used 122496K [0x00000000f5580000, 0x0000000100000000, 0x0000000100000000)
  eden space 110592K, 100% used [0x00000000f5580000,0x00000000fc180000,0x00000000fc180000)
  from space 26624K, 44% used [0x00000000fc180000,0x00000000fcd20390,0x00000000fdb80000)
  to   space 25600K, 0% used [0x00000000fe700000,0x00000000fe700000,0x0000000100000000)
 ParOldGen       total 88064K, used 56171K [0x00000000e0000000, 0x00000000e5600000, 0x00000000f5580000)
  object space 88064K, 63% used [0x00000000e0000000,0x00000000e36dacb0,0x00000000e5600000)
 Metaspace       used 76160K, capacity 81582K, committed 81880K, reserved 1120256K
  class space    used 9365K, capacity 11160K, committed 11224K, reserved 1048576K
Event: 149.501 GC heap after
Heap after GC invocations=17 (full 3):
 PSYoungGen      total 147968K, used 1950K [0x00000000f5580000, 0x0000000100000000, 0x0000000100000000)
  eden space 122368K, 0% used [0x00000000f5580000,0x00000000f5580000,0x00000000fcd00000)
  from space 25600K, 7% used [0x00000000fe700000,0x00000000fe8e7960,0x0000000100000000)
  to   space 26112K, 0% used [0x00000000fcd00000,0x00000000fcd00000,0x00000000fe680000)
 ParOldGen       total 88064K, used 63614K [0x00000000e0000000, 0x00000000e5600000, 0x00000000f5580000)
  object space 88064K, 72% used [0x00000000e0000000,0x00000000e3e1f988,0x00000000e5600000)
 Metaspace       used 76160K, capacity 81582K, committed 81880K, reserved 1120256K
  class space    used 9365K, capacity 11160K, committed 11224K, reserved 1048576K
}
Event: 243.237 GC heap before
{Heap before GC invocations=18 (full 3):
 PSYoungGen      total 147968K, used 124318K [0x00000000f5580000, 0x0000000100000000, 0x0000000100000000)
  eden space 122368K, 100% used [0x00000000f5580000,0x00000000fcd00000,0x00000000fcd00000)
  from space 25600K, 7% used [0x00000000fe700000,0x00000000fe8e7960,0x0000000100000000)
  to   space 26112K, 0% used [0x00000000fcd00000,0x00000000fcd00000,0x00000000fe680000)
 ParOldGen       total 88064K, used 63614K [0x00000000e0000000, 0x00000000e5600000, 0x00000000f5580000)
  object space 88064K, 72% used [0x00000000e0000000,0x00000000e3e1f988,0x00000000e5600000)
 Metaspace       used 76918K, capacity 82506K, committed 82776K, reserved 1120256K
  class space    used 9426K, capacity 11236K, committed 11352K, reserved 1048576K
Event: 243.242 GC heap after
Heap after GC invocations=18 (full 3):
 PSYoungGen      total 148480K, used 4664K [0x00000000f5580000, 0x00000000fff80000, 0x0000000100000000)
  eden space 122368K, 0% used [0x00000000f5580000,0x00000000f5580000,0x00000000fcd00000)
  from space 26112K, 17% used [0x00000000fcd00000,0x00000000fd18e000,0x00000000fe680000)
  to   space 25600K, 0% used [0x00000000fe680000,0x00000000fe680000,0x00000000fff80000)
 ParOldGen       total 88064K, used 64109K [0x00000000e0000000, 0x00000000e5600000, 0x00000000f5580000)
  object space 88064K, 72% used [0x00000000e0000000,0x00000000e3e9b6c8,0x00000000e5600000)
 Metaspace       used 76918K, capacity 82506K, committed 82776K, reserved 1120256K
  class space    used 9426K, capacity 11236K, committed 11352K, reserved 1048576K
}
Event: 294.410 GC heap before
{Heap before GC invocations=19 (full 3):
 PSYoungGen      total 148480K, used 127032K [0x00000000f5580000, 0x00000000fff80000, 0x0000000100000000)
  eden space 122368K, 100% used [0x00000000f5580000,0x00000000fcd00000,0x00000000fcd00000)
  from space 26112K, 17% used [0x00000000fcd00000,0x00000000fd18e000,0x00000000fe680000)
  to   space 25600K, 0% used [0x00000000fe680000,0x00000000fe680000,0x00000000fff80000)
 ParOldGen       total 88064K, used 64109K [0x00000000e0000000, 0x00000000e5600000, 0x00000000f5580000)
  object space 88064K, 72% used [0x00000000e0000000,0x00000000e3e9b6c8,0x00000000e5600000)
 Metaspace       used 78343K, capacity 84490K, committed 84696K, reserved 1122304K
  class space    used 9536K, capacity 11437K, committed 11480K, reserved 1048576K
Event: 294.418 GC heap after
Heap after GC invocations=19 (full 3):
 PSYoungGen      total 147456K, used 6585K [0x00000000f5580000, 0x00000000ffe80000, 0x0000000100000000)
  eden space 122880K, 0% used [0x00000000f5580000,0x00000000f5580000,0x00000000fcd80000)
  from space 24576K, 26% used [0x00000000fe680000,0x00000000fecee448,0x00000000ffe80000)
  to   space 25088K, 0% used [0x00000000fcd80000,0x00000000fcd80000,0x00000000fe600000)
 ParOldGen       total 88064K, used 64117K [0x00000000e0000000, 0x00000000e5600000, 0x00000000f5580000)
  object space 88064K, 72% used [0x00000000e0000000,0x00000000e3e9d6c8,0x00000000e5600000)
 Metaspace       used 78343K, capacity 84490K, committed 84696K, reserved 1122304K
  class space    used 9536K, capacity 11437K, committed 11480K, reserved 1048576K
}

