# JRE version: Java(TM) SE Runtime Environment (8.0_25-b18) (build 1.8.0_25-b18)
# Java VM: Java HotSpot(TM) 64-Bit Server VM (25.25-b02 mixed mode windows-amd64 compressed oops)
Heap:
 PSYoungGen      total 116224K, used 45670K [0x00000000f5580000, 0x00000000fc800000, 0x0000000100000000)
  eden space 115200K, 39% used [0x00000000f5580000,0x00000000f8219a18,0x00000000fc600000)
  from space 1024K, 0% used [0x00000000fc600000,0x00000000fc600000,0x00000000fc700000)
  to   space 1024K, 0% used [0x00000000fc700000,0x00000000fc700000,0x00000000fc800000)
 ParOldGen       total 86016K, used 34182K [0x00000000e0000000, 0x00000000e5400000, 0x00000000f5580000)
  object space 86016K, 39% used [0x00000000e0000000,0x00000000e2161a50,0x00000000e5400000)
 Metaspace       used 70685K, capacity 76060K, committed 76196K, reserved 1116160K
  class space    used 8669K, capacity 10369K, committed 10404K, reserved 1048576K
GC Heap History (10 events):
Event: 19110.417 GC heap before
{Heap before GC invocations=650 (full 321):
 PSYoungGen      total 116224K, used 160K [0x00000000f5580000, 0x00000000fc800000, 0x0000000100000000)
  eden space 115200K, 0% used [0x00000000f5580000,0x00000000f5580000,0x00000000fc600000)
  from space 1024K, 15% used [0x00000000fc600000,0x00000000fc628000,0x00000000fc700000)
  to   space 1024K, 0% used [0x00000000fc700000,0x00000000fc700000,0x00000000fc800000)
 ParOldGen       total 86016K, used 34059K [0x00000000e0000000, 0x00000000e5400000, 0x00000000f5580000)
  object space 86016K, 39% used [0x00000000e0000000,0x00000000e2142d48,0x00000000e5400000)
 Metaspace       used 69125K, capacity 74628K, committed 75044K, reserved 1114112K
  class space    used 8488K, capacity 10172K, committed 10276K, reserved 1048576K
Event: 19110.514 GC heap after
Heap after GC invocations=650 (full 321):
 PSYoungGen      total 116224K, used 0K [0x00000000f5580000, 0x00000000fc800000, 0x0000000100000000)
  eden space 115200K, 0% used [0x00000000f5580000,0x00000000f5580000,0x00000000fc600000)
  from space 1024K, 0% used [0x00000000fc600000,0x00000000fc600000,0x00000000fc700000)
  to   space 1024K, 0% used [0x00000000fc700000,0x00000000fc700000,0x00000000fc800000)
 ParOldGen       total 86016K, used 34059K [0x00000000e0000000, 0x00000000e5400000, 0x00000000f5580000)
  object space 86016K, 39% used [0x00000000e0000000,0x00000000e2142d48,0x00000000e5400000)
 Metaspace       used 69125K, capacity 74628K, committed 75044K, reserved 1114112K
  class space    used 8488K, capacity 10172K, committed 10276K, reserved 1048576K
}
Event: 19170.429 GC heap before
{Heap before GC invocations=651 (full 321):
 PSYoungGen      total 116224K, used 4056K [0x00000000f5580000, 0x00000000fc800000, 0x0000000100000000)
  eden space 115200K, 3% used [0x00000000f5580000,0x00000000f5976170,0x00000000fc600000)
  from space 1024K, 0% used [0x00000000fc600000,0x00000000fc600000,0x00000000fc700000)
  to   space 1024K, 0% used [0x00000000fc700000,0x00000000fc700000,0x00000000fc800000)
 ParOldGen       total 86016K, used 34059K [0x00000000e0000000, 0x00000000e5400000, 0x00000000f5580000)
  object space 86016K, 39% used [0x00000000e0000000,0x00000000e2142d48,0x00000000e5400000)
 Metaspace       used 69125K, capacity 74628K, committed 75044K, reserved 1114112K
  class space    used 8488K, capacity 10172K, committed 10276K, reserved 1048576K
Event: 19170.431 GC heap after
Heap after GC invocations=651 (full 321):
 PSYoungGen      total 116224K, used 192K [0x00000000f5580000, 0x00000000fc800000, 0x0000000100000000)
  eden space 115200K, 0% used [0x00000000f5580000,0x00000000f5580000,0x00000000fc600000)
  from space 1024K, 18% used [0x00000000fc700000,0x00000000fc730000,0x00000000fc800000)
  to   space 1024K, 0% used [0x00000000fc600000,0x00000000fc600000,0x00000000fc700000)
 ParOldGen       total 86016K, used 34059K [0x00000000e0000000, 0x00000000e5400000, 0x00000000f5580000)
  object space 86016K, 39% used [0x00000000e0000000,0x00000000e2142d48,0x00000000e5400000)
 Metaspace       used 69125K, capacity 74628K, committed 75044K, reserved 1114112K
  class space    used 8488K, capacity 10172K, committed 10276K, reserved 1048576K
}
Event: 19170.431 GC heap before
{Heap before GC invocations=652 (full 322):
 PSYoungGen      total 116224K, used 192K [0x00000000f5580000, 0x00000000fc800000, 0x0000000100000000)
  eden space 115200K, 0% used [0x00000000f5580000,0x00000000f5580000,0x00000000fc600000)
  from space 1024K, 18% used [0x00000000fc700000,0x00000000fc730000,0x00000000fc800000)
  to   space 1024K, 0% used [0x00000000fc600000,0x00000000fc600000,0x00000000fc700000)
 ParOldGen       total 86016K, used 34059K [0x00000000e0000000, 0x00000000e5400000, 0x00000000f5580000)
  object space 86016K, 39% used [0x00000000e0000000,0x00000000e2142d48,0x00000000e5400000)
 Metaspace       used 69125K, capacity 74628K, committed 75044K, reserved 1114112K
  class space    used 8488K, capacity 10172K, committed 10276K, reserved 1048576K
Event: 19170.521 GC heap after
Heap after GC invocations=652 (full 322):
 PSYoungGen      total 116224K, used 0K [0x00000000f5580000, 0x00000000fc800000, 0x0000000100000000)
  eden space 115200K, 0% used [0x00000000f5580000,0x00000000f5580000,0x00000000fc600000)
  from space 1024K, 0% used [0x00000000fc700000,0x00000000fc700000,0x00000000fc800000)
  to   space 1024K, 0% used [0x00000000fc600000,0x00000000fc600000,0x00000000fc700000)
 ParOldGen       total 86016K, used 34059K [0x00000000e0000000, 0x00000000e5400000, 0x00000000f5580000)
  object space 86016K, 39% used [0x00000000e0000000,0x00000000e2142d48,0x00000000e5400000)
 Metaspace       used 69125K, capacity 74628K, committed 75044K, reserved 1114112K
  class space    used 8488K, capacity 10172K, committed 10276K, reserved 1048576K
}
Event: 19230.443 GC heap before
{Heap before GC invocations=653 (full 322):
 PSYoungGen      total 116224K, used 11914K [0x00000000f5580000, 0x00000000fc800000, 0x0000000100000000)
  eden space 115200K, 10% used [0x00000000f5580000,0x00000000f61229b0,0x00000000fc600000)
  from space 1024K, 0% used [0x00000000fc700000,0x00000000fc700000,0x00000000fc800000)
  to   space 1024K, 0% used [0x00000000fc600000,0x00000000fc600000,0x00000000fc700000)
 ParOldGen       total 86016K, used 34059K [0x00000000e0000000, 0x00000000e5400000, 0x00000000f5580000)
  object space 86016K, 39% used [0x00000000e0000000,0x00000000e2142d48,0x00000000e5400000)
 Metaspace       used 69129K, capacity 74628K, committed 75044K, reserved 1114112K
  class space    used 8488K, capacity 10172K, committed 10276K, reserved 1048576K
Event: 19230.446 GC heap after
Heap after GC invocations=653 (full 322):
 PSYoungGen      total 116224K, used 767K [0x00000000f5580000, 0x00000000fc800000, 0x0000000100000000)
  eden space 115200K, 0% used [0x00000000f5580000,0x00000000f5580000,0x00000000fc600000)
  from space 1024K, 74% used [0x00000000fc600000,0x00000000fc6bfce8,0x00000000fc700000)
  to   space 1024K, 0% used [0x00000000fc700000,0x00000000fc700000,0x00000000fc800000)
 ParOldGen       total 86016K, used 34059K [0x00000000e0000000, 0x00000000e5400000, 0x00000000f5580000)
  object space 86016K, 39% used [0x00000000e0000000,0x00000000e2142d48,0x00000000e5400000)
 Metaspace       used 69129K, capacity 74628K, committed 75044K, reserved 1114112K
  class space    used 8488K, capacity 10172K, committed 10276K, reserved 1048576K
}
Event: 19230.446 GC heap before
{Heap before GC invocations=654 (full 323):
 PSYoungGen      total 116224K, used 767K [0x00000000f5580000, 0x00000000fc800000, 0x0000000100000000)
  eden space 115200K, 0% used [0x00000000f5580000,0x00000000f5580000,0x00000000fc600000)
  from space 1024K, 74% used [0x00000000fc600000,0x00000000fc6bfce8,0x00000000fc700000)
  to   space 1024K, 0% used [0x00000000fc700000,0x00000000fc700000,0x00000000fc800000)
 ParOldGen       total 86016K, used 34059K [0x00000000e0000000, 0x00000000e5400000, 0x00000000f5580000)
  object space 86016K, 39% used [0x00000000e0000000,0x00000000e2142d48,0x00000000e5400000)
 Metaspace       used 69129K, capacity 74628K, committed 75044K, reserved 1114112K
  class space    used 8488K, capacity 10172K, committed 10276K, reserved 1048576K
Event: 19230.519 GC heap after
Heap after GC invocations=654 (full 323):
 PSYoungGen      total 116224K, used 0K [0x00000000f5580000, 0x00000000fc800000, 0x0000000100000000)
  eden space 115200K, 0% used [0x00000000f5580000,0x00000000f5580000,0x00000000fc600000)
  from space 1024K, 0% used [0x00000000fc600000,0x00000000fc600000,0x00000000fc700000)
  to   space 1024K, 0% used [0x00000000fc700000,0x00000000fc700000,0x00000000fc800000)
 ParOldGen       total 86016K, used 34182K [0x00000000e0000000, 0x00000000e5400000, 0x00000000f5580000)
  object space 86016K, 39% used [0x00000000e0000000,0x00000000e2161a50,0x00000000e5400000)
 Metaspace       used 69129K, capacity 74628K, committed 75044K, reserved 1114112K
  class space    used 8488K, capacity 10172K, committed 10276K, reserved 1048576K
}

