# JRE version: Java(TM) SE Runtime Environment (8.0_25-b18) (build 1.8.0_25-b18)
# Java VM: Java HotSpot(TM) 64-Bit Server VM (25.25-b02 mixed mode windows-amd64 compressed oops)
Heap:
 PSYoungGen      total 53760K, used 34590K [0x00000007bc400000, 0x00000007c0000000, 0x00000007c0000000)
  eden space 46080K, 60% used [0x00000007bc400000,0x00000007bdf214d8,0x00000007bf100000)
  from space 7680K, 88% used [0x00000007bf880000,0x00000007bff26708,0x00000007c0000000)
  to   space 7680K, 0% used [0x00000007bf100000,0x00000007bf100000,0x00000007bf880000)
 ParOldGen       total 94720K, used 12938K [0x0000000700000000, 0x0000000705c80000, 0x00000007bc400000)
  object space 94720K, 13% used [0x0000000700000000,0x0000000700ca2a70,0x0000000705c80000)
 Metaspace       used 29177K, capacity 29453K, committed 29824K, reserved 1075200K
  class space    used 4071K, capacity 4127K, committed 4224K, reserved 1048576K
GC Heap History (10 events):
Event: 1.778 GC heap before
{Heap before GC invocations=1 (full 0):
 PSYoungGen      total 53760K, used 46080K [0x00000007bc400000, 0x00000007c0000000, 0x00000007c0000000)
  eden space 46080K, 100% used [0x00000007bc400000,0x00000007bf100000,0x00000007bf100000)
  from space 7680K, 0% used [0x00000007bf880000,0x00000007bf880000,0x00000007c0000000)
  to   space 7680K, 0% used [0x00000007bf100000,0x00000007bf100000,0x00000007bf880000)
 ParOldGen       total 69632K, used 0K [0x0000000700000000, 0x0000000704400000, 0x00000007bc400000)
  object space 69632K, 0% used [0x0000000700000000,0x0000000700000000,0x0000000704400000)
 Metaspace       used 11368K, capacity 11524K, committed 11776K, reserved 1060864K
  class space    used 1146K, capacity 1191K, committed 1280K, reserved 1048576K
Event: 1.786 GC heap after
Heap after GC invocations=1 (full 0):
 PSYoungGen      total 53760K, used 7670K [0x00000007bc400000, 0x00000007c0000000, 0x00000007c0000000)
  eden space 46080K, 0% used [0x00000007bc400000,0x00000007bc400000,0x00000007bf100000)
  from space 7680K, 99% used [0x00000007bf100000,0x00000007bf87d820,0x00000007bf880000)
  to   space 7680K, 0% used [0x00000007bf880000,0x00000007bf880000,0x00000007c0000000)
 ParOldGen       total 69632K, used 476K [0x0000000700000000, 0x0000000704400000, 0x00000007bc400000)
  object space 69632K, 0% used [0x0000000700000000,0x0000000700077228,0x0000000704400000)
 Metaspace       used 11368K, capacity 11524K, committed 11776K, reserved 1060864K
  class space    used 1146K, capacity 1191K, committed 1280K, reserved 1048576K
}
Event: 3.051 GC heap before
{Heap before GC invocations=2 (full 0):
 PSYoungGen      total 53760K, used 53750K [0x00000007bc400000, 0x00000007c0000000, 0x00000007c0000000)
  eden space 46080K, 100% used [0x00000007bc400000,0x00000007bf100000,0x00000007bf100000)
  from space 7680K, 99% used [0x00000007bf100000,0x00000007bf87d820,0x00000007bf880000)
  to   space 7680K, 0% used [0x00000007bf880000,0x00000007bf880000,0x00000007c0000000)
 ParOldGen       total 69632K, used 476K [0x0000000700000000, 0x0000000704400000, 0x00000007bc400000)
  object space 69632K, 0% used [0x0000000700000000,0x0000000700077228,0x0000000704400000)
 Metaspace       used 19846K, capacity 20070K, committed 20480K, reserved 1067008K
  class space    used 2419K, capacity 2477K, committed 2560K, reserved 1048576K
Event: 3.064 GC heap after
Heap after GC invocations=2 (full 0):
 PSYoungGen      total 53760K, used 7649K [0x00000007bc400000, 0x00000007c0000000, 0x00000007c0000000)
  eden space 46080K, 0% used [0x00000007bc400000,0x00000007bc400000,0x00000007bf100000)
  from space 7680K, 99% used [0x00000007bf880000,0x00000007bfff8498,0x00000007c0000000)
  to   space 7680K, 0% used [0x00000007bf100000,0x00000007bf100000,0x00000007bf880000)
 ParOldGen       total 69632K, used 7321K [0x0000000700000000, 0x0000000704400000, 0x00000007bc400000)
  object space 69632K, 10% used [0x0000000700000000,0x00000007007266e0,0x0000000704400000)
 Metaspace       used 19846K, capacity 20070K, committed 20480K, reserved 1067008K
  class space    used 2419K, capacity 2477K, committed 2560K, reserved 1048576K
}
Event: 3.279 GC heap before
{Heap before GC invocations=3 (full 0):
 PSYoungGen      total 53760K, used 23991K [0x00000007bc400000, 0x00000007c0000000, 0x00000007c0000000)
  eden space 46080K, 35% used [0x00000007bc400000,0x00000007bd3f58c0,0x00000007bf100000)
  from space 7680K, 99% used [0x00000007bf880000,0x00000007bfff8498,0x00000007c0000000)
  to   space 7680K, 0% used [0x00000007bf100000,0x00000007bf100000,0x00000007bf880000)
 ParOldGen       total 69632K, used 7321K [0x0000000700000000, 0x0000000704400000, 0x00000007bc400000)
  object space 69632K, 10% used [0x0000000700000000,0x00000007007266e0,0x0000000704400000)
 Metaspace       used 20881K, capacity 21030K, committed 21296K, reserved 1069056K
  class space    used 2560K, capacity 2605K, committed 2688K, reserved 1048576K
Event: 3.286 GC heap after
Heap after GC invocations=3 (full 0):
 PSYoungGen      total 53760K, used 7660K [0x00000007bc400000, 0x00000007c0000000, 0x00000007c0000000)
  eden space 46080K, 0% used [0x00000007bc400000,0x00000007bc400000,0x00000007bf100000)
  from space 7680K, 99% used [0x00000007bf100000,0x00000007bf87b260,0x00000007bf880000)
  to   space 7680K, 0% used [0x00000007bf880000,0x00000007bf880000,0x00000007c0000000)
 ParOldGen       total 69632K, used 8062K [0x0000000700000000, 0x0000000704400000, 0x00000007bc400000)
  object space 69632K, 11% used [0x0000000700000000,0x00000007007dfa10,0x0000000704400000)
 Metaspace       used 20881K, capacity 21030K, committed 21296K, reserved 1069056K
  class space    used 2560K, capacity 2605K, committed 2688K, reserved 1048576K
}
Event: 3.286 GC heap before
{Heap before GC invocations=4 (full 1):
 PSYoungGen      total 53760K, used 7660K [0x00000007bc400000, 0x00000007c0000000, 0x00000007c0000000)
  eden space 46080K, 0% used [0x00000007bc400000,0x00000007bc400000,0x00000007bf100000)
  from space 7680K, 99% used [0x00000007bf100000,0x00000007bf87b260,0x00000007bf880000)
  to   space 7680K, 0% used [0x00000007bf880000,0x00000007bf880000,0x00000007c0000000)
 ParOldGen       total 69632K, used 8062K [0x0000000700000000, 0x0000000704400000, 0x00000007bc400000)
  object space 69632K, 11% used [0x0000000700000000,0x00000007007dfa10,0x0000000704400000)
 Metaspace       used 20881K, capacity 21030K, committed 21296K, reserved 1069056K
  class space    used 2560K, capacity 2605K, committed 2688K, reserved 1048576K
Event: 3.366 GC heap after
Heap after GC invocations=4 (full 1):
 PSYoungGen      total 53760K, used 0K [0x00000007bc400000, 0x00000007c0000000, 0x00000007c0000000)
  eden space 46080K, 0% used [0x00000007bc400000,0x00000007bc400000,0x00000007bf100000)
  from space 7680K, 0% used [0x00000007bf100000,0x00000007bf100000,0x00000007bf880000)
  to   space 7680K, 0% used [0x00000007bf880000,0x00000007bf880000,0x00000007c0000000)
 ParOldGen       total 94720K, used 12930K [0x0000000700000000, 0x0000000705c80000, 0x00000007bc400000)
  object space 94720K, 13% used [0x0000000700000000,0x0000000700ca0a70,0x0000000705c80000)
 Metaspace       used 20880K, capacity 21028K, committed 21296K, reserved 1069056K
  class space    used 2560K, capacity 2604K, committed 2688K, reserved 1048576K
}
Event: 4.130 GC heap before
{Heap before GC invocations=5 (full 1):
 PSYoungGen      total 53760K, used 46080K [0x00000007bc400000, 0x00000007c0000000, 0x00000007c0000000)
  eden space 46080K, 100% used [0x00000007bc400000,0x00000007bf100000,0x00000007bf100000)
  from space 7680K, 0% used [0x00000007bf100000,0x00000007bf100000,0x00000007bf880000)
  to   space 7680K, 0% used [0x00000007bf880000,0x00000007bf880000,0x00000007c0000000)
 ParOldGen       total 94720K, used 12930K [0x0000000700000000, 0x0000000705c80000, 0x00000007bc400000)
  object space 94720K, 13% used [0x0000000700000000,0x0000000700ca0a70,0x0000000705c80000)
 Metaspace       used 24613K, capacity 24856K, committed 25088K, reserved 1071104K
  class space    used 3188K, capacity 3257K, committed 3328K, reserved 1048576K
Event: 4.135 GC heap after
Heap after GC invocations=5 (full 1):
 PSYoungGen      total 53760K, used 6809K [0x00000007bc400000, 0x00000007c0000000, 0x00000007c0000000)
  eden space 46080K, 0% used [0x00000007bc400000,0x00000007bc400000,0x00000007bf100000)
  from space 7680K, 88% used [0x00000007bf880000,0x00000007bff26708,0x00000007c0000000)
  to   space 7680K, 0% used [0x00000007bf100000,0x00000007bf100000,0x00000007bf880000)
 ParOldGen       total 94720K, used 12938K [0x0000000700000000, 0x0000000705c80000, 0x00000007bc400000)
  object space 94720K, 13% used [0x0000000700000000,0x0000000700ca2a70,0x0000000705c80000)
 Metaspace       used 24613K, capacity 24856K, committed 25088K, reserved 1071104K
  class space    used 3188K, capacity 3257K, committed 3328K, reserved 1048576K
}

