# JRE version: Java(TM) SE Runtime Environment (8.0_25-b18) (build 1.8.0_25-b18)
# Java VM: Java HotSpot(TM) 64-Bit Server VM (25.25-b02 mixed mode windows-amd64 compressed oops)
Heap:
 PSYoungGen      total 60928K, used 9753K [0x00000000f5580000, 0x00000000fa000000, 0x0000000100000000)
  eden space 45568K, 9% used [0x00000000f5580000,0x00000000f5995e10,0x00000000f8200000)
  from space 15360K, 36% used [0x00000000f9100000,0x00000000f96708e0,0x00000000fa000000)
  to   space 15360K, 0% used [0x00000000f8200000,0x00000000f8200000,0x00000000f9100000)
 ParOldGen       total 76800K, used 30771K [0x00000000e0000000, 0x00000000e4b00000, 0x00000000f5580000)
  object space 76800K, 40% used [0x00000000e0000000,0x00000000e1e0cc30,0x00000000e4b00000)
 Metaspace       used 58275K, capacity 63010K, committed 63104K, reserved 1103872K
  class space    used 7236K, capacity 8758K, committed 8832K, reserved 1048576K
GC Heap History (10 events):
Event: 18.383 GC heap before
{Heap before GC invocations=13 (full 2):
 PSYoungGen      total 47104K, used 41136K [0x00000000f5580000, 0x00000000f9000000, 0x0000000100000000)
  eden space 34816K, 100% used [0x00000000f5580000,0x00000000f7780000,0x00000000f7780000)
  from space 12288K, 51% used [0x00000000f8380000,0x00000000f89ac058,0x00000000f8f80000)
  to   space 12288K, 0% used [0x00000000f7780000,0x00000000f7780000,0x00000000f8380000)
 ParOldGen       total 52224K, used 18258K [0x00000000e0000000, 0x00000000e3300000, 0x00000000f5580000)
  object space 52224K, 34% used [0x00000000e0000000,0x00000000e11d4b18,0x00000000e3300000)
 Metaspace       used 45398K, capacity 49472K, committed 49664K, reserved 1091584K
  class space    used 5654K, capacity 6896K, committed 6912K, reserved 1048576K
Event: 18.390 GC heap after
Heap after GC invocations=13 (full 2):
 PSYoungGen      total 47104K, used 12285K [0x00000000f5580000, 0x00000000f9880000, 0x0000000100000000)
  eden space 34816K, 0% used [0x00000000f5580000,0x00000000f5580000,0x00000000f7780000)
  from space 12288K, 99% used [0x00000000f7780000,0x00000000f837f438,0x00000000f8380000)
  to   space 13312K, 0% used [0x00000000f8b80000,0x00000000f8b80000,0x00000000f9880000)
 ParOldGen       total 52224K, used 18336K [0x00000000e0000000, 0x00000000e3300000, 0x00000000f5580000)
  object space 52224K, 35% used [0x00000000e0000000,0x00000000e11e8240,0x00000000e3300000)
 Metaspace       used 45398K, capacity 49472K, committed 49664K, reserved 1091584K
  class space    used 5654K, capacity 6896K, committed 6912K, reserved 1048576K
}
Event: 32.876 GC heap before
{Heap before GC invocations=14 (full 2):
 PSYoungGen      total 47104K, used 47101K [0x00000000f5580000, 0x00000000f9880000, 0x0000000100000000)
  eden space 34816K, 100% used [0x00000000f5580000,0x00000000f7780000,0x00000000f7780000)
  from space 12288K, 99% used [0x00000000f7780000,0x00000000f837f438,0x00000000f8380000)
  to   space 13312K, 0% used [0x00000000f8b80000,0x00000000f8b80000,0x00000000f9880000)
 ParOldGen       total 52224K, used 18336K [0x00000000e0000000, 0x00000000e3300000, 0x00000000f5580000)
  object space 52224K, 35% used [0x00000000e0000000,0x00000000e11e8240,0x00000000e3300000)
 Metaspace       used 51338K, capacity 56030K, committed 56192K, reserved 1097728K
  class space    used 6449K, capacity 7944K, committed 8064K, reserved 1048576K
Event: 32.885 GC heap after
Heap after GC invocations=14 (full 2):
 PSYoungGen      total 53248K, used 13280K [0x00000000f5580000, 0x00000000f9b80000, 0x0000000100000000)
  eden space 39936K, 0% used [0x00000000f5580000,0x00000000f5580000,0x00000000f7c80000)
  from space 13312K, 99% used [0x00000000f8b80000,0x00000000f9878190,0x00000000f9880000)
  to   space 15360K, 0% used [0x00000000f7c80000,0x00000000f7c80000,0x00000000f8b80000)
 ParOldGen       total 52224K, used 19311K [0x00000000e0000000, 0x00000000e3300000, 0x00000000f5580000)
  object space 52224K, 36% used [0x00000000e0000000,0x00000000e12dbfe8,0x00000000e3300000)
 Metaspace       used 51338K, capacity 56030K, committed 56192K, reserved 1097728K
  class space    used 6449K, capacity 7944K, committed 8064K, reserved 1048576K
}
Event: 41.914 GC heap before
{Heap before GC invocations=15 (full 2):
 PSYoungGen      total 53248K, used 33391K [0x00000000f5580000, 0x00000000f9b80000, 0x0000000100000000)
  eden space 39936K, 50% used [0x00000000f5580000,0x00000000f6923ce0,0x00000000f7c80000)
  from space 13312K, 99% used [0x00000000f8b80000,0x00000000f9878190,0x00000000f9880000)
  to   space 15360K, 0% used [0x00000000f7c80000,0x00000000f7c80000,0x00000000f8b80000)
 ParOldGen       total 52224K, used 19311K [0x00000000e0000000, 0x00000000e3300000, 0x00000000f5580000)
  object space 52224K, 36% used [0x00000000e0000000,0x00000000e12dbfe8,0x00000000e3300000)
 Metaspace       used 54278K, capacity 58984K, committed 59160K, reserved 1099776K
  class space    used 6715K, capacity 8206K, committed 8320K, reserved 1048576K
Event: 41.923 GC heap after
Heap after GC invocations=15 (full 2):
 PSYoungGen      total 55296K, used 10096K [0x00000000f5580000, 0x00000000fa000000, 0x0000000100000000)
  eden space 39936K, 0% used [0x00000000f5580000,0x00000000f5580000,0x00000000f7c80000)
  from space 15360K, 65% used [0x00000000f7c80000,0x00000000f865c330,0x00000000f8b80000)
  to   space 15360K, 0% used [0x00000000f9100000,0x00000000f9100000,0x00000000fa000000)
 ParOldGen       total 52224K, used 24224K [0x00000000e0000000, 0x00000000e3300000, 0x00000000f5580000)
  object space 52224K, 46% used [0x00000000e0000000,0x00000000e17a83f0,0x00000000e3300000)
 Metaspace       used 54278K, capacity 58984K, committed 59160K, reserved 1099776K
  class space    used 6715K, capacity 8206K, committed 8320K, reserved 1048576K
}
Event: 41.923 GC heap before
{Heap before GC invocations=16 (full 3):
 PSYoungGen      total 55296K, used 10096K [0x00000000f5580000, 0x00000000fa000000, 0x0000000100000000)
  eden space 39936K, 0% used [0x00000000f5580000,0x00000000f5580000,0x00000000f7c80000)
  from space 15360K, 65% used [0x00000000f7c80000,0x00000000f865c330,0x00000000f8b80000)
  to   space 15360K, 0% used [0x00000000f9100000,0x00000000f9100000,0x00000000fa000000)
 ParOldGen       total 52224K, used 24224K [0x00000000e0000000, 0x00000000e3300000, 0x00000000f5580000)
  object space 52224K, 46% used [0x00000000e0000000,0x00000000e17a83f0,0x00000000e3300000)
 Metaspace       used 54278K, capacity 58984K, committed 59160K, reserved 1099776K
  class space    used 6715K, capacity 8206K, committed 8320K, reserved 1048576K
Event: 42.110 GC heap after
Heap after GC invocations=16 (full 3):
 PSYoungGen      total 55296K, used 0K [0x00000000f5580000, 0x00000000fa000000, 0x0000000100000000)
  eden space 39936K, 0% used [0x00000000f5580000,0x00000000f5580000,0x00000000f7c80000)
  from space 15360K, 0% used [0x00000000f7c80000,0x00000000f7c80000,0x00000000f8b80000)
  to   space 15360K, 0% used [0x00000000f9100000,0x00000000f9100000,0x00000000fa000000)
 ParOldGen       total 76800K, used 30763K [0x00000000e0000000, 0x00000000e4b00000, 0x00000000f5580000)
  object space 76800K, 40% used [0x00000000e0000000,0x00000000e1e0ac30,0x00000000e4b00000)
 Metaspace       used 54278K, capacity 58984K, committed 59160K, reserved 1099776K
  class space    used 6715K, capacity 8206K, committed 8320K, reserved 1048576K
}
Event: 47.586 GC heap before
{Heap before GC invocations=17 (full 3):
 PSYoungGen      total 55296K, used 39936K [0x00000000f5580000, 0x00000000fa000000, 0x0000000100000000)
  eden space 39936K, 100% used [0x00000000f5580000,0x00000000f7c80000,0x00000000f7c80000)
  from space 15360K, 0% used [0x00000000f7c80000,0x00000000f7c80000,0x00000000f8b80000)
  to   space 15360K, 0% used [0x00000000f9100000,0x00000000f9100000,0x00000000fa000000)
 ParOldGen       total 76800K, used 30763K [0x00000000e0000000, 0x00000000e4b00000, 0x00000000f5580000)
  object space 76800K, 40% used [0x00000000e0000000,0x00000000e1e0ac30,0x00000000e4b00000)
 Metaspace       used 58091K, capacity 62882K, committed 63104K, reserved 1103872K
  class space    used 7219K, capacity 8758K, committed 8832K, reserved 1048576K
Event: 47.589 GC heap after
Heap after GC invocations=17 (full 3):
 PSYoungGen      total 60928K, used 5570K [0x00000000f5580000, 0x00000000fa000000, 0x0000000100000000)
  eden space 45568K, 0% used [0x00000000f5580000,0x00000000f5580000,0x00000000f8200000)
  from space 15360K, 36% used [0x00000000f9100000,0x00000000f96708e0,0x00000000fa000000)
  to   space 15360K, 0% used [0x00000000f8200000,0x00000000f8200000,0x00000000f9100000)
 ParOldGen       total 76800K, used 30771K [0x00000000e0000000, 0x00000000e4b00000, 0x00000000f5580000)
  object space 76800K, 40% used [0x00000000e0000000,0x00000000e1e0cc30,0x00000000e4b00000)
 Metaspace       used 58091K, capacity 62882K, committed 63104K, reserved 1103872K
  class space    used 7219K, capacity 8758K, committed 8832K, reserved 1048576K
}

