# JRE version: Java(TM) SE Runtime Environment (8.0_25-b18) (build 1.8.0_25-b18)
# Java VM: Java HotSpot(TM) 64-Bit Server VM (25.25-b02 mixed mode windows-amd64 compressed oops)
Heap:
 PSYoungGen      total 70144K, used 28498K [0x00000000f5580000, 0x00000000fa900000, 0x0000000100000000)
  eden space 55808K, 51% used [0x00000000f5580000,0x00000000f7154be8,0x00000000f8c00000)
  from space 14336K, 0% used [0x00000000f9b00000,0x00000000f9b00000,0x00000000fa900000)
  to   space 14848K, 0% used [0x00000000f8c00000,0x00000000f8c00000,0x00000000f9a80000)
 ParOldGen       total 101888K, used 31763K [0x00000000e0000000, 0x00000000e6380000, 0x00000000f5580000)
  object space 101888K, 31% used [0x00000000e0000000,0x00000000e1f04f00,0x00000000e6380000)
 Metaspace       used 70329K, capacity 75646K, committed 75864K, reserved 1114112K
  class space    used 8659K, capacity 10355K, committed 10368K, reserved 1048576K
GC Heap History (10 events):
Event: 782.401 GC heap before
{Heap before GC invocations=44 (full 16):
 PSYoungGen      total 71680K, used 256K [0x00000000f5580000, 0x00000000fac00000, 0x0000000100000000)
  eden space 55808K, 0% used [0x00000000f5580000,0x00000000f5580000,0x00000000f8c00000)
  from space 15872K, 1% used [0x00000000f9c80000,0x00000000f9cc0000,0x00000000fac00000)
  to   space 16384K, 0% used [0x00000000f8c00000,0x00000000f8c00000,0x00000000f9c00000)
 ParOldGen       total 101888K, used 31802K [0x00000000e0000000, 0x00000000e6380000, 0x00000000f5580000)
  object space 101888K, 31% used [0x00000000e0000000,0x00000000e1f0eba8,0x00000000e6380000)
 Metaspace       used 68967K, capacity 74348K, committed 74712K, reserved 1114112K
  class space    used 8504K, capacity 10159K, committed 10240K, reserved 1048576K
Event: 782.534 GC heap after
Heap after GC invocations=44 (full 16):
 PSYoungGen      total 71680K, used 0K [0x00000000f5580000, 0x00000000fac00000, 0x0000000100000000)
  eden space 55808K, 0% used [0x00000000f5580000,0x00000000f5580000,0x00000000f8c00000)
  from space 15872K, 0% used [0x00000000f9c80000,0x00000000f9c80000,0x00000000fac00000)
  to   space 16384K, 0% used [0x00000000f8c00000,0x00000000f8c00000,0x00000000f9c00000)
 ParOldGen       total 101888K, used 31763K [0x00000000e0000000, 0x00000000e6380000, 0x00000000f5580000)
  object space 101888K, 31% used [0x00000000e0000000,0x00000000e1f04e28,0x00000000e6380000)
 Metaspace       used 68967K, capacity 74348K, committed 74712K, reserved 1114112K
  class space    used 8504K, capacity 10159K, committed 10240K, reserved 1048576K
}
Event: 842.394 GC heap before
{Heap before GC invocations=45 (full 16):
 PSYoungGen      total 71680K, used 3567K [0x00000000f5580000, 0x00000000fac00000, 0x0000000100000000)
  eden space 55808K, 6% used [0x00000000f5580000,0x00000000f58fbc88,0x00000000f8c00000)
  from space 15872K, 0% used [0x00000000f9c80000,0x00000000f9c80000,0x00000000fac00000)
  to   space 16384K, 0% used [0x00000000f8c00000,0x00000000f8c00000,0x00000000f9c00000)
 ParOldGen       total 101888K, used 31763K [0x00000000e0000000, 0x00000000e6380000, 0x00000000f5580000)
  object space 101888K, 31% used [0x00000000e0000000,0x00000000e1f04e28,0x00000000e6380000)
 Metaspace       used 68980K, capacity 74348K, committed 74712K, reserved 1114112K
  class space    used 8504K, capacity 10159K, committed 10240K, reserved 1048576K
Event: 842.401 GC heap after
Heap after GC invocations=45 (full 16):
 PSYoungGen      total 56320K, used 224K [0x00000000f5580000, 0x00000000faa00000, 0x0000000100000000)
  eden space 55808K, 0% used [0x00000000f5580000,0x00000000f5580000,0x00000000f8c00000)
  from space 512K, 43% used [0x00000000f8c00000,0x00000000f8c38000,0x00000000f8c80000)
  to   space 15360K, 0% used [0x00000000f9b00000,0x00000000f9b00000,0x00000000faa00000)
 ParOldGen       total 101888K, used 31771K [0x00000000e0000000, 0x00000000e6380000, 0x00000000f5580000)
  object space 101888K, 31% used [0x00000000e0000000,0x00000000e1f06e28,0x00000000e6380000)
 Metaspace       used 68980K, capacity 74348K, committed 74712K, reserved 1114112K
  class space    used 8504K, capacity 10159K, committed 10240K, reserved 1048576K
}
Event: 842.401 GC heap before
{Heap before GC invocations=46 (full 17):
 PSYoungGen      total 56320K, used 224K [0x00000000f5580000, 0x00000000faa00000, 0x0000000100000000)
  eden space 55808K, 0% used [0x00000000f5580000,0x00000000f5580000,0x00000000f8c00000)
  from space 512K, 43% used [0x00000000f8c00000,0x00000000f8c38000,0x00000000f8c80000)
  to   space 15360K, 0% used [0x00000000f9b00000,0x00000000f9b00000,0x00000000faa00000)
 ParOldGen       total 101888K, used 31771K [0x00000000e0000000, 0x00000000e6380000, 0x00000000f5580000)
  object space 101888K, 31% used [0x00000000e0000000,0x00000000e1f06e28,0x00000000e6380000)
 Metaspace       used 68980K, capacity 74348K, committed 74712K, reserved 1114112K
  class space    used 8504K, capacity 10159K, committed 10240K, reserved 1048576K
Event: 842.509 GC heap after
Heap after GC invocations=46 (full 17):
 PSYoungGen      total 56320K, used 0K [0x00000000f5580000, 0x00000000faa00000, 0x0000000100000000)
  eden space 55808K, 0% used [0x00000000f5580000,0x00000000f5580000,0x00000000f8c00000)
  from space 512K, 0% used [0x00000000f8c00000,0x00000000f8c00000,0x00000000f8c80000)
  to   space 15360K, 0% used [0x00000000f9b00000,0x00000000f9b00000,0x00000000faa00000)
 ParOldGen       total 101888K, used 31763K [0x00000000e0000000, 0x00000000e6380000, 0x00000000f5580000)
  object space 101888K, 31% used [0x00000000e0000000,0x00000000e1f04f00,0x00000000e6380000)
 Metaspace       used 68980K, capacity 74348K, committed 74712K, reserved 1114112K
  class space    used 8504K, capacity 10159K, committed 10240K, reserved 1048576K
}
Event: 902.410 GC heap before
{Heap before GC invocations=47 (full 17):
 PSYoungGen      total 56320K, used 3611K [0x00000000f5580000, 0x00000000faa00000, 0x0000000100000000)
  eden space 55808K, 6% used [0x00000000f5580000,0x00000000f5906e80,0x00000000f8c00000)
  from space 512K, 0% used [0x00000000f8c00000,0x00000000f8c00000,0x00000000f8c80000)
  to   space 15360K, 0% used [0x00000000f9b00000,0x00000000f9b00000,0x00000000faa00000)
 ParOldGen       total 101888K, used 31763K [0x00000000e0000000, 0x00000000e6380000, 0x00000000f5580000)
  object space 101888K, 31% used [0x00000000e0000000,0x00000000e1f04f00,0x00000000e6380000)
 Metaspace       used 68981K, capacity 74348K, committed 74712K, reserved 1114112K
  class space    used 8504K, capacity 10159K, committed 10240K, reserved 1048576K
Event: 902.416 GC heap after
Heap after GC invocations=47 (full 17):
 PSYoungGen      total 70144K, used 320K [0x00000000f5580000, 0x00000000fa900000, 0x0000000100000000)
  eden space 55808K, 0% used [0x00000000f5580000,0x00000000f5580000,0x00000000f8c00000)
  from space 14336K, 2% used [0x00000000f9b00000,0x00000000f9b50000,0x00000000fa900000)
  to   space 14848K, 0% used [0x00000000f8c00000,0x00000000f8c00000,0x00000000f9a80000)
 ParOldGen       total 101888K, used 31763K [0x00000000e0000000, 0x00000000e6380000, 0x00000000f5580000)
  object space 101888K, 31% used [0x00000000e0000000,0x00000000e1f04f00,0x00000000e6380000)
 Metaspace       used 68981K, capacity 74348K, committed 74712K, reserved 1114112K
  class space    used 8504K, capacity 10159K, committed 10240K, reserved 1048576K
}
Event: 902.417 GC heap before
{Heap before GC invocations=48 (full 18):
 PSYoungGen      total 70144K, used 320K [0x00000000f5580000, 0x00000000fa900000, 0x0000000100000000)
  eden space 55808K, 0% used [0x00000000f5580000,0x00000000f5580000,0x00000000f8c00000)
  from space 14336K, 2% used [0x00000000f9b00000,0x00000000f9b50000,0x00000000fa900000)
  to   space 14848K, 0% used [0x00000000f8c00000,0x00000000f8c00000,0x00000000f9a80000)
 ParOldGen       total 101888K, used 31763K [0x00000000e0000000, 0x00000000e6380000, 0x00000000f5580000)
  object space 101888K, 31% used [0x00000000e0000000,0x00000000e1f04f00,0x00000000e6380000)
 Metaspace       used 68981K, capacity 74348K, committed 74712K, reserved 1114112K
  class space    used 8504K, capacity 10159K, committed 10240K, reserved 1048576K
Event: 902.506 GC heap after
Heap after GC invocations=48 (full 18):
 PSYoungGen      total 70144K, used 0K [0x00000000f5580000, 0x00000000fa900000, 0x0000000100000000)
  eden space 55808K, 0% used [0x00000000f5580000,0x00000000f5580000,0x00000000f8c00000)
  from space 14336K, 0% used [0x00000000f9b00000,0x00000000f9b00000,0x00000000fa900000)
  to   space 14848K, 0% used [0x00000000f8c00000,0x00000000f8c00000,0x00000000f9a80000)
 ParOldGen       total 101888K, used 31763K [0x00000000e0000000, 0x00000000e6380000, 0x00000000f5580000)
  object space 101888K, 31% used [0x00000000e0000000,0x00000000e1f04f00,0x00000000e6380000)
 Metaspace       used 68981K, capacity 74348K, committed 74712K, reserved 1114112K
  class space    used 8504K, capacity 10159K, committed 10240K, reserved 1048576K
}

