# JRE version: Java(TM) SE Runtime Environment (8.0_25-b18) (build 1.8.0_25-b18)
# Java VM: Java HotSpot(TM) 64-Bit Server VM (25.25-b02 mixed mode windows-amd64 compressed oops)
Heap:
 PSYoungGen      total 65536K, used 11295K [0x00000000f5580000, 0x00000000fa980000, 0x0000000100000000)
  eden space 59392K, 9% used [0x00000000f5580000,0x00000000f5ae8f30,0x00000000f8f80000)
  from space 6144K, 93% used [0x00000000f9100000,0x00000000f969efc8,0x00000000f9700000)
  to   space 13312K, 0% used [0x00000000f9c80000,0x00000000f9c80000,0x00000000fa980000)
 ParOldGen       total 94720K, used 41432K [0x00000000e0000000, 0x00000000e5c80000, 0x00000000f5580000)
  object space 94720K, 43% used [0x00000000e0000000,0x00000000e28760d8,0x00000000e5c80000)
 Metaspace       used 87355K, capacity 93216K, committed 93736K, reserved 1130496K
  class space    used 10386K, capacity 12214K, committed 12328K, reserved 1048576K
GC Heap History (10 events):
Event: 6519.412 GC heap before
{Heap before GC invocations=113 (full 44):
 PSYoungGen      total 76288K, used 74921K [0x00000000f5580000, 0x00000000fab00000, 0x0000000100000000)
  eden space 67072K, 100% used [0x00000000f5580000,0x00000000f9700000,0x00000000f9700000)
  from space 9216K, 85% used [0x00000000fa180000,0x00000000fa92a468,0x00000000faa80000)
  to   space 10240K, 0% used [0x00000000f9700000,0x00000000f9700000,0x00000000fa100000)
 ParOldGen       total 94720K, used 41392K [0x00000000e0000000, 0x00000000e5c80000, 0x00000000f5580000)
  object space 94720K, 43% used [0x00000000e0000000,0x00000000e286c0d8,0x00000000e5c80000)
 Metaspace       used 86273K, capacity 92198K, committed 92584K, reserved 1130496K
  class space    used 10313K, capacity 12112K, committed 12200K, reserved 1048576K
Event: 6519.424 GC heap after
Heap after GC invocations=113 (full 44):
 PSYoungGen      total 75776K, used 10053K [0x00000000f5580000, 0x00000000fad80000, 0x0000000100000000)
  eden space 65536K, 0% used [0x00000000f5580000,0x00000000f5580000,0x00000000f9580000)
  from space 10240K, 98% used [0x00000000f9700000,0x00000000fa0d17f8,0x00000000fa100000)
  to   space 12288K, 0% used [0x00000000fa180000,0x00000000fa180000,0x00000000fad80000)
 ParOldGen       total 94720K, used 41400K [0x00000000e0000000, 0x00000000e5c80000, 0x00000000f5580000)
  object space 94720K, 43% used [0x00000000e0000000,0x00000000e286e0d8,0x00000000e5c80000)
 Metaspace       used 86273K, capacity 92198K, committed 92584K, reserved 1130496K
  class space    used 10313K, capacity 12112K, committed 12200K, reserved 1048576K
}
Event: 6542.235 GC heap before
{Heap before GC invocations=114 (full 44):
 PSYoungGen      total 75776K, used 75589K [0x00000000f5580000, 0x00000000fad80000, 0x0000000100000000)
  eden space 65536K, 100% used [0x00000000f5580000,0x00000000f9580000,0x00000000f9580000)
  from space 10240K, 98% used [0x00000000f9700000,0x00000000fa0d17f8,0x00000000fa100000)
  to   space 12288K, 0% used [0x00000000fa180000,0x00000000fa180000,0x00000000fad80000)
 ParOldGen       total 94720K, used 41400K [0x00000000e0000000, 0x00000000e5c80000, 0x00000000f5580000)
  object space 94720K, 43% used [0x00000000e0000000,0x00000000e286e0d8,0x00000000e5c80000)
 Metaspace       used 86534K, capacity 92492K, committed 92840K, reserved 1130496K
  class space    used 10324K, capacity 12145K, committed 12200K, reserved 1048576K
Event: 6542.243 GC heap after
Heap after GC invocations=114 (full 44):
 PSYoungGen      total 76288K, used 8055K [0x00000000f5580000, 0x00000000fae00000, 0x0000000100000000)
  eden space 64000K, 0% used [0x00000000f5580000,0x00000000f5580000,0x00000000f9400000)
  from space 12288K, 65% used [0x00000000fa180000,0x00000000fa95ddc8,0x00000000fad80000)
  to   space 13312K, 0% used [0x00000000f9400000,0x00000000f9400000,0x00000000fa100000)
 ParOldGen       total 94720K, used 41408K [0x00000000e0000000, 0x00000000e5c80000, 0x00000000f5580000)
  object space 94720K, 43% used [0x00000000e0000000,0x00000000e28700d8,0x00000000e5c80000)
 Metaspace       used 86534K, capacity 92492K, committed 92840K, reserved 1130496K
  class space    used 10324K, capacity 12145K, committed 12200K, reserved 1048576K
}
Event: 6550.845 GC heap before
{Heap before GC invocations=115 (full 44):
 PSYoungGen      total 76288K, used 72055K [0x00000000f5580000, 0x00000000fae00000, 0x0000000100000000)
  eden space 64000K, 100% used [0x00000000f5580000,0x00000000f9400000,0x00000000f9400000)
  from space 12288K, 65% used [0x00000000fa180000,0x00000000fa95ddc8,0x00000000fad80000)
  to   space 13312K, 0% used [0x00000000f9400000,0x00000000f9400000,0x00000000fa100000)
 ParOldGen       total 94720K, used 41408K [0x00000000e0000000, 0x00000000e5c80000, 0x00000000f5580000)
  object space 94720K, 43% used [0x00000000e0000000,0x00000000e28700d8,0x00000000e5c80000)
 Metaspace       used 86629K, capacity 92492K, committed 92840K, reserved 1130496K
  class space    used 10326K, capacity 12145K, committed 12200K, reserved 1048576K
Event: 6550.851 GC heap after
Heap after GC invocations=115 (full 44):
 PSYoungGen      total 69120K, used 6149K [0x00000000f5580000, 0x00000000fac80000, 0x0000000100000000)
  eden space 62464K, 0% used [0x00000000f5580000,0x00000000f5580000,0x00000000f9280000)
  from space 6656K, 92% used [0x00000000f9400000,0x00000000f9a01688,0x00000000f9a80000)
  to   space 13312K, 0% used [0x00000000f9f80000,0x00000000f9f80000,0x00000000fac80000)
 ParOldGen       total 94720K, used 41416K [0x00000000e0000000, 0x00000000e5c80000, 0x00000000f5580000)
  object space 94720K, 43% used [0x00000000e0000000,0x00000000e28720d8,0x00000000e5c80000)
 Metaspace       used 86629K, capacity 92492K, committed 92840K, reserved 1130496K
  class space    used 10326K, capacity 12145K, committed 12200K, reserved 1048576K
}
Event: 6559.380 GC heap before
{Heap before GC invocations=116 (full 44):
 PSYoungGen      total 69120K, used 68613K [0x00000000f5580000, 0x00000000fac80000, 0x0000000100000000)
  eden space 62464K, 100% used [0x00000000f5580000,0x00000000f9280000,0x00000000f9280000)
  from space 6656K, 92% used [0x00000000f9400000,0x00000000f9a01688,0x00000000f9a80000)
  to   space 13312K, 0% used [0x00000000f9f80000,0x00000000f9f80000,0x00000000fac80000)
 ParOldGen       total 94720K, used 41416K [0x00000000e0000000, 0x00000000e5c80000, 0x00000000f5580000)
  object space 94720K, 43% used [0x00000000e0000000,0x00000000e28720d8,0x00000000e5c80000)
 Metaspace       used 86743K, capacity 92626K, committed 92840K, reserved 1130496K
  class space    used 10327K, capacity 12146K, committed 12200K, reserved 1048576K
Event: 6559.385 GC heap after
Heap after GC invocations=116 (full 44):
 PSYoungGen      total 73728K, used 7942K [0x00000000f5580000, 0x00000000fac00000, 0x0000000100000000)
  eden space 60928K, 0% used [0x00000000f5580000,0x00000000f5580000,0x00000000f9100000)
  from space 12800K, 62% used [0x00000000f9f80000,0x00000000fa741988,0x00000000fac00000)
  to   space 13824K, 0% used [0x00000000f9100000,0x00000000f9100000,0x00000000f9e80000)
 ParOldGen       total 94720K, used 41424K [0x00000000e0000000, 0x00000000e5c80000, 0x00000000f5580000)
  object space 94720K, 43% used [0x00000000e0000000,0x00000000e28740d8,0x00000000e5c80000)
 Metaspace       used 86743K, capacity 92626K, committed 92840K, reserved 1130496K
  class space    used 10327K, capacity 12146K, committed 12200K, reserved 1048576K
}
Event: 6574.491 GC heap before
{Heap before GC invocations=117 (full 44):
 PSYoungGen      total 73728K, used 68870K [0x00000000f5580000, 0x00000000fac00000, 0x0000000100000000)
  eden space 60928K, 100% used [0x00000000f5580000,0x00000000f9100000,0x00000000f9100000)
  from space 12800K, 62% used [0x00000000f9f80000,0x00000000fa741988,0x00000000fac00000)
  to   space 13824K, 0% used [0x00000000f9100000,0x00000000f9100000,0x00000000f9e80000)
 ParOldGen       total 94720K, used 41424K [0x00000000e0000000, 0x00000000e5c80000, 0x00000000f5580000)
  object space 94720K, 43% used [0x00000000e0000000,0x00000000e28740d8,0x00000000e5c80000)
 Metaspace       used 87035K, capacity 92990K, committed 93352K, reserved 1130496K
  class space    used 10352K, capacity 12180K, committed 12200K, reserved 1048576K
Event: 6574.497 GC heap after
Heap after GC invocations=117 (full 44):
 PSYoungGen      total 65536K, used 5755K [0x00000000f5580000, 0x00000000fa980000, 0x0000000100000000)
  eden space 59392K, 0% used [0x00000000f5580000,0x00000000f5580000,0x00000000f8f80000)
  from space 6144K, 93% used [0x00000000f9100000,0x00000000f969efc8,0x00000000f9700000)
  to   space 13312K, 0% used [0x00000000f9c80000,0x00000000f9c80000,0x00000000fa980000)
 ParOldGen       total 94720K, used 41432K [0x00000000e0000000, 0x00000000e5c80000, 0x00000000f5580000)
  object space 94720K, 43% used [0x00000000e0000000,0x00000000e28760d8,0x00000000e5c80000)
 Metaspace       used 87035K, capacity 92990K, committed 93352K, reserved 1130496K
  class space    used 10352K, capacity 12180K, committed 12200K, reserved 1048576K
}

